#
# A fatal error has been detected by the Java Runtime Environment:
#
#  SIGSEGV (0xb) at pc=0x00007f72b0000ca7, pid=22517, tid=0x00007f72d7034700
#
# JRE version: OpenJDK Runtime Environment (8.0_172) (build 1.8.0_172-solus-b00)
# Java VM: OpenJDK 64-Bit Server VM (25.172-b00 mixed mode linux-amd64 compressed oops)
# Problematic frame:
# C  [libxshmfence.so.1+0xca7]  xshmfence_reset+0x7
#
# Failed to write core dump. Core dumps have been disabled. To enable core dumping, try "ulimit -c unlimited" before starting Java again
#
# If you would like to submit a bug report, please visit:
#   http://bugreport.java.com/bugreport/crash.jsp
# The crash happened outside the Java Virtual Machine in native code.
# See problematic frame for where to report the bug.
#

---------------  T H R E A D  ---------------

Current thread (0x00007f72d000a800):  JavaThread "main" [_thread_in_native, id=22522, stack(0x00007f72d6f34000,0x00007f72d7035000)]

siginfo: si_signo: 11 (SIGSEGV), si_code: 1 (SEGV_MAPERR), si_addr: 0x00007f72aaae6000

Registers:
RAX=0x0000000000000001, RBX=0x00007f72d033e958, RCX=0x0000000000000000, RDX=0x0000000000000000
RSP=0x00007f72d7033528, RBP=0x00007f72d033ea38, RSI=0x0000000000000000, RDI=0x00007f72aaae6000
R8 =0x0000000000000000, R9 =0x0000000000000050, R10=0x0004b27a35fffa2e, R11=0x0000000000000246
R12=0x0000000000000000, R13=0x0000000000000000, R14=0x0000000000000000, R15=0x00007f72d0194600
RIP=0x00007f72b0000ca7, EFLAGS=0x0000000000010246, CSGSFS=0x002b000000000033, ERR=0x0000000000000006
  TRAPNO=0x000000000000000e

Top of Stack: (sp=0x00007f72d7033528)
0x00007f72d7033528:   00007f72abb2edf9 00007f72d033e920
0x00007f72d7033538:   0000000000000000 0000000002c00003
0x00007f72d7033548:   00000000a4517690 00007f72d70335c0
0x00007f72d7033558:   0000000000000000 000000000000003c
0x00007f72d7033568:   00007f72d70335b0 00007f72d000a800
0x00007f72d7033578:   00007f72c1471fbf 00000000a45176b0
0x00007f72d7033588:   00007f72a8eb3109 00007f72d0a717e0
0x00007f72d7033598:   0000000000000001 0000000000000001
0x00007f72d70335a8:   00000000a4517690 00000000b2d90df0
0x00007f72d70335b8:   00007f72d7033650 00007f72d7033998
0x00007f72d70335c8:   00007f72c12cba4c 00000000a4621ae8
0x00007f72d70335d8:   0000000100061828 0000000100000ea8
0x00007f72d70335e8:   00000000a44f1d20 00000000b2d56df0
0x00007f72d70335f8:   00000000b2d56b68 00007f72d7033630
0x00007f72d7033608:   00007f72d7033630 00007f723713a310
0x00007f72d7033618:   00000000b2d56df0 000000000000000e
0x00007f72d7033628:   0000000100061828 00007f72d7033998
0x00007f72d7033638:   00007f72c12c75dc 00000000a4517690
0x00007f72d7033648:   00000000a4517630 0000000100000ea8
0x00007f72d7033658:   00007f72d7033690 00007ffd575f7d0b
0x00007f72d7033668:   0000000000000000 0000000100000001
0x00007f72d7033678:   000000000000003c 0000000000000000
0x00007f72d7033688:   000000000000003c 00007f72d70336c0
0x00007f72d7033698:   00007f72d7a2edf2 000000005a64d13c
0x00007f72d70336a8:   000000000008588e 0000000e6ea0c601
0x00007f72d70336b8:   00000000a4517630 000df07c19e7fcaf
0x00007f72d70336c8:   00007f72c12dd34f 00007f72d7033998
0x00007f72d70336d8:   00007f72c13645dc 0000000000000001
0x00007f72d70336e8:   00000000b2d8d8a0 000000000000000e
0x00007f72d70336f8:   00000000a4621ae8 00007f72d7033998
0x00007f72d7033708:   00007f72c14df14c 00007f72d7033998
0x00007f72d7033718:   00007f72c1364cec 00007ffd575f7d0b 

Instructions: (pc=0x00007f72b0000ca7)
0x00007f72b0000c87:   c0 0f b6 c0 c3 66 2e 0f 1f 84 00 00 00 00 00 66
0x00007f72b0000c97:   2e 0f 1f 84 00 00 00 00 00 b8 01 00 00 00 31 d2
0x00007f72b0000ca7:   f0 0f b1 17 c3 48 83 ec 08 48 83 c4 08 c3 00 00
0x00007f72b0000cb7:   00 00 00 00 00 00 00 00 00 78 73 68 6d 66 65 6e 

Register to memory mapping:

RAX=0x0000000000000001 is an unknown value
RBX=0x00007f72d033e958 is an unknown value
RCX=0x0000000000000000 is an unknown value
RDX=0x0000000000000000 is an unknown value
RSP=0x00007f72d7033528 is pointing into the stack for thread: 0x00007f72d000a800
RBP=0x00007f72d033ea38 is an unknown value
RSI=0x0000000000000000 is an unknown value
RDI=0x00007f72aaae6000 is an unknown value
R8 =0x0000000000000000 is an unknown value
R9 =0x0000000000000050 is an unknown value
R10=0x0004b27a35fffa2e is an unknown value
R11=0x0000000000000246 is an unknown value
R12=0x0000000000000000 is an unknown value
R13=0x0000000000000000 is an unknown value
R14=0x0000000000000000 is an unknown value
R15=0x00007f72d0194600 is an unknown value


Stack: [0x00007f72d6f34000,0x00007f72d7035000],  sp=0x00007f72d7033528,  free space=1021k
Native frames: (J=compiled Java code, j=interpreted, Vv=VM code, C=native code)
C  [libxshmfence.so.1+0xca7]  xshmfence_reset+0x7

Java frames: (J=compiled Java code, j=interpreted, Vv=VM code)
J 2003  org.lwjgl.opengl.LinuxContextImplementation.nSwapBuffers(Ljava/nio/ByteBuffer;)V (0 bytes) @ 0x00007f72c1471f4f [0x00007f72c1471f00+0x4f]
J 2002 C1 org.lwjgl.opengl.LinuxContextImplementation.swapBuffers()V (84 bytes) @ 0x00007f72c12cba4c [0x00007f72c12cae20+0xc2c]
J 2000 C1 org.lwjgl.opengl.DrawableGL.swapBuffers()V (4 bytes) @ 0x00007f72c13645dc [0x00007f72c1364500+0xdc]
J 1999 C1 org.lwjgl.opengl.Display.swapBuffers()V (55 bytes) @ 0x00007f72c1364cec [0x00007f72c1364980+0x36c]
J 1961 C1 org.lwjgl.opengl.Display.update(Z)V (154 bytes) @ 0x00007f72c14763bc [0x00007f72c1475f40+0x47c]
J 2019 C1 org.newdawn.slick.AppGameContainer.gameLoop()V (81 bytes) @ 0x00007f72c12c62cc [0x00007f72c12c5b80+0x74c]
j  org.newdawn.slick.AppGameContainer.start()V+17
j  pl.isangeles.senlin.SenlinGame.main([Ljava/lang/String;)V+176
v  ~StubRoutines::call_stub

---------------  P R O C E S S  ---------------

Java Threads: ( => current thread )
  0x00007f72d08e1800 JavaThread "Thread-2" daemon [_thread_blocked, id=22548, stack(0x00007f72a92e6000,0x00007f72a93e7000)]
  0x00007f72d02ae800 JavaThread "process reaper" daemon [_thread_blocked, id=22545, stack(0x00007f72abb52000,0x00007f72abb8b000)]
  0x00007f72d02aa000 JavaThread "AWT-XAWT" daemon [_thread_in_native, id=22543, stack(0x00007f72abdfe000,0x00007f72abeff000)]
  0x00007f72d0288000 JavaThread "Java2D Disposer" daemon [_thread_blocked, id=22542, stack(0x00007f72abeff000,0x00007f72ac000000)]
  0x00007f72d00e5000 JavaThread "Service Thread" daemon [_thread_blocked, id=22540, stack(0x00007f72b0c0a000,0x00007f72b0d0b000)]
  0x00007f72d00c8000 JavaThread "C1 CompilerThread3" daemon [_thread_blocked, id=22539, stack(0x00007f72b0d0b000,0x00007f72b0e0c000)]
  0x00007f72d00c5800 JavaThread "C2 CompilerThread2" daemon [_thread_blocked, id=22538, stack(0x00007f72b0e0c000,0x00007f72b0f0d000)]
  0x00007f72d00c4000 JavaThread "C2 CompilerThread1" daemon [_thread_blocked, id=22537, stack(0x00007f72b0f0d000,0x00007f72b100e000)]
  0x00007f72d00c1000 JavaThread "C2 CompilerThread0" daemon [_thread_blocked, id=22536, stack(0x00007f72b100e000,0x00007f72b110f000)]
  0x00007f72d00bf800 JavaThread "Signal Dispatcher" daemon [_thread_blocked, id=22535, stack(0x00007f72b110f000,0x00007f72b1210000)]
  0x00007f72d008c800 JavaThread "Finalizer" daemon [_thread_blocked, id=22534, stack(0x00007f72c00af000,0x00007f72c01b0000)]
  0x00007f72d0088000 JavaThread "Reference Handler" daemon [_thread_blocked, id=22533, stack(0x00007f72c01b0000,0x00007f72c02b1000)]
=>0x00007f72d000a800 JavaThread "main" [_thread_in_native, id=22522, stack(0x00007f72d6f34000,0x00007f72d7035000)]

Other Threads:
  0x00007f72d0080000 VMThread [stack: 0x00007f72c02b1000,0x00007f72c03b2000] [id=22532]
  0x00007f72d00e7800 WatcherThread [stack: 0x00007f72b0b09000,0x00007f72b0c0a000] [id=22541]

VM state:not at safepoint (normal execution)

VM Mutex/Monitor currently owned by a thread: None

Heap:
 PSYoungGen      total 126976K, used 101659K [0x00000000e1600000, 0x00000000ece80000, 0x0000000100000000)
  eden space 110592K, 91% used [0x00000000e1600000,0x00000000e78d6f20,0x00000000e8200000)
  from space 16384K, 2% used [0x00000000e8200000,0x00000000e8270000,0x00000000e9200000)
  to   space 16896K, 0% used [0x00000000ebe00000,0x00000000ebe00000,0x00000000ece80000)
 ParOldGen       total 266752K, used 249454K [0x00000000a4200000, 0x00000000b4680000, 0x00000000e1600000)
  object space 266752K, 93% used [0x00000000a4200000,0x00000000b359b940,0x00000000b4680000)
 Metaspace       used 13807K, capacity 13983K, committed 14336K, reserved 1062912K
  class space    used 1374K, capacity 1446K, committed 1536K, reserved 1048576K

Card table byte_map: [0x00007f72d67fb000,0x00007f72d6adb000] byte_map_base: 0x00007f72d62da000

Marking Bits: (ParMarkBitMap*) 0x00007f72d80c51a0
 Begin Bits: [0x00007f72b1210000, 0x00007f72b2908000)
 End Bits:   [0x00007f72b2908000, 0x00007f72b4000000)

Polling page: 0x00007f72d8311000

CodeCache: size=245760Kb used=6507Kb max_used=6518Kb free=239252Kb
 bounds [0x00007f72c1000000, 0x00007f72c1680000, 0x00007f72d0000000]
 total_blobs=2378 nmethods=1752 adapters=540
 compilation: enabled

Compilation events (10 events):
Event: 26.350 Thread 0x00007f72d00c8000 nmethod 2088 0x00007f72c15e3690 code [0x00007f72c15e3840, 0x00007f72c15e3d78]
Event: 26.354 Thread 0x00007f72d00c5800 nmethod 2085 0x00007f72c14fd350 code [0x00007f72c14fd680, 0x00007f72c14feed0]
Event: 32.197 Thread 0x00007f72d00c4000 2089       4       java.nio.DirectIntBufferU::get (16 bytes)
Event: 32.198 Thread 0x00007f72d00c4000 nmethod 2089 0x00007f72c132c850 code [0x00007f72c132c9a0, 0x00007f72c132ca58]
Event: 32.214 Thread 0x00007f72d00c8000 2090       1       pl.isangeles.senlin.gui.TextInput::inputEnded (1 bytes)
Event: 32.214 Thread 0x00007f72d00c8000 nmethod 2090 0x00007f72c1214bd0 code [0x00007f72c1214d20, 0x00007f72c1214e30]
Event: 32.815 Thread 0x00007f72d00c1000 2091       4       java.nio.HeapByteBuffer::compact (52 bytes)
Event: 32.823 Thread 0x00007f72d00c1000 nmethod 2091 0x00007f72c13aded0 code [0x00007f72c13ae040, 0x00007f72c13ae258]
Event: 34.286 Thread 0x00007f72d00c8000 2092       1       org.lwjgl.opengl.LinuxDisplayPeerInfo::doUnlock (1 bytes)
Event: 34.286 Thread 0x00007f72d00c8000 nmethod 2092 0x00007f72c13adc10 code [0x00007f72c13add60, 0x00007f72c13ade70]

GC Heap History (10 events):
Event: 9.333 GC heap before
{Heap before GC invocations=17 (full 0):
 PSYoungGen      total 119296K, used 118816K [0x00000000e1600000, 0x00000000eb100000, 0x0000000100000000)
  eden space 110080K, 100% used [0x00000000e1600000,0x00000000e8180000,0x00000000e8180000)
  from space 9216K, 94% used [0x00000000ea800000,0x00000000eb088080,0x00000000eb100000)
  to   space 16384K, 0% used [0x00000000e9100000,0x00000000e9100000,0x00000000ea100000)
 ParOldGen       total 266752K, used 248870K [0x00000000a4200000, 0x00000000b4680000, 0x00000000e1600000)
  object space 266752K, 93% used [0x00000000a4200000,0x00000000b3509940,0x00000000b4680000)
 Metaspace       used 13518K, capacity 13727K, committed 14080K, reserved 1062912K
  class space    used 1365K, capacity 1446K, committed 1536K, reserved 1048576K
Event: 9.336 GC heap after
Heap after GC invocations=17 (full 0):
 PSYoungGen      total 116224K, used 9728K [0x00000000e1600000, 0x00000000ea880000, 0x0000000100000000)
  eden space 105984K, 0% used [0x00000000e1600000,0x00000000e1600000,0x00000000e7d80000)
  from space 10240K, 95% used [0x00000000e9100000,0x00000000e9a80090,0x00000000e9b00000)
  to   space 13824K, 0% used [0x00000000e9b00000,0x00000000e9b00000,0x00000000ea880000)
 ParOldGen       total 266752K, used 248982K [0x00000000a4200000, 0x00000000b4680000, 0x00000000e1600000)
  object space 266752K, 93% used [0x00000000a4200000,0x00000000b3525940,0x00000000b4680000)
 Metaspace       used 13518K, capacity 13727K, committed 14080K, reserved 1062912K
  class space    used 1365K, capacity 1446K, committed 1536K, reserved 1048576K
}
Event: 9.625 GC heap before
{Heap before GC invocations=18 (full 0):
 PSYoungGen      total 116224K, used 115712K [0x00000000e1600000, 0x00000000ea880000, 0x0000000100000000)
  eden space 105984K, 100% used [0x00000000e1600000,0x00000000e7d80000,0x00000000e7d80000)
  from space 10240K, 95% used [0x00000000e9100000,0x00000000e9a80090,0x00000000e9b00000)
  to   space 13824K, 0% used [0x00000000e9b00000,0x00000000e9b00000,0x00000000ea880000)
 ParOldGen       total 266752K, used 248982K [0x00000000a4200000, 0x00000000b4680000, 0x00000000e1600000)
  object space 266752K, 93% used [0x00000000a4200000,0x00000000b3525940,0x00000000b4680000)
 Metaspace       used 13522K, capacity 13727K, committed 14080K, reserved 1062912K
  class space    used 1365K, capacity 1446K, committed 1536K, reserved 1048576K
Event: 9.630 GC heap after
Heap after GC invocations=18 (full 0):
 PSYoungGen      total 133632K, used 10784K [0x00000000e1600000, 0x00000000ec700000, 0x0000000100000000)
  eden space 119808K, 0% used [0x00000000e1600000,0x00000000e1600000,0x00000000e8b00000)
  from space 13824K, 78% used [0x00000000e9b00000,0x00000000ea5880a0,0x00000000ea880000)
  to   space 16384K, 0% used [0x00000000e8b00000,0x00000000e8b00000,0x00000000e9b00000)
 ParOldGen       total 266752K, used 249094K [0x00000000a4200000, 0x00000000b4680000, 0x00000000e1600000)
  object space 266752K, 93% used [0x00000000a4200000,0x00000000b3541940,0x00000000b4680000)
 Metaspace       used 13522K, capacity 13727K, committed 14080K, reserved 1062912K
  class space    used 1365K, capacity 1446K, committed 1536K, reserved 1048576K
}
Event: 9.967 GC heap before
{Heap before GC invocations=19 (full 0):
 PSYoungGen      total 133632K, used 130592K [0x00000000e1600000, 0x00000000ec700000, 0x0000000100000000)
  eden space 119808K, 100% used [0x00000000e1600000,0x00000000e8b00000,0x00000000e8b00000)
  from space 13824K, 78% used [0x00000000e9b00000,0x00000000ea5880a0,0x00000000ea880000)
  to   space 16384K, 0% used [0x00000000e8b00000,0x00000000e8b00000,0x00000000e9b00000)
 ParOldGen       total 266752K, used 249094K [0x00000000a4200000, 0x00000000b4680000, 0x00000000e1600000)
  object space 266752K, 93% used [0x00000000a4200000,0x00000000b3541940,0x00000000b4680000)
 Metaspace       used 13532K, capacity 13727K, committed 14080K, reserved 1062912K
  class space    used 1367K, capacity 1446K, committed 1536K, reserved 1048576K
Event: 9.970 GC heap after
Heap after GC invocations=19 (full 0):
 PSYoungGen      total 118784K, used 3403K [0x00000000e1600000, 0x00000000ea680000, 0x0000000100000000)
  eden space 115200K, 0% used [0x00000000e1600000,0x00000000e1600000,0x00000000e8680000)
  from space 3584K, 94% used [0x00000000e8b00000,0x00000000e8e52cd0,0x00000000e8e80000)
  to   space 16384K, 0% used [0x00000000e9680000,0x00000000e9680000,0x00000000ea680000)
 ParOldGen       total 266752K, used 249214K [0x00000000a4200000, 0x00000000b4680000, 0x00000000e1600000)
  object space 266752K, 93% used [0x00000000a4200000,0x00000000b355f940,0x00000000b4680000)
 Metaspace       used 13532K, capacity 13727K, committed 14080K, reserved 1062912K
  class space    used 1367K, capacity 1446K, committed 1536K, reserved 1048576K
}
Event: 10.286 GC heap before
{Heap before GC invocations=20 (full 0):
 PSYoungGen      total 118784K, used 118603K [0x00000000e1600000, 0x00000000ea680000, 0x0000000100000000)
  eden space 115200K, 100% used [0x00000000e1600000,0x00000000e8680000,0x00000000e8680000)
  from space 3584K, 94% used [0x00000000e8b00000,0x00000000e8e52cd0,0x00000000e8e80000)
  to   space 16384K, 0% used [0x00000000e9680000,0x00000000e9680000,0x00000000ea680000)
 ParOldGen       total 266752K, used 249214K [0x00000000a4200000, 0x00000000b4680000, 0x00000000e1600000)
  object space 266752K, 93% used [0x00000000a4200000,0x00000000b355f940,0x00000000b4680000)
 Metaspace       used 13535K, capacity 13727K, committed 14080K, reserved 1062912K
  class space    used 1367K, capacity 1446K, committed 1536K, reserved 1048576K
Event: 10.290 GC heap after
Heap after GC invocations=20 (full 0):
 PSYoungGen      total 122368K, used 9760K [0x00000000e1600000, 0x00000000ea200000, 0x0000000100000000)
  eden space 110592K, 0% used [0x00000000e1600000,0x00000000e1600000,0x00000000e8200000)
  from space 11776K, 82% used [0x00000000e9680000,0x00000000ea008090,0x00000000ea200000)
  to   space 16384K, 0% used [0x00000000e8200000,0x00000000e8200000,0x00000000e9200000)
 ParOldGen       total 266752K, used 249342K [0x00000000a4200000, 0x00000000b4680000, 0x00000000e1600000)
  object space 266752K, 93% used [0x00000000a4200000,0x00000000b357f940,0x00000000b4680000)
 Metaspace       used 13535K, capacity 13727K, committed 14080K, reserved 1062912K
  class space    used 1367K, capacity 1446K, committed 1536K, reserved 1048576K
}
Event: 10.592 GC heap before
{Heap before GC invocations=21 (full 0):
 PSYoungGen      total 122368K, used 120352K [0x00000000e1600000, 0x00000000ea200000, 0x0000000100000000)
  eden space 110592K, 100% used [0x00000000e1600000,0x00000000e8200000,0x00000000e8200000)
  from space 11776K, 82% used [0x00000000e9680000,0x00000000ea008090,0x00000000ea200000)
  to   space 16384K, 0% used [0x00000000e8200000,0x00000000e8200000,0x00000000e9200000)
 ParOldGen       total 266752K, used 249342K [0x00000000a4200000, 0x00000000b4680000, 0x00000000e1600000)
  object space 266752K, 93% used [0x00000000a4200000,0x00000000b357f940,0x00000000b4680000)
 Metaspace       used 13545K, capacity 13727K, committed 14080K, reserved 1062912K
  class space    used 1370K, capacity 1446K, committed 1536K, reserved 1048576K
Event: 10.596 GC heap after
Heap after GC invocations=21 (full 0):
 PSYoungGen      total 126976K, used 448K [0x00000000e1600000, 0x00000000ece80000, 0x0000000100000000)
  eden space 110592K, 0% used [0x00000000e1600000,0x00000000e1600000,0x00000000e8200000)
  from space 16384K, 2% used [0x00000000e8200000,0x00000000e8270000,0x00000000e9200000)
  to   space 16896K, 0% used [0x00000000ebe00000,0x00000000ebe00000,0x00000000ece80000)
 ParOldGen       total 266752K, used 249454K [0x00000000a4200000, 0x00000000b4680000, 0x00000000e1600000)
  object space 266752K, 93% used [0x00000000a4200000,0x00000000b359b940,0x00000000b4680000)
 Metaspace       used 13545K, capacity 13727K, committed 14080K, reserved 1062912K
  class space    used 1370K, capacity 1446K, committed 1536K, reserved 1048576K
}

Deoptimization events (10 events):
Event: 8.200 Thread 0x00007f72d000a800 Uncommon trap: reason=unstable_if action=reinterpret pc=0x00007f72c15f06c8 method=sun.java2d.cmm.lcms.LCMSTransform.doTransform(Lsun/java2d/cmm/lcms/LCMSImageLayout;Lsun/java2d/cmm/lcms/LCMSImageLayout;)V @ 6
Event: 8.259 Thread 0x00007f72d000a800 Uncommon trap: reason=unstable_if action=reinterpret pc=0x00007f72c15eada4 method=com.sun.imageio.plugins.jpeg.JPEGImageReader.acceptPixels(IZ)V @ 4
Event: 10.860 Thread 0x00007f72d000a800 Uncommon trap: reason=unstable_if action=reinterpret pc=0x00007f72c11fc85c method=java.io.UnixFileSystem.normalize(Ljava/lang/String;)Ljava/lang/String; @ 60
Event: 10.860 Thread 0x00007f72d000a800 Uncommon trap: reason=class_check action=maybe_recompile pc=0x00007f72c14f8a50 method=java.util.regex.Pattern$Slice.match(Ljava/util/regex/Matcher;ILjava/lang/CharSequence;)Z @ 49
Event: 10.860 Thread 0x00007f72d000a800 Uncommon trap: reason=unstable_if action=reinterpret pc=0x00007f72c152d754 method=java.util.regex.Matcher.search(I)Z @ 30
Event: 10.860 Thread 0x00007f72d000a800 Uncommon trap: reason=class_check action=maybe_recompile pc=0x00007f72c14f8a50 method=java.util.regex.Pattern$Slice.match(Ljava/util/regex/Matcher;ILjava/lang/CharSequence;)Z @ 49
Event: 10.860 Thread 0x00007f72d000a800 Uncommon trap: reason=unstable_if action=reinterpret pc=0x00007f72c14f39c0 method=java.util.regex.Matcher.search(I)Z @ 30
Event: 10.860 Thread 0x00007f72d000a800 Uncommon trap: reason=class_check action=maybe_recompile pc=0x00007f72c14f8a50 method=java.util.regex.Pattern$Slice.match(Ljava/util/regex/Matcher;ILjava/lang/CharSequence;)Z @ 49
Event: 10.860 Thread 0x00007f72d000a800 Uncommon trap: reason=class_check action=maybe_recompile pc=0x00007f72c14f8a50 method=java.util.regex.Pattern$Slice.match(Ljava/util/regex/Matcher;ILjava/lang/CharSequence;)Z @ 49
Event: 15.922 Thread 0x00007f72d000a800 Uncommon trap: reason=unstable_if action=reinterpret pc=0x00007f72c1128d24 method=org.newdawn.slick.Input.poll(II)V @ 209

Classes redefined (0 events):
No events

Internal exceptions (10 events):
Event: 0.763 Thread 0x00007f72d000a800 Exception <a 'java/security/PrivilegedActionException'> (0x00000000e2974a78) thrown at [/home/build/YPKG/root/openjdk-8/build/jdk8u-jdk8u172-b00/hotspot/src/share/vm/prims/jvm.cpp, line 1390]
Event: 0.763 Thread 0x00007f72d000a800 Exception <a 'java/security/PrivilegedActionException'> (0x00000000e29756d0) thrown at [/home/build/YPKG/root/openjdk-8/build/jdk8u-jdk8u172-b00/hotspot/src/share/vm/prims/jvm.cpp, line 1390]
Event: 0.763 Thread 0x00007f72d000a800 Exception <a 'java/security/PrivilegedActionException'> (0x00000000e29762f8) thrown at [/home/build/YPKG/root/openjdk-8/build/jdk8u-jdk8u172-b00/hotspot/src/share/vm/prims/jvm.cpp, line 1390]
Event: 0.763 Thread 0x00007f72d000a800 Exception <a 'java/security/PrivilegedActionException'> (0x00000000e2977610) thrown at [/home/build/YPKG/root/openjdk-8/build/jdk8u-jdk8u172-b00/hotspot/src/share/vm/prims/jvm.cpp, line 1390]
Event: 0.763 Thread 0x00007f72d000a800 Exception <a 'java/security/PrivilegedActionException'> (0x00000000e2978268) thrown at [/home/build/YPKG/root/openjdk-8/build/jdk8u-jdk8u172-b00/hotspot/src/share/vm/prims/jvm.cpp, line 1390]
Event: 0.763 Thread 0x00007f72d000a800 Exception <a 'java/security/PrivilegedActionException'> (0x00000000e2978e90) thrown at [/home/build/YPKG/root/openjdk-8/build/jdk8u-jdk8u172-b00/hotspot/src/share/vm/prims/jvm.cpp, line 1390]
Event: 8.182 Thread 0x00007f72d000a800 Implicit null exception at 0x00007f72c15e5e52 to 0x00007f72c15e6a7c
Event: 8.183 Thread 0x00007f72d000a800 Implicit null exception at 0x00007f72c15ddf13 to 0x00007f72c15de30d
Event: 8.183 Thread 0x00007f72d000a800 Implicit null exception at 0x00007f72c15dad30 to 0x00007f72c15daf91
Event: 8.200 Thread 0x00007f72d000a800 Implicit null exception at 0x00007f72c15e9af0 to 0x00007f72c15e9d3d

Events (10 events):
Event: 25.331 Thread 0x00007f72d00c8000 flushing nmethod 0x00007f72c15ea390
Event: 25.331 Thread 0x00007f72d00c8000 flushing nmethod 0x00007f72c15ef110
Event: 26.352 Executing VM operation: RevokeBias
Event: 26.352 Executing VM operation: RevokeBias done
Event: 26.352 Executing VM operation: RevokeBias
Event: 26.353 Executing VM operation: RevokeBias done
Event: 26.353 Executing VM operation: RevokeBias
Event: 26.353 Executing VM operation: RevokeBias done
Event: 26.353 Executing VM operation: RevokeBias
Event: 26.353 Executing VM operation: RevokeBias done


Dynamic libraries:
00400000-00401000 r-xp 00000000 fd:01 3160304                            /usr/lib64/openjdk-8/bin/java
00401000-00402000 r--p 00000000 fd:01 3160304                            /usr/lib64/openjdk-8/bin/java
00402000-00403000 rw-p 00001000 fd:01 3160304                            /usr/lib64/openjdk-8/bin/java
01482000-014a3000 rw-p 00000000 00:00 0                                  [heap]
a4200000-b4680000 rw-p 00000000 00:00 0 
b4680000-e1600000 ---p 00000000 00:00 0 
e1600000-ece80000 rw-p 00000000 00:00 0 
ece80000-100000000 ---p 00000000 00:00 0 
100000000-100180000 rw-p 00000000 00:00 0 
100180000-140000000 ---p 00000000 00:00 0 
7f7234a7a000-7f7234b7a000 rw-s 00000000 00:05 102827                     /drm mm object (deleted)
7f7234b7a000-7f7234c7a000 rw-s 00000000 00:05 102824                     /drm mm object (deleted)
7f7234c7a000-7f7234d7a000 rw-s 00000000 00:05 102823                     /drm mm object (deleted)
7f7234d7a000-7f7234e7a000 rw-s 00000000 00:05 102822                     /drm mm object (deleted)
7f7234e7a000-7f7234f7a000 rw-s 00000000 00:05 102821                     /drm mm object (deleted)
7f7234f7a000-7f723507a000 rw-s 00000000 00:05 102820                     /drm mm object (deleted)
7f723507a000-7f723517a000 rw-s 00000000 00:05 102819                     /drm mm object (deleted)
7f723517a000-7f723527a000 rw-s 00000000 00:05 102818                     /drm mm object (deleted)
7f723527a000-7f723537a000 rw-s 00000000 00:05 102817                     /drm mm object (deleted)
7f723537a000-7f723547a000 rw-s 00000000 00:05 102816                     /drm mm object (deleted)
7f723547a000-7f723557a000 rw-s 00000000 00:05 102813                     /drm mm object (deleted)
7f723557a000-7f723567a000 rw-s 00000000 00:05 102812                     /drm mm object (deleted)
7f723567a000-7f723577a000 rw-s 00000000 00:05 102809                     /drm mm object (deleted)
7f723577a000-7f723587a000 rw-s 00000000 00:05 102806                     /drm mm object (deleted)
7f723587a000-7f723597a000 rw-s 00000000 00:05 102803                     /drm mm object (deleted)
7f723597a000-7f72359fa000 rw-s 00000000 00:05 102800                     /drm mm object (deleted)
7f72359fa000-7f7235afa000 rw-s 00000000 00:05 102798                     /drm mm object (deleted)
7f7235afa000-7f7235bfa000 rw-s 00000000 00:05 102795                     /drm mm object (deleted)
7f7235bfa000-7f7235cfa000 rw-s 00000000 00:05 102792                     /drm mm object (deleted)
7f7235cfa000-7f7235dfa000 rw-s 00000000 00:05 102789                     /drm mm object (deleted)
7f7235dfa000-7f7235efa000 rw-s 00000000 00:05 102788                     /drm mm object (deleted)
7f7235efa000-7f7235ffa000 rw-s 00000000 00:05 102787                     /drm mm object (deleted)
7f7235ffa000-7f72360fa000 rw-s 00000000 00:05 102786                     /drm mm object (deleted)
7f72360fa000-7f72361fa000 rw-s 00000000 00:05 102785                     /drm mm object (deleted)
7f72361fa000-7f72362fa000 rw-s 00000000 00:05 102784                     /drm mm object (deleted)
7f72362fa000-7f72363fa000 rw-s 00000000 00:05 102783                     /drm mm object (deleted)
7f72363fa000-7f72364fa000 rw-s 00000000 00:05 102782                     /drm mm object (deleted)
7f72364fa000-7f72365fa000 rw-s 00000000 00:05 102781                     /drm mm object (deleted)
7f72365fa000-7f72366fa000 rw-s 00000000 00:05 102780                     /drm mm object (deleted)
7f72366fa000-7f72367fa000 rw-s 00000000 00:05 102779                     /drm mm object (deleted)
7f72367fa000-7f72368fa000 rw-s 00000000 00:05 102778                     /drm mm object (deleted)
7f72368fa000-7f72369fa000 rw-s 00000000 00:05 102777                     /drm mm object (deleted)
7f72369fa000-7f7236afa000 rw-s 00000000 00:05 102776                     /drm mm object (deleted)
7f7236afa000-7f7236bfa000 rw-s 00000000 00:05 102775                     /drm mm object (deleted)
7f7236bfa000-7f7236cfa000 rw-s 00000000 00:05 102774                     /drm mm object (deleted)
7f7236cfa000-7f7236dfa000 rw-s 00000000 00:05 102773                     /drm mm object (deleted)
7f7236dfa000-7f7236efa000 rw-s 00000000 00:05 102772                     /drm mm object (deleted)
7f7236efa000-7f7236ffa000 rw-s 00000000 00:05 102771                     /drm mm object (deleted)
7f7236ffa000-7f72370fa000 rw-s 00000000 00:05 102768                     /drm mm object (deleted)
7f72370fa000-7f723717a000 rw-p 00000000 00:00 0 
7f723717a000-7f72372fa000 ---p 00000000 00:00 0 
7f72372fa000-7f72373fa000 rw-s 00000000 00:05 102765                     /drm mm object (deleted)
7f72373fa000-7f72374fa000 rw-s 00000000 00:05 102762                     /drm mm object (deleted)
7f72374fa000-7f72375fa000 rw-s 00000000 00:05 102759                     /drm mm object (deleted)
7f72375fa000-7f723c000000 rw-p 00000000 00:00 0 
7f723c000000-7f723c021000 rw-p 00000000 00:00 0 
7f723c021000-7f7240000000 ---p 00000000 00:00 0 
7f7240000000-7f7244000000 rw-s 00000000 00:05 109593                     /memfd:pulseaudio (deleted)
7f7244000000-7f7248000000 rw-s 00000000 00:05 14798                      /memfd:pulseaudio (deleted)
7f7248000000-7f7248021000 rw-p 00000000 00:00 0 
7f7248021000-7f724c000000 ---p 00000000 00:00 0 
7f724c000000-7f7250000000 rw-s 00000000 00:05 109440                     /memfd:pulseaudio (deleted)
7f7250000000-7f7250021000 rw-p 00000000 00:00 0 
7f7250021000-7f7254000000 ---p 00000000 00:00 0 
7f7254000000-7f7254021000 rw-p 00000000 00:00 0 
7f7254021000-7f7258000000 ---p 00000000 00:00 0 
7f7258000000-7f7258021000 rw-p 00000000 00:00 0 
7f7258021000-7f725c000000 ---p 00000000 00:00 0 
7f725c000000-7f725c021000 rw-p 00000000 00:00 0 
7f725c021000-7f7260000000 ---p 00000000 00:00 0 
7f7260000000-7f7260021000 rw-p 00000000 00:00 0 
7f7260021000-7f7264000000 ---p 00000000 00:00 0 
7f7264000000-7f7264021000 rw-p 00000000 00:00 0 
7f7264021000-7f7268000000 ---p 00000000 00:00 0 
7f7268000000-7f72691d3000 rw-p 00000000 00:00 0 
7f72691d3000-7f726c000000 ---p 00000000 00:00 0 
7f726c000000-7f726c64c000 rw-p 00000000 00:00 0 
7f726c64c000-7f7270000000 ---p 00000000 00:00 0 
7f7270000000-7f72708b9000 rw-p 00000000 00:00 0 
7f72708b9000-7f7274000000 ---p 00000000 00:00 0 
7f7274000000-7f72747ff000 rw-p 00000000 00:00 0 
7f72747ff000-7f7278000000 ---p 00000000 00:00 0 
7f7278000000-7f7278021000 rw-p 00000000 00:00 0 
7f7278021000-7f727c000000 ---p 00000000 00:00 0 
7f727c062000-7f727c0e2000 rw-s 00000000 00:05 102794                     /drm mm object (deleted)
7f727c0e2000-7f727c162000 rw-s 109bdf000 00:06 11450                     /dev/dri/card0
7f727c162000-7f727c1e2000 rw-s 109b5f000 00:06 11450                     /dev/dri/card0
7f727c1e2000-7f727c9e2000 rw-s 10935f000 00:06 11450                     /dev/dri/card0
7f727c9e2000-7f727cde2000 rw-s 108f5f000 00:06 11450                     /dev/dri/card0
7f727cde2000-7f727cfe2000 rw-s 108d5f000 00:06 11450                     /dev/dri/card0
7f727cfe2000-7f727d3e2000 rw-s 10895f000 00:06 11450                     /dev/dri/card0
7f727d3e2000-7f7284000000 r--p 00000000 fd:01 3946567                    /usr/lib64/locale/locale-archive
7f7284000000-7f7284021000 rw-p 00000000 00:00 0 
7f7284021000-7f7288000000 ---p 00000000 00:00 0 
7f7288000000-7f7288021000 rw-p 00000000 00:00 0 
7f7288021000-7f728c000000 ---p 00000000 00:00 0 
7f728c000000-7f728c021000 rw-p 00000000 00:00 0 
7f728c021000-7f7290000000 ---p 00000000 00:00 0 
7f7290000000-7f7290021000 rw-p 00000000 00:00 0 
7f7290021000-7f7294000000 ---p 00000000 00:00 0 
7f7294000000-7f7294021000 rw-p 00000000 00:00 0 
7f7294021000-7f7298000000 ---p 00000000 00:00 0 
7f7298000000-7f729c000000 rw-s 00000000 00:05 109440                     /memfd:pulseaudio (deleted)
7f729c000000-7f729c021000 rw-p 00000000 00:00 0 
7f729c021000-7f72a0000000 ---p 00000000 00:00 0 
7f72a0037000-7f72a0137000 rw-s 00000000 00:05 102744                     /drm mm object (deleted)
7f72a0137000-7f72a0237000 rw-s 00000000 00:05 102743                     /drm mm object (deleted)
7f72a0237000-7f72a0337000 rw-s 00000000 00:05 102740                     /drm mm object (deleted)
7f72a0337000-7f72a0437000 rw-s 00000000 00:05 102739                     /drm mm object (deleted)
7f72a0437000-7f72a0537000 rw-s 00000000 00:05 109454                     /drm mm object (deleted)
7f72a0537000-7f72a0637000 rw-s 00000000 00:05 109451                     /drm mm object (deleted)
7f72a0637000-7f72a0737000 rw-s 00000000 00:05 109450                     /drm mm object (deleted)
7f72a0737000-7f72a0837000 rw-s 00000000 00:05 109449                     /drm mm object (deleted)
7f72a0837000-7f72a0937000 rw-s 00000000 00:05 109448                     /drm mm object (deleted)
7f72a0937000-7f72a0a37000 rw-s 00000000 00:05 109447                     /drm mm object (deleted)
7f72a0a37000-7f72a0b37000 rw-s 00000000 00:05 109446                     /drm mm object (deleted)
7f72a0b37000-7f72a211b000 rw-p 00000000 00:00 0 
7f72a211d000-7f72a212d000 rw-s 00000000 00:05 109623                     /drm mm object (deleted)
7f72a212d000-7f72a2131000 rw-s 00000000 00:05 109622                     /drm mm object (deleted)
7f72a2141000-7f72a2151000 rw-s 00000000 00:05 102815                     /drm mm object (deleted)
7f72a2151000-7f72a2155000 rw-s 00000000 00:05 102811                     /drm mm object (deleted)
7f72a2155000-7f72a215d000 rw-s 00000000 00:05 102805                     /drm mm object (deleted)
7f72a215d000-7f72a2165000 rw-s 00000000 00:05 102802                     /drm mm object (deleted)
7f72a2165000-7f72a2185000 rw-s 00000000 00:05 102764                     /drm mm object (deleted)
7f72a2185000-7f72a21f9000 r-xp 00000000 fd:01 3807737                    /usr/lib64/openjdk-8/jre/lib/amd64/liblcms.so
7f72a21f9000-7f72a21fa000 r--p 00073000 fd:01 3807737                    /usr/lib64/openjdk-8/jre/lib/amd64/liblcms.so
7f72a21fa000-7f72a21fe000 rw-p 00074000 fd:01 3807737                    /usr/lib64/openjdk-8/jre/lib/amd64/liblcms.so
7f72a21fe000-7f72a21ff000 rw-p 00000000 00:00 0 
7f72a21ff000-7f72a22ff000 rw-s 00000000 00:05 109445                     /drm mm object (deleted)
7f72a22ff000-7f72a23ff000 rw-s 00000000 00:05 109444                     /drm mm object (deleted)
7f72a23ff000-7f72a24ff000 rw-s 00000000 00:05 109443                     /drm mm object (deleted)
7f72a24ff000-7f72a25ff000 rw-s 00000000 00:05 109442                     /drm mm object (deleted)
7f72a25ff000-7f72a26ff000 rw-s 00000000 00:05 109618                     /drm mm object (deleted)
7f72a26ff000-7f72a27ff000 rw-s 00000000 00:05 109617                     /drm mm object (deleted)
7f72a27ff000-7f72a28ff000 rw-s 00000000 00:05 109616                     /drm mm object (deleted)
7f72a28ff000-7f72a29ff000 rw-s 00000000 00:05 109615                     /drm mm object (deleted)
7f72a29ff000-7f72a2aff000 rw-s 00000000 00:05 109614                     /drm mm object (deleted)
7f72a2aff000-7f72a2bff000 rw-s 00000000 00:05 109613                     /drm mm object (deleted)
7f72a2bff000-7f72a2cff000 rw-s 00000000 00:05 109612                     /drm mm object (deleted)
7f72a2cff000-7f72a2dff000 rw-s 00000000 00:05 109611                     /drm mm object (deleted)
7f72a2dff000-7f72a2eff000 rw-s 00000000 00:05 109610                     /drm mm object (deleted)
7f72a2eff000-7f72a2fff000 rw-s 00000000 00:05 109609                     /drm mm object (deleted)
7f72a2fff000-7f72a30ff000 rw-s 10885f000 00:06 11450                     /dev/dri/card0
7f72a30ff000-7f72a31ff000 rw-s 10875f000 00:06 11450                     /dev/dri/card0
7f72a31ff000-7f72a32ff000 rw-s 107bfb000 00:06 11450                     /dev/dri/card0
7f72a32ff000-7f72a33ff000 rw-s 108562000 00:06 11450                     /dev/dri/card0
7f72a33ff000-7f72a34ff000 rw-s 105b80000 00:06 11450                     /dev/dri/card0
7f72a34ff000-7f72a35ff000 rw-s 1082b2000 00:06 11450                     /dev/dri/card0
7f72a35ff000-7f72a36ff000 rw-s 1081b2000 00:06 11450                     /dev/dri/card0
7f72a36ff000-7f72a37ff000 rw-s 00000000 00:05 105777                     /drm mm object (deleted)
7f72a37ff000-7f72a3800000 ---p 00000000 00:00 0 
7f72a3800000-7f72a4000000 rw-p 00000000 00:00 0 
7f72a4000000-7f72a4021000 rw-p 00000000 00:00 0 
7f72a4021000-7f72a8000000 ---p 00000000 00:00 0 
7f72a8002000-7f72a8006000 rw-s 00000000 00:05 102808                     /drm mm object (deleted)
7f72a8006000-7f72a800e000 rw-s 00000000 00:05 102797                     /drm mm object (deleted)
7f72a800e000-7f72a8012000 rw-s 00000000 00:05 102791                     /drm mm object (deleted)
7f72a8012000-7f72a8016000 rw-s 00000000 00:05 102770                     /drm mm object (deleted)
7f72a8016000-7f72a801a000 rw-s 00000000 00:05 102767                     /drm mm object (deleted)
7f72a801a000-7f72a801e000 rw-s 00000000 00:05 102761                     /drm mm object (deleted)
7f72a801e000-7f72a8058000 r-xp 00000000 fd:01 3807725                    /usr/lib64/openjdk-8/jre/lib/amd64/libjpeg.so
7f72a8058000-7f72a8059000 r--p 00039000 fd:01 3807725                    /usr/lib64/openjdk-8/jre/lib/amd64/libjpeg.so
7f72a8059000-7f72a805a000 rw-p 0003a000 fd:01 3807725                    /usr/lib64/openjdk-8/jre/lib/amd64/libjpeg.so
7f72a805a000-7f72a807a000 rw-s 00000000 00:05 109453                     /drm mm object (deleted)
7f72a807a000-7f72a809a000 rw-s 00000000 00:05 109608                     /drm mm object (deleted)
7f72a809a000-7f72a819a000 rw-s 00000000 00:05 105776                     /drm mm object (deleted)
7f72a819a000-7f72a829a000 rw-s 00000000 00:05 105775                     /drm mm object (deleted)
7f72a829a000-7f72a849a000 rw-p 00000000 00:00 0 
7f72a849a000-7f72a859a000 rw-s 00000000 00:05 105771                     /drm mm object (deleted)
7f72a859b000-7f72a869b000 rw-s 00000000 00:05 105774                     /drm mm object (deleted)
7f72a869b000-7f72a869c000 ---p 00000000 00:00 0 
7f72a869c000-7f72a879c000 rw-p 00000000 00:00 0 
7f72a879c000-7f72a87c5000 r-xp 00000000 fd:01 2901544                    /usr/lib64/libmvec-2.25.so
7f72a87c5000-7f72a87c6000 r--p 00028000 fd:01 2901544                    /usr/lib64/libmvec-2.25.so
7f72a87c6000-7f72a87c7000 rw-p 00029000 fd:01 2901544                    /usr/lib64/libmvec-2.25.so
7f72a87c7000-7f72a87db000 r-xp 00000000 fd:01 2902375                    /usr/lib64/libgpg-error.so.0.22.0
7f72a87db000-7f72a87dc000 r--p 00013000 fd:01 2902375                    /usr/lib64/libgpg-error.so.0.22.0
7f72a87dc000-7f72a87dd000 rw-p 00014000 fd:01 2902375                    /usr/lib64/libgpg-error.so.0.22.0
7f72a87dd000-7f72a8874000 r-xp 00000000 fd:01 2898905                    /usr/lib64/libvorbisenc.so.2.0.11
7f72a8874000-7f72a8890000 r--p 00096000 fd:01 2898905                    /usr/lib64/libvorbisenc.so.2.0.11
7f72a8890000-7f72a8891000 rw-p 000b2000 fd:01 2898905                    /usr/lib64/libvorbisenc.so.2.0.11
7f72a8891000-7f72a88d5000 r-xp 00000000 fd:01 2898786                    /usr/lib64/libvorbis.so.0.4.8
7f72a88d5000-7f72a88d6000 r--p 00043000 fd:01 2898786                    /usr/lib64/libvorbis.so.0.4.8
7f72a88d6000-7f72a88d7000 rw-p 00044000 fd:01 2898786                    /usr/lib64/libvorbis.so.0.4.8
7f72a88d7000-7f72a894f000 r-xp 00000000 fd:01 2896853                    /usr/lib64/libFLAC.so.8.3.0
7f72a894f000-7f72a8b4e000 ---p 00078000 fd:01 2896853                    /usr/lib64/libFLAC.so.8.3.0
7f72a8b4e000-7f72a8b50000 r--p 00077000 fd:01 2896853                    /usr/lib64/libFLAC.so.8.3.0
7f72a8b50000-7f72a8b51000 rw-p 00079000 fd:01 2896853                    /usr/lib64/libFLAC.so.8.3.0
7f72a8b51000-7f72a8b7c000 r-xp 00000000 fd:01 2902370                    /usr/lib64/liblzma.so.5.2.3
7f72a8b7c000-7f72a8b7d000 r--p 0002a000 fd:01 2902370                    /usr/lib64/liblzma.so.5.2.3
7f72a8b7d000-7f72a8b7e000 rw-p 0002b000 fd:01 2902370                    /usr/lib64/liblzma.so.5.2.3
7f72a8b7e000-7f72a8c76000 r-xp 00000000 fd:01 2902377                    /usr/lib64/libgcrypt.so.20.2.1
7f72a8c76000-7f72a8c77000 ---p 000f8000 fd:01 2902377                    /usr/lib64/libgcrypt.so.20.2.1
7f72a8c77000-7f72a8c79000 r--p 000f8000 fd:01 2902377                    /usr/lib64/libgcrypt.so.20.2.1
7f72a8c79000-7f72a8c7e000 rw-p 000fa000 fd:01 2902377                    /usr/lib64/libgcrypt.so.20.2.1
7f72a8c7e000-7f72a8c7f000 rw-p 00000000 00:00 0 
7f72a8c7f000-7f72a8cf6000 r-xp 00000000 fd:01 2899262                    /usr/lib64/libsndfile.so.1.0.28
7f72a8cf6000-7f72a8cf9000 r--p 00076000 fd:01 2899262                    /usr/lib64/libsndfile.so.1.0.28
7f72a8cf9000-7f72a8cfa000 rw-p 00079000 fd:01 2899262                    /usr/lib64/libsndfile.so.1.0.28
7f72a8cfa000-7f72a8cfc000 rw-p 00000000 00:00 0 
7f72a8cfc000-7f72a8d63000 r-xp 00000000 fd:01 2902322                    /usr/lib64/libsystemd.so.0.19.1
7f72a8d63000-7f72a8d66000 r--p 00066000 fd:01 2902322                    /usr/lib64/libsystemd.so.0.19.1
7f72a8d66000-7f72a8d67000 rw-p 00069000 fd:01 2902322                    /usr/lib64/libsystemd.so.0.19.1
7f72a8d67000-7f72a8d68000 rw-p 00000000 00:00 0 
7f72a8d68000-7f72a8da5000 r-xp 00000000 fd:01 2902333                    /usr/lib64/libdbus-1.so.3.14.14
7f72a8da5000-7f72a8da6000 ---p 0003d000 fd:01 2902333                    /usr/lib64/libdbus-1.so.3.14.14
7f72a8da6000-7f72a8da7000 r--p 0003d000 fd:01 2902333                    /usr/lib64/libdbus-1.so.3.14.14
7f72a8da7000-7f72a8da8000 rw-p 0003e000 fd:01 2902333                    /usr/lib64/libdbus-1.so.3.14.14
7f72a8da8000-7f72a8e18000 r-xp 00000000 fd:01 3950613                    /usr/lib64/pulseaudio/libpulsecommon-11.1.so
7f72a8e18000-7f72a8e1a000 r--p 0006f000 fd:01 3950613                    /usr/lib64/pulseaudio/libpulsecommon-11.1.so
7f72a8e1a000-7f72a8e1b000 rw-p 00071000 fd:01 3950613                    /usr/lib64/pulseaudio/libpulsecommon-11.1.so
7f72a8e1b000-7f72a8e62000 r-xp 00000000 fd:01 2902745                    /usr/lib64/libpulse.so.0.20.2
7f72a8e62000-7f72a8e64000 r--p 00046000 fd:01 2902745                    /usr/lib64/libpulse.so.0.20.2
7f72a8e64000-7f72a8e65000 rw-p 00048000 fd:01 2902745                    /usr/lib64/libpulse.so.0.20.2
7f72a8e65000-7f72a8e69000 rw-s 00000000 00:05 102758                     /drm mm object (deleted)
7f72a8e69000-7f72a8e89000 rw-s 00000000 00:05 105773                     /drm mm object (deleted)
7f72a8e89000-7f72a8ede000 r-xp 00000000 fd:01 2625356                    /home/darek/javaWorkspace/Senlin/natives/libopenal64.so
7f72a8ede000-7f72a90dd000 ---p 00055000 fd:01 2625356                    /home/darek/javaWorkspace/Senlin/natives/libopenal64.so
7f72a90dd000-7f72a90e0000 r--p 00054000 fd:01 2625356                    /home/darek/javaWorkspace/Senlin/natives/libopenal64.so
7f72a90e0000-7f72a90e1000 rw-p 00057000 fd:01 2625356                    /home/darek/javaWorkspace/Senlin/natives/libopenal64.so
7f72a90e1000-7f72a90e2000 rw-p 00000000 00:00 0 
7f72a90e2000-7f72a90e5000 r-xp 00000000 fd:01 2625351                    /home/darek/javaWorkspace/Senlin/natives/libjinput-linux64.so
7f72a90e5000-7f72a92e4000 ---p 00003000 fd:01 2625351                    /home/darek/javaWorkspace/Senlin/natives/libjinput-linux64.so
7f72a92e4000-7f72a92e5000 r--p 00002000 fd:01 2625351                    /home/darek/javaWorkspace/Senlin/natives/libjinput-linux64.so
7f72a92e5000-7f72a92e6000 rw-p 00003000 fd:01 2625351                    /home/darek/javaWorkspace/Senlin/natives/libjinput-linux64.so
7f72a92e6000-7f72a92e9000 ---p 00000000 00:00 0 
7f72a92e9000-7f72a95e7000 rw-p 00000000 00:00 0 
7f72a95e7000-7f72aa998000 rw-p 00000000 00:00 0 
7f72aa998000-7f72aaa0c000 rw-p 00000000 00:00 0 
7f72aaa0d000-7f72aaa0e000 rw-s 00000000 00:05 102825                     /memfd:xshmfence (deleted)
7f72aaa0e000-7f72aaa16000 rw-s 00000000 00:05 102742                     /drm mm object (deleted)
7f72aaa16000-7f72aaa24000 r-xp 00000000 fd:01 2902650                    /usr/lib64/libogg.so.0.8.3
7f72aaa24000-7f72aaa25000 r--p 0000d000 fd:01 2902650                    /usr/lib64/libogg.so.0.8.3
7f72aaa25000-7f72aaa26000 rw-p 0000e000 fd:01 2902650                    /usr/lib64/libogg.so.0.8.3
7f72aaa26000-7f72aaa27000 r--s 01f21000 fd:01 2624361                    /home/darek/javaWorkspace/Senlin/data/aData
7f72aaa27000-7f72aaa28000 rw-s 00000000 00:05 72481                      /drm mm object (deleted)
7f72aaa28000-7f72aaa2c000 rw-s 00000000 00:05 72479                      /drm mm object (deleted)
7f72aaa2c000-7f72aaa30000 rw-s 00000000 00:05 72477                      /drm mm object (deleted)
7f72aaa30000-7f72aaa34000 rw-s 00000000 00:05 72475                      /drm mm object (deleted)
7f72aaa34000-7f72aaa38000 rw-s 00000000 00:05 72473                      /drm mm object (deleted)
7f72aaa38000-7f72aaa3c000 rw-s 00000000 00:05 72471                      /drm mm object (deleted)
7f72aaa3c000-7f72aaa44000 rw-s 00000000 00:05 72469                      /drm mm object (deleted)
7f72aaa44000-7f72aaa4c000 rw-s 00000000 00:05 72467                      /drm mm object (deleted)
7f72aaa4c000-7f72aaa5c000 rw-s 00000000 00:05 72465                      /drm mm object (deleted)
7f72aaa5c000-7f72aaa9c000 rw-s 00000000 00:05 72463                      /drm mm object (deleted)
7f72aaa9c000-7f72aaa9e000 rw-s 00000000 00:05 72461                      /drm mm object (deleted)
7f72aaa9e000-7f72aaaa3000 r--s 00355000 fd:01 2624353                    /home/darek/javaWorkspace/Senlin/data/gData
7f72aaaa3000-7f72aaae3000 rw-s 00000000 00:05 72458                      /drm mm object (deleted)
7f72aaae7000-7f72aaaec000 rw-s 00000000 00:05 72456                      /drm mm object (deleted)
7f72aaaec000-7f72aaaf0000 rw-s 00000000 00:05 72448                      /drm mm object (deleted)
7f72aaaf0000-7f72aaafa000 r-xp 00000000 fd:01 2896577                    /usr/lib64/libpciaccess.so.0.11.1
7f72aaafa000-7f72aacf9000 ---p 0000a000 fd:01 2896577                    /usr/lib64/libpciaccess.so.0.11.1
7f72aacf9000-7f72aacfa000 r--p 00009000 fd:01 2896577                    /usr/lib64/libpciaccess.so.0.11.1
7f72aacfa000-7f72aacfb000 rw-p 0000a000 fd:01 2896577                    /usr/lib64/libpciaccess.so.0.11.1
7f72aacfb000-7f72aae7b000 r-xp 00000000 fd:01 2915533                    /usr/lib64/libstdc++.so.6.0.24
7f72aae7b000-7f72ab07b000 ---p 00180000 fd:01 2915533                    /usr/lib64/libstdc++.so.6.0.24
7f72ab07b000-7f72ab085000 r--p 00180000 fd:01 2915533                    /usr/lib64/libstdc++.so.6.0.24
7f72ab085000-7f72ab087000 rw-p 0018a000 fd:01 2915533                    /usr/lib64/libstdc++.so.6.0.24
7f72ab087000-7f72ab08a000 rw-p 00000000 00:00 0 
7f72ab08a000-7f72ab098000 r-xp 00000000 fd:01 2907465                    /usr/lib64/libdrm_radeon.so.1.0.1
7f72ab098000-7f72ab099000 r--p 0000d000 fd:01 2907465                    /usr/lib64/libdrm_radeon.so.1.0.1
7f72ab099000-7f72ab09a000 rw-p 0000e000 fd:01 2907465                    /usr/lib64/libdrm_radeon.so.1.0.1
7f72ab09a000-7f72ab0a3000 r-xp 00000000 fd:01 2907464                    /usr/lib64/libdrm_nouveau.so.2.0.0
7f72ab0a3000-7f72ab0a4000 r--p 00008000 fd:01 2907464                    /usr/lib64/libdrm_nouveau.so.2.0.0
7f72ab0a4000-7f72ab0a5000 rw-p 00009000 fd:01 2907464                    /usr/lib64/libdrm_nouveau.so.2.0.0
7f72ab0a5000-7f72ab0d2000 r-xp 00000000 fd:01 2907463                    /usr/lib64/libdrm_intel.so.1.0.0
7f72ab0d2000-7f72ab0d3000 r--p 0002c000 fd:01 2907463                    /usr/lib64/libdrm_intel.so.1.0.0
7f72ab0d3000-7f72ab0d4000 rw-p 0002d000 fd:01 2907463                    /usr/lib64/libdrm_intel.so.1.0.0
7f72ab0d4000-7f72ab926000 r-xp 00000000 fd:01 4078338                    /usr/lib64/dri/i965_dri.so
7f72ab926000-7f72ab927000 ---p 00852000 fd:01 4078338                    /usr/lib64/dri/i965_dri.so
7f72ab927000-7f72ab978000 r--p 00852000 fd:01 4078338                    /usr/lib64/dri/i965_dri.so
7f72ab978000-7f72ab980000 rw-p 008a3000 fd:01 4078338                    /usr/lib64/dri/i965_dri.so
7f72ab980000-7f72ab9e8000 rw-p 00000000 00:00 0 
7f72ab9e8000-7f72ab9f9000 r-xp 00000000 fd:01 3807747                    /usr/lib64/openjdk-8/jre/lib/amd64/libnio.so
7f72ab9f9000-7f72ab9fa000 r--p 00010000 fd:01 3807747                    /usr/lib64/openjdk-8/jre/lib/amd64/libnio.so
7f72ab9fa000-7f72ab9fb000 rw-p 00011000 fd:01 3807747                    /usr/lib64/openjdk-8/jre/lib/amd64/libnio.so
7f72ab9fb000-7f72aba2c000 rw-p 00000000 00:00 0 
7f72aba2c000-7f72aba41000 r-xp 00000000 fd:01 2907462                    /usr/lib64/libdrm.so.2.4.0
7f72aba41000-7f72aba42000 r--p 00014000 fd:01 2907462                    /usr/lib64/libdrm.so.2.4.0
7f72aba42000-7f72aba43000 rw-p 00015000 fd:01 2907462                    /usr/lib64/libdrm.so.2.4.0
7f72aba43000-7f72aba47000 r-xp 00000000 fd:01 2902395                    /usr/lib64/libxcb-dri2.so.0.0.0
7f72aba47000-7f72aba48000 r--p 00003000 fd:01 2902395                    /usr/lib64/libxcb-dri2.so.0.0.0
7f72aba48000-7f72aba49000 rw-p 00004000 fd:01 2902395                    /usr/lib64/libxcb-dri2.so.0.0.0
7f72aba49000-7f72aba63000 r-xp 00000000 fd:01 2902397                    /usr/lib64/libxcb-glx.so.0.0.0
7f72aba63000-7f72aba64000 ---p 0001a000 fd:01 2902397                    /usr/lib64/libxcb-glx.so.0.0.0
7f72aba64000-7f72aba66000 r--p 0001a000 fd:01 2902397                    /usr/lib64/libxcb-glx.so.0.0.0
7f72aba66000-7f72aba67000 rw-p 0001c000 fd:01 2902397                    /usr/lib64/libxcb-glx.so.0.0.0
7f72aba67000-7f72aba68000 r-xp 00000000 fd:01 2902413                    /usr/lib64/libX11-xcb.so.1.0.0
7f72aba68000-7f72aba69000 r--p 00000000 fd:01 2902413                    /usr/lib64/libX11-xcb.so.1.0.0
7f72aba69000-7f72aba6a000 rw-p 00001000 fd:01 2902413                    /usr/lib64/libX11-xcb.so.1.0.0
7f72aba6a000-7f72aba6c000 r-xp 00000000 fd:01 2907469                    /usr/lib64/libXdamage.so.1.1.0
7f72aba6c000-7f72aba6d000 r--p 00001000 fd:01 2907469                    /usr/lib64/libXdamage.so.1.1.0
7f72aba6d000-7f72aba6e000 rw-p 00002000 fd:01 2907469                    /usr/lib64/libXdamage.so.1.1.0
7f72aba6e000-7f72aba9a000 r-xp 00000000 fd:01 2907471                    /usr/lib64/libglapi.so.0.0.0
7f72aba9a000-7f72aba9e000 r--p 0002b000 fd:01 2907471                    /usr/lib64/libglapi.so.0.0.0
7f72aba9e000-7f72aba9f000 rw-p 0002f000 fd:01 2907471                    /usr/lib64/libglapi.so.0.0.0
7f72aba9f000-7f72abaa0000 rw-p 00000000 00:00 0 
7f72abaa0000-7f72abaa6000 r-xp 00000000 fd:01 2902403                    /usr/lib64/libxcb-sync.so.1.0.0
7f72abaa6000-7f72abaa7000 ---p 00006000 fd:01 2902403                    /usr/lib64/libxcb-sync.so.1.0.0
7f72abaa7000-7f72abaa8000 r--p 00006000 fd:01 2902403                    /usr/lib64/libxcb-sync.so.1.0.0
7f72abaa8000-7f72abaa9000 rw-p 00007000 fd:01 2902403                    /usr/lib64/libxcb-sync.so.1.0.0
7f72abaa9000-7f72abab0000 r-xp 00000000 fd:01 2902406                    /usr/lib64/libxcb-xfixes.so.0.0.0
7f72abab0000-7f72abab1000 ---p 00007000 fd:01 2902406                    /usr/lib64/libxcb-xfixes.so.0.0.0
7f72abab1000-7f72abab2000 r--p 00007000 fd:01 2902406                    /usr/lib64/libxcb-xfixes.so.0.0.0
7f72abab2000-7f72abab3000 rw-p 00008000 fd:01 2902406                    /usr/lib64/libxcb-xfixes.so.0.0.0
7f72abab3000-7f72abadb000 r-xp 00000000 fd:01 2911400                    /usr/lib64/libexpat.so.1.6.7
7f72abadb000-7f72abadc000 ---p 00028000 fd:01 2911400                    /usr/lib64/libexpat.so.1.6.7
7f72abadc000-7f72abade000 r--p 00028000 fd:01 2911400                    /usr/lib64/libexpat.so.1.6.7
7f72abade000-7f72abadf000 rw-p 0002a000 fd:01 2911400                    /usr/lib64/libexpat.so.1.6.7
7f72abadf000-7f72abb4e000 r-xp 00000000 fd:01 3817298                    /usr/lib64/glx-provider/default/libGL.so.1.2.0
7f72abb4e000-7f72abb51000 r--p 0006e000 fd:01 3817298                    /usr/lib64/glx-provider/default/libGL.so.1.2.0
7f72abb51000-7f72abb52000 rw-p 00071000 fd:01 3817298                    /usr/lib64/glx-provider/default/libGL.so.1.2.0
7f72abb52000-7f72abb55000 ---p 00000000 00:00 0 
7f72abb55000-7f72abb8b000 rw-p 00000000 00:00 0 
7f72abb8b000-7f72abbfb000 r-xp 00000000 fd:01 2625354                    /home/darek/javaWorkspace/Senlin/natives/liblwjgl64.so
7f72abbfb000-7f72abdfb000 ---p 00070000 fd:01 2625354                    /home/darek/javaWorkspace/Senlin/natives/liblwjgl64.so
7f72abdfb000-7f72abdfd000 r--p 00070000 fd:01 2625354                    /home/darek/javaWorkspace/Senlin/natives/liblwjgl64.so
7f72abdfd000-7f72abdfe000 rw-p 00072000 fd:01 2625354                    /home/darek/javaWorkspace/Senlin/natives/liblwjgl64.so
7f72abdfe000-7f72abe01000 ---p 00000000 00:00 0 
7f72abe01000-7f72abeff000 rw-p 00000000 00:00 0 
7f72abeff000-7f72abf02000 ---p 00000000 00:00 0 
7f72abf02000-7f72ac000000 rw-p 00000000 00:00 0 
7f72ac000000-7f72ac021000 rw-p 00000000 00:00 0 
7f72ac021000-7f72b0000000 ---p 00000000 00:00 0 
7f72b0000000-7f72b0001000 r-xp 00000000 fd:01 2902509                    /usr/lib64/libxshmfence.so.1.0.0
7f72b0001000-7f72b0002000 ---p 00001000 fd:01 2902509                    /usr/lib64/libxshmfence.so.1.0.0
7f72b0002000-7f72b0003000 r--p 00001000 fd:01 2902509                    /usr/lib64/libxshmfence.so.1.0.0
7f72b0003000-7f72b0004000 rw-p 00002000 fd:01 2902509                    /usr/lib64/libxshmfence.so.1.0.0
7f72b0004000-7f72b0006000 r-xp 00000000 fd:01 2902398                    /usr/lib64/libxcb-present.so.0.0.0
7f72b0006000-7f72b0007000 r--p 00001000 fd:01 2902398                    /usr/lib64/libxcb-present.so.0.0.0
7f72b0007000-7f72b0008000 rw-p 00002000 fd:01 2902398                    /usr/lib64/libxcb-present.so.0.0.0
7f72b0008000-7f72b000a000 r-xp 00000000 fd:01 2902396                    /usr/lib64/libxcb-dri3.so.0.0.0
7f72b000a000-7f72b000b000 r--p 00001000 fd:01 2902396                    /usr/lib64/libxcb-dri3.so.0.0.0
7f72b000b000-7f72b000c000 rw-p 00002000 fd:01 2902396                    /usr/lib64/libxcb-dri3.so.0.0.0
7f72b000c000-7f72b0011000 r-xp 00000000 fd:01 2907468                    /usr/lib64/libXxf86vm.so.1.0.0
7f72b0011000-7f72b0012000 r--p 00004000 fd:01 2907468                    /usr/lib64/libXxf86vm.so.1.0.0
7f72b0012000-7f72b0013000 rw-p 00005000 fd:01 2907468                    /usr/lib64/libXxf86vm.so.1.0.0
7f72b0013000-7f72b001d000 r-xp 00000000 fd:01 2907474                    /usr/lib64/libXrandr.so.2.2.0
7f72b001d000-7f72b001e000 ---p 0000a000 fd:01 2907474                    /usr/lib64/libXrandr.so.2.2.0
7f72b001e000-7f72b001f000 r--p 0000a000 fd:01 2907474                    /usr/lib64/libXrandr.so.2.2.0
7f72b001f000-7f72b0020000 rw-p 0000b000 fd:01 2907474                    /usr/lib64/libXrandr.so.2.2.0
7f72b0020000-7f72b0025000 r-xp 00000000 fd:01 2907467                    /usr/lib64/libXfixes.so.3.1.0
7f72b0025000-7f72b0026000 r--p 00004000 fd:01 2907467                    /usr/lib64/libXfixes.so.3.1.0
7f72b0026000-7f72b0027000 rw-p 00005000 fd:01 2907467                    /usr/lib64/libXfixes.so.3.1.0
7f72b0027000-7f72b0034000 r-xp 00000000 fd:01 2902613                    /usr/lib64/libXcursor.so.1.0.2
7f72b0034000-7f72b0035000 r--p 0000c000 fd:01 2902613                    /usr/lib64/libXcursor.so.1.0.2
7f72b0035000-7f72b0036000 rw-p 0000d000 fd:01 2902613                    /usr/lib64/libXcursor.so.1.0.2
7f72b0036000-7f72b00ae000 r-xp 00000000 fd:01 2902174                    /usr/lib64/libpcre.so.1.2.9
7f72b00ae000-7f72b00af000 r--p 00077000 fd:01 2902174                    /usr/lib64/libpcre.so.1.2.9
7f72b00af000-7f72b00b0000 rw-p 00078000 fd:01 2902174                    /usr/lib64/libpcre.so.1.2.9
7f72b00b0000-7f72b00da000 r-xp 00000000 fd:01 2898759                    /usr/lib64/libgraphite2.so.3.0.1
7f72b00da000-7f72b00dc000 r--p 00029000 fd:01 2898759                    /usr/lib64/libgraphite2.so.3.0.1
7f72b00dc000-7f72b00dd000 rw-p 0002b000 fd:01 2898759                    /usr/lib64/libgraphite2.so.3.0.1
7f72b00dd000-7f72b01ef000 r-xp 00000000 fd:01 2915527                    /usr/lib64/libglib-2.0.so.0.5400.3
7f72b01ef000-7f72b01f0000 r--p 00111000 fd:01 2915527                    /usr/lib64/libglib-2.0.so.0.5400.3
7f72b01f0000-7f72b01f1000 rw-p 00112000 fd:01 2915527                    /usr/lib64/libglib-2.0.so.0.5400.3
7f72b01f1000-7f72b01f2000 rw-p 00000000 00:00 0 
7f72b01f2000-7f72b0289000 r-xp 00000000 fd:01 2910116                    /usr/lib64/libharfbuzz.so.0.10501.0
7f72b0289000-7f72b028a000 ---p 00097000 fd:01 2910116                    /usr/lib64/libharfbuzz.so.0.10501.0
7f72b028a000-7f72b028c000 r--p 00097000 fd:01 2910116                    /usr/lib64/libharfbuzz.so.0.10501.0
7f72b028c000-7f72b028d000 rw-p 00099000 fd:01 2910116                    /usr/lib64/libharfbuzz.so.0.10501.0
7f72b028d000-7f72b02cc000 r-xp 00000000 fd:01 2896684                    /usr/lib64/libpng15.so.15.28.0
7f72b02cc000-7f72b04cb000 ---p 0003f000 fd:01 2896684                    /usr/lib64/libpng15.so.15.28.0
7f72b04cb000-7f72b04cc000 r--p 0003e000 fd:01 2896684                    /usr/lib64/libpng15.so.15.28.0
7f72b04cc000-7f72b04cd000 rw-p 0003f000 fd:01 2896684                    /usr/lib64/libpng15.so.15.28.0
7f72b04cd000-7f72b04ea000 r-xp 00000000 fd:01 2902171                    /usr/lib64/libbz2.so.1.0.6
7f72b04ea000-7f72b06e9000 ---p 0001d000 fd:01 2902171                    /usr/lib64/libbz2.so.1.0.6
7f72b06e9000-7f72b06ea000 r--p 0001c000 fd:01 2902171                    /usr/lib64/libbz2.so.1.0.6
7f72b06ea000-7f72b06eb000 rw-p 0001d000 fd:01 2902171                    /usr/lib64/libbz2.so.1.0.6
7f72b06eb000-7f72b0703000 r-xp 00000000 fd:01 2915534                    /usr/lib64/libgcc_s.so.1
7f72b0703000-7f72b0704000 r--p 00017000 fd:01 2915534                    /usr/lib64/libgcc_s.so.1
7f72b0704000-7f72b0705000 rw-p 00018000 fd:01 2915534                    /usr/lib64/libgcc_s.so.1
7f72b0705000-7f72b07e5000 r-xp 00000000 fd:01 2897266                    /usr/lib64/libfreetype.so.6.14.0
7f72b07e5000-7f72b07ec000 r--p 000df000 fd:01 2897266                    /usr/lib64/libfreetype.so.6.14.0
7f72b07ec000-7f72b07ed000 rw-p 000e6000 fd:01 2897266                    /usr/lib64/libfreetype.so.6.14.0
7f72b07ed000-7f72b0854000 r-xp 00000000 fd:01 3803657                    /usr/lib64/openjdk-8/jre/lib/amd64/libfontmanager.so
7f72b0854000-7f72b0858000 r--p 00066000 fd:01 3803657                    /usr/lib64/openjdk-8/jre/lib/amd64/libfontmanager.so
7f72b0858000-7f72b0859000 rw-p 0006a000 fd:01 3803657                    /usr/lib64/openjdk-8/jre/lib/amd64/libfontmanager.so
7f72b0859000-7f72b085c000 r-xp 00000000 fd:01 2902394                    /usr/lib64/libXau.so.6.0.0
7f72b085c000-7f72b085d000 r--p 00002000 fd:01 2902394                    /usr/lib64/libXau.so.6.0.0
7f72b085d000-7f72b085e000 rw-p 00003000 fd:01 2902394                    /usr/lib64/libXau.so.6.0.0
7f72b085e000-7f72b0888000 r-xp 00000000 fd:01 2902410                    /usr/lib64/libxcb.so.1.1.0
7f72b0888000-7f72b0889000 ---p 0002a000 fd:01 2902410                    /usr/lib64/libxcb.so.1.1.0
7f72b0889000-7f72b088a000 r--p 0002a000 fd:01 2902410                    /usr/lib64/libxcb.so.1.1.0
7f72b088a000-7f72b088b000 rw-p 0002b000 fd:01 2902410                    /usr/lib64/libxcb.so.1.1.0
7f72b088b000-7f72b089e000 r-xp 00000000 fd:01 2907475                    /usr/lib64/libXi.so.6.1.0
7f72b089e000-7f72b089f000 r--p 00012000 fd:01 2907475                    /usr/lib64/libXi.so.6.1.0
7f72b089f000-7f72b08a0000 rw-p 00013000 fd:01 2907475                    /usr/lib64/libXi.so.6.1.0
7f72b08a0000-7f72b08a6000 r-xp 00000000 fd:01 2907361                    /usr/lib64/libXtst.so.6.1.0
7f72b08a6000-7f72b08a7000 ---p 00006000 fd:01 2907361                    /usr/lib64/libXtst.so.6.1.0
7f72b08a7000-7f72b08a8000 r--p 00006000 fd:01 2907361                    /usr/lib64/libXtst.so.6.1.0
7f72b08a8000-7f72b08a9000 rw-p 00007000 fd:01 2907361                    /usr/lib64/libXtst.so.6.1.0
7f72b08a9000-7f72b08b3000 r-xp 00000000 fd:01 2902516                    /usr/lib64/libXrender.so.1.3.0
7f72b08b3000-7f72b08b4000 r--p 00009000 fd:01 2902516                    /usr/lib64/libXrender.so.1.3.0
7f72b08b4000-7f72b08b5000 rw-p 0000a000 fd:01 2902516                    /usr/lib64/libXrender.so.1.3.0
7f72b08b5000-7f72b0a12000 r-xp 00000000 fd:01 2902414                    /usr/lib64/libX11.so.6.3.0
7f72b0a12000-7f72b0a14000 r--p 0015c000 fd:01 2902414                    /usr/lib64/libX11.so.6.3.0
7f72b0a14000-7f72b0a18000 rw-p 0015e000 fd:01 2902414                    /usr/lib64/libX11.so.6.3.0
7f72b0a18000-7f72b0a2d000 r-xp 00000000 fd:01 2907466                    /usr/lib64/libXext.so.6.4.0
7f72b0a2d000-7f72b0a2e000 r--p 00014000 fd:01 2907466                    /usr/lib64/libXext.so.6.4.0
7f72b0a2e000-7f72b0a2f000 rw-p 00015000 fd:01 2907466                    /usr/lib64/libXext.so.6.4.0
7f72b0a2f000-7f72b0ad8000 r-xp 00000000 fd:01 3801929                    /usr/lib64/openjdk-8/jre/lib/amd64/libawt.so
7f72b0ad8000-7f72b0ad9000 r--p 000a8000 fd:01 3801929                    /usr/lib64/openjdk-8/jre/lib/amd64/libawt.so
7f72b0ad9000-7f72b0ae4000 rw-p 000a9000 fd:01 3801929                    /usr/lib64/openjdk-8/jre/lib/amd64/libawt.so
7f72b0ae4000-7f72b0b09000 rw-p 00000000 00:00 0 
7f72b0b09000-7f72b0b0a000 ---p 00000000 00:00 0 
7f72b0b0a000-7f72b0c0a000 rw-p 00000000 00:00 0 
7f72b0c0a000-7f72b0c0d000 ---p 00000000 00:00 0 
7f72b0c0d000-7f72b0d0b000 rw-p 00000000 00:00 0 
7f72b0d0b000-7f72b0d0e000 ---p 00000000 00:00 0 
7f72b0d0e000-7f72b0e0c000 rw-p 00000000 00:00 0 
7f72b0e0c000-7f72b0e0f000 ---p 00000000 00:00 0 
7f72b0e0f000-7f72b0f0d000 rw-p 00000000 00:00 0 
7f72b0f0d000-7f72b0f10000 ---p 00000000 00:00 0 
7f72b0f10000-7f72b100e000 rw-p 00000000 00:00 0 
7f72b100e000-7f72b1011000 ---p 00000000 00:00 0 
7f72b1011000-7f72b110f000 rw-p 00000000 00:00 0 
7f72b110f000-7f72b1112000 ---p 00000000 00:00 0 
7f72b1112000-7f72b4000000 rw-p 00000000 00:00 0 
7f72b4000000-7f72b4021000 rw-p 00000000 00:00 0 
7f72b4021000-7f72b8000000 ---p 00000000 00:00 0 
7f72b8000000-7f72b8021000 rw-p 00000000 00:00 0 
7f72b8021000-7f72bc000000 ---p 00000000 00:00 0 
7f72bc000000-7f72bc021000 rw-p 00000000 00:00 0 
7f72bc021000-7f72c0000000 ---p 00000000 00:00 0 
7f72c0000000-7f72c0004000 rw-s 00000000 00:05 72445                      /drm mm object (deleted)
7f72c0004000-7f72c0009000 rw-s 00000000 00:05 72444                      /drm mm object (deleted)
7f72c0009000-7f72c000e000 r--s 0009a000 fd:01 3817219                    /usr/lib64/openjdk-8/jre/lib/jsse.jar
7f72c000e000-7f72c0024000 r-xp 00000000 fd:01 3807745                    /usr/lib64/openjdk-8/jre/lib/amd64/libnet.so
7f72c0024000-7f72c0025000 r--p 00015000 fd:01 3807745                    /usr/lib64/openjdk-8/jre/lib/amd64/libnet.so
7f72c0025000-7f72c0026000 rw-p 00016000 fd:01 3807745                    /usr/lib64/openjdk-8/jre/lib/amd64/libnet.so
7f72c0026000-7f72c0079000 r-xp 00000000 fd:01 3801933                    /usr/lib64/openjdk-8/jre/lib/amd64/libawt_xawt.so
7f72c0079000-7f72c007a000 ---p 00053000 fd:01 3801933                    /usr/lib64/openjdk-8/jre/lib/amd64/libawt_xawt.so
7f72c007a000-7f72c007b000 r--p 00053000 fd:01 3801933                    /usr/lib64/openjdk-8/jre/lib/amd64/libawt_xawt.so
7f72c007b000-7f72c007d000 rw-p 00054000 fd:01 3801933                    /usr/lib64/openjdk-8/jre/lib/amd64/libawt_xawt.so
7f72c007d000-7f72c007f000 rw-p 00000000 00:00 0 
7f72c007f000-7f72c008a000 r--s 00099000 fd:01 2498923                    /home/darek/javaWorkspace/Senlin/lib/slick.jar
7f72c008a000-7f72c0098000 r--s 000f2000 fd:01 2498885                    /home/darek/javaWorkspace/Senlin/lib/lwjgl.jar
7f72c0098000-7f72c009c000 r--s 00027000 fd:01 2498898                    /home/darek/javaWorkspace/Senlin/lib/lwjgl_util.jar
7f72c009c000-7f72c00af000 r--s 00346000 fd:01 3817221                    /usr/lib64/openjdk-8/jre/lib/resources.jar
7f72c00af000-7f72c00b2000 ---p 00000000 00:00 0 
7f72c00b2000-7f72c01b0000 rw-p 00000000 00:00 0 
7f72c01b0000-7f72c01b3000 ---p 00000000 00:00 0 
7f72c01b3000-7f72c02b1000 rw-p 00000000 00:00 0 
7f72c02b1000-7f72c02b2000 ---p 00000000 00:00 0 
7f72c02b2000-7f72c1000000 rw-p 00000000 00:00 0 
7f72c1000000-7f72c1680000 rwxp 00000000 00:00 0 
7f72c1680000-7f72d0000000 ---p 00000000 00:00 0 
7f72d0000000-7f72d1d10000 rw-p 00000000 00:00 0 
7f72d1d10000-7f72d4000000 ---p 00000000 00:00 0 
7f72d4000000-7f72d4001000 rwxp 00000000 00:00 0 
7f72d4001000-7f72d4002000 rw-s 00000000 00:05 72450                      /memfd:xshmfence (deleted)
7f72d4002000-7f72d5046000 rw-p 00000000 00:00 0 
7f72d5046000-7f72d5214000 r--s 03c29000 fd:01 3817222                    /usr/lib64/openjdk-8/jre/lib/rt.jar
7f72d5214000-7f72d5e09000 rw-p 00000000 00:00 0 
7f72d5e09000-7f72d5e0a000 ---p 00000000 00:00 0 
7f72d5e0a000-7f72d5f0a000 rw-p 00000000 00:00 0 
7f72d5f0a000-7f72d5f0b000 ---p 00000000 00:00 0 
7f72d5f0b000-7f72d600b000 rw-p 00000000 00:00 0 
7f72d600b000-7f72d600c000 ---p 00000000 00:00 0 
7f72d600c000-7f72d610c000 rw-p 00000000 00:00 0 
7f72d610c000-7f72d610d000 ---p 00000000 00:00 0 
7f72d610d000-7f72d620d000 rw-p 00000000 00:00 0 
7f72d620d000-7f72d620e000 ---p 00000000 00:00 0 
7f72d620e000-7f72d630e000 rw-p 00000000 00:00 0 
7f72d630e000-7f72d630f000 ---p 00000000 00:00 0 
7f72d630f000-7f72d640f000 rw-p 00000000 00:00 0 
7f72d640f000-7f72d6410000 ---p 00000000 00:00 0 
7f72d6410000-7f72d6510000 rw-p 00000000 00:00 0 
7f72d6510000-7f72d6511000 ---p 00000000 00:00 0 
7f72d6511000-7f72d6694000 rw-p 00000000 00:00 0 
7f72d6694000-7f72d67fb000 ---p 00000000 00:00 0 
7f72d67fb000-7f72d687e000 rw-p 00000000 00:00 0 
7f72d687e000-7f72d69e5000 ---p 00000000 00:00 0 
7f72d69e5000-7f72d6a42000 rw-p 00000000 00:00 0 
7f72d6a42000-7f72d6ada000 ---p 00000000 00:00 0 
7f72d6ada000-7f72d6af5000 rw-p 00000000 00:00 0 
7f72d6af5000-7f72d6e9b000 ---p 00000000 00:00 0 
7f72d6e9b000-7f72d6ea6000 r-xp 00000000 fd:01 2901548                    /usr/lib64/libnss_files-2.25.so
7f72d6ea6000-7f72d6ea7000 r--p 0000a000 fd:01 2901548                    /usr/lib64/libnss_files-2.25.so
7f72d6ea7000-7f72d6ea8000 rw-p 0000b000 fd:01 2901548                    /usr/lib64/libnss_files-2.25.so
7f72d6ea8000-7f72d6eae000 rw-p 00000000 00:00 0 
7f72d6eae000-7f72d6eb9000 r-xp 00000000 fd:01 2901549                    /usr/lib64/libnss_nis-2.25.so
7f72d6eb9000-7f72d6eba000 r--p 0000a000 fd:01 2901549                    /usr/lib64/libnss_nis-2.25.so
7f72d6eba000-7f72d6ebb000 rw-p 0000b000 fd:01 2901549                    /usr/lib64/libnss_nis-2.25.so
7f72d6ebb000-7f72d6ed2000 r-xp 00000000 fd:01 2901545                    /usr/lib64/libnsl-2.25.so
7f72d6ed2000-7f72d6ed3000 r--p 00016000 fd:01 2901545                    /usr/lib64/libnsl-2.25.so
7f72d6ed3000-7f72d6ed4000 rw-p 00017000 fd:01 2901545                    /usr/lib64/libnsl-2.25.so
7f72d6ed4000-7f72d6ed6000 rw-p 00000000 00:00 0 
7f72d6ed6000-7f72d6ed7000 r-xp 00000000 fd:01 3807721                    /usr/lib64/openjdk-8/jre/lib/amd64/libjawt.so
7f72d6ed7000-7f72d6ed8000 r--p 00000000 fd:01 3807721                    /usr/lib64/openjdk-8/jre/lib/amd64/libjawt.so
7f72d6ed8000-7f72d6ed9000 rw-p 00001000 fd:01 3807721                    /usr/lib64/openjdk-8/jre/lib/amd64/libjawt.so
7f72d6ed9000-7f72d6edb000 r--s 0000d000 fd:01 2498879                    /home/darek/javaWorkspace/Senlin/lib/jorbis-0.0.15.jar
7f72d6edb000-7f72d6ee0000 r--s 00030000 fd:01 2498869                    /home/darek/javaWorkspace/Senlin/lib/jinput.jar
7f72d6ee0000-7f72d6ee5000 r--s 002f9000 fd:01 3811081                    /usr/lib64/openjdk-8/jre/lib/charsets.jar
7f72d6ee5000-7f72d6ee8000 r--s 00015000 fd:01 3817215                    /usr/lib64/openjdk-8/jre/lib/jce.jar
7f72d6ee8000-7f72d6ef0000 r-xp 00000000 fd:01 3811070                    /usr/lib64/openjdk-8/jre/lib/amd64/libzip.so
7f72d6ef0000-7f72d6ef1000 r--p 00007000 fd:01 3811070                    /usr/lib64/openjdk-8/jre/lib/amd64/libzip.so
7f72d6ef1000-7f72d6ef2000 rw-p 00008000 fd:01 3811070                    /usr/lib64/openjdk-8/jre/lib/amd64/libzip.so
7f72d6ef2000-7f72d6efa000 rw-s 00000000 00:24 106971                     /tmp/hsperfdata_darek/22517
7f72d6efa000-7f72d6f27000 r-xp 00000000 fd:01 3807717                    /usr/lib64/openjdk-8/jre/lib/amd64/libjava.so
7f72d6f27000-7f72d6f28000 ---p 0002d000 fd:01 3807717                    /usr/lib64/openjdk-8/jre/lib/amd64/libjava.so
7f72d6f28000-7f72d6f29000 r--p 0002d000 fd:01 3807717                    /usr/lib64/openjdk-8/jre/lib/amd64/libjava.so
7f72d6f29000-7f72d6f2a000 rw-p 0002e000 fd:01 3807717                    /usr/lib64/openjdk-8/jre/lib/amd64/libjava.so
7f72d6f2a000-7f72d6f2b000 rw-p 00000000 00:00 0 
7f72d6f2b000-7f72d6f32000 r-xp 00000000 fd:01 2901552                    /usr/lib64/librt-2.25.so
7f72d6f32000-7f72d6f33000 r--p 00006000 fd:01 2901552                    /usr/lib64/librt-2.25.so
7f72d6f33000-7f72d6f34000 rw-p 00007000 fd:01 2901552                    /usr/lib64/librt-2.25.so
7f72d6f34000-7f72d6f37000 ---p 00000000 00:00 0 
7f72d6f37000-7f72d7035000 rw-p 00000000 00:00 0 
7f72d7035000-7f72d7149000 r-xp 00000000 fd:01 2901533                    /usr/lib64/libm-2.25.so
7f72d7149000-7f72d714a000 r--p 00113000 fd:01 2901533                    /usr/lib64/libm-2.25.so
7f72d714a000-7f72d714b000 rw-p 00114000 fd:01 2901533                    /usr/lib64/libm-2.25.so
7f72d714b000-7f72d7df5000 r-xp 00000000 fd:01 3811073                    /usr/lib64/openjdk-8/jre/lib/amd64/server/libjvm.so
7f72d7df5000-7f72d7ff5000 ---p 00caa000 fd:01 3811073                    /usr/lib64/openjdk-8/jre/lib/amd64/server/libjvm.so
7f72d7ff5000-7f72d8089000 r--p 00caa000 fd:01 3811073                    /usr/lib64/openjdk-8/jre/lib/amd64/server/libjvm.so
7f72d8089000-7f72d80b1000 rw-p 00d3e000 fd:01 3811073                    /usr/lib64/openjdk-8/jre/lib/amd64/server/libjvm.so
7f72d80b1000-7f72d80e4000 rw-p 00000000 00:00 0 
7f72d80e4000-7f72d82a9000 r-xp 00000000 fd:01 2899425                    /usr/lib64/libc-2.25.so
7f72d82a9000-7f72d82ad000 r--p 001c4000 fd:01 2899425                    /usr/lib64/libc-2.25.so
7f72d82ad000-7f72d82af000 rw-p 001c8000 fd:01 2899425                    /usr/lib64/libc-2.25.so
7f72d82af000-7f72d82b3000 rw-p 00000000 00:00 0 
7f72d82b3000-7f72d82b6000 r-xp 00000000 fd:01 2901519                    /usr/lib64/libdl-2.25.so
7f72d82b6000-7f72d82b7000 r--p 00002000 fd:01 2901519                    /usr/lib64/libdl-2.25.so
7f72d82b7000-7f72d82b8000 rw-p 00003000 fd:01 2901519                    /usr/lib64/libdl-2.25.so
7f72d82b8000-7f72d82c6000 r-xp 00000000 fd:01 3817272                    /usr/lib64/openjdk-8/lib/amd64/jli/libjli.so
7f72d82c6000-7f72d82c7000 r--p 0000d000 fd:01 3817272                    /usr/lib64/openjdk-8/lib/amd64/jli/libjli.so
7f72d82c7000-7f72d82c8000 rw-p 0000e000 fd:01 3817272                    /usr/lib64/openjdk-8/lib/amd64/jli/libjli.so
7f72d82c8000-7f72d82de000 r-xp 00000000 fd:01 2888917                    /usr/lib64/libz.so.1.2.11
7f72d82de000-7f72d82df000 r--p 00015000 fd:01 2888917                    /usr/lib64/libz.so.1.2.11
7f72d82df000-7f72d82e0000 rw-p 00016000 fd:01 2888917                    /usr/lib64/libz.so.1.2.11
7f72d82e0000-7f72d82f9000 r-xp 00000000 fd:01 2901550                    /usr/lib64/libpthread-2.25.so
7f72d82f9000-7f72d82fa000 r--p 00018000 fd:01 2901550                    /usr/lib64/libpthread-2.25.so
7f72d82fa000-7f72d82fb000 rw-p 00019000 fd:01 2901550                    /usr/lib64/libpthread-2.25.so
7f72d82fb000-7f72d82ff000 rw-p 00000000 00:00 0 
7f72d82ff000-7f72d8300000 r--s 00001000 fd:01 2498878                    /home/darek/javaWorkspace/Senlin/lib/jogg-0.0.7.jar
7f72d8300000-7f72d8305000 r--s 0009a000 fd:01 3817219                    /usr/lib64/openjdk-8/jre/lib/jsse.jar
7f72d8305000-7f72d830d000 r-xp 00000000 fd:01 2901546                    /usr/lib64/libnss_compat-2.25.so
7f72d830d000-7f72d830e000 ---p 00008000 fd:01 2901546                    /usr/lib64/libnss_compat-2.25.so
7f72d830e000-7f72d830f000 r--p 00008000 fd:01 2901546                    /usr/lib64/libnss_compat-2.25.so
7f72d830f000-7f72d8310000 rw-p 00009000 fd:01 2901546                    /usr/lib64/libnss_compat-2.25.so
7f72d8310000-7f72d8311000 rw-p 00000000 00:00 0 
7f72d8311000-7f72d8312000 r--p 00000000 00:00 0 
7f72d8312000-7f72d8320000 r-xp 00000000 fd:01 3811067                    /usr/lib64/openjdk-8/jre/lib/amd64/libverify.so
7f72d8320000-7f72d8322000 r--p 0000d000 fd:01 3811067                    /usr/lib64/openjdk-8/jre/lib/amd64/libverify.so
7f72d8322000-7f72d8323000 rw-p 0000f000 fd:01 3811067                    /usr/lib64/openjdk-8/jre/lib/amd64/libverify.so
7f72d8323000-7f72d8325000 rw-p 00000000 00:00 0 
7f72d8325000-7f72d834b000 r-xp 00000000 fd:01 2899103                    /usr/lib64/ld-2.25.so
7f72d834b000-7f72d834c000 r--p 00025000 fd:01 2899103                    /usr/lib64/ld-2.25.so
7f72d834c000-7f72d834e000 rw-p 00026000 fd:01 2899103                    /usr/lib64/ld-2.25.so
7ffd57589000-7ffd575aa000 rw-p 00000000 00:00 0                          [stack]
7ffd575f5000-7ffd575f7000 r--p 00000000 00:00 0                          [vvar]
7ffd575f7000-7ffd575f9000 r-xp 00000000 00:00 0                          [vdso]
ffffffffff600000-ffffffffff601000 r-xp 00000000 00:00 0                  [vsyscall]

VM Arguments:
jvm_args: -Djava.library.path=/home/darek/javaWorkspace/Senlin/natives -Dfile.encoding=UTF-8 
java_command: pl.isangeles.senlin.SenlinGame
java_class_path (initial): /usr/lib64/openjdk-8/jre/lib/resources.jar:/usr/lib64/openjdk-8/jre/lib/rt.jar:/usr/lib64/openjdk-8/jre/lib/jsse.jar:/usr/lib64/openjdk-8/jre/lib/jce.jar:/usr/lib64/openjdk-8/jre/lib/charsets.jar:/usr/lib64/openjdk-8/jre/lib/ext/zipfs.jar:/usr/lib64/openjdk-8/jre/lib/ext/sunec.jar:/usr/lib64/openjdk-8/jre/lib/ext/sunjce_provider.jar:/usr/lib64/openjdk-8/jre/lib/ext/jaccess.jar:/usr/lib64/openjdk-8/jre/lib/ext/sunpkcs11.jar:/usr/lib64/openjdk-8/jre/lib/ext/dnsns.jar:/usr/lib64/openjdk-8/jre/lib/ext/nashorn.jar:/usr/lib64/openjdk-8/jre/lib/ext/cldrdata.jar:/usr/lib64/openjdk-8/jre/lib/ext/localedata.jar:/home/darek/javaWorkspace/Senlin/bin:/home/darek/javaWorkspace/Senlin/lib/jinput.jar:/home/darek/javaWorkspace/Senlin/lib/jogg-0.0.7.jar:/home/darek/javaWorkspace/Senlin/lib/jorbis-0.0.15.jar:/home/darek/javaWorkspace/Senlin/lib/lwjgl_util.jar:/home/darek/javaWorkspace/Senlin/lib/lwjgl.jar:/home/darek/javaWorkspace/Senlin/lib/slick.jar
Launcher Type: SUN_STANDARD

Environment Variables:
PATH=/bin:/home/darek/bin:/sbin:/bin:/usr/sbin:/usr/bin:/snap/bin
USERNAME=darek
SHELL=/bin/bash
DISPLAY=:1

Signal Handlers:
SIGSEGV: [libjvm.so+0xaab1e0], sa_mask[0]=11111111011111111101111111111110, sa_flags=SA_RESTART|SA_SIGINFO
SIGBUS: [libjvm.so+0xaab1e0], sa_mask[0]=11111111011111111101111111111110, sa_flags=SA_RESTART|SA_SIGINFO
SIGFPE: [libjvm.so+0x8e1470], sa_mask[0]=11111111011111111101111111111110, sa_flags=SA_RESTART|SA_SIGINFO
SIGPIPE: [libjvm.so+0x8e1470], sa_mask[0]=11111111011111111101111111111110, sa_flags=SA_RESTART|SA_SIGINFO
SIGXFSZ: [libjvm.so+0x8e1470], sa_mask[0]=11111111011111111101111111111110, sa_flags=SA_RESTART|SA_SIGINFO
SIGILL: [libjvm.so+0x8e1470], sa_mask[0]=11111111011111111101111111111110, sa_flags=SA_RESTART|SA_SIGINFO
SIGUSR1: SIG_DFL, sa_mask[0]=00000000000000000000000000000000, sa_flags=none
SIGUSR2: [libjvm.so+0x8e1320], sa_mask[0]=00100000000000000000000000000000, sa_flags=SA_RESTART|SA_SIGINFO
SIGHUP: [libjvm.so+0x8e17d0], sa_mask[0]=11111111011111111101111111111110, sa_flags=SA_RESTART|SA_SIGINFO
SIGINT: [libjvm.so+0x8e17d0], sa_mask[0]=11111111011111111101111111111110, sa_flags=SA_RESTART|SA_SIGINFO
SIGTERM: [libjvm.so+0x8e17d0], sa_mask[0]=11111111011111111101111111111110, sa_flags=SA_RESTART|SA_SIGINFO
SIGQUIT: [libjvm.so+0x8e17d0], sa_mask[0]=11111111011111111101111111111110, sa_flags=SA_RESTART|SA_SIGINFO


---------------  S Y S T E M  ---------------

OS:LSB_VERSION=1.4
DISTRIB_ID=Solus
DISTRIB_DESCRIPTION="Solus"
DISTRIB_RELEASE=3
DISTRIB_CODENAME=shannon

uname:Linux 4.9.75-68.lts #1 SMP Sat Jan 6 01:30:07 UTC 2018 x86_64
libc:glibc 2.25 NPTL 2.25 
rlimit: STACK 8192k, CORE 0k, NPROC 23401, NOFILE 4096, AS infinity
load average:0.92 0.84 0.73

/proc/meminfo:
MemTotal:        6018732 kB
MemFree:          644324 kB
MemAvailable:    2206472 kB
Buffers:          142420 kB
Cached:          1895880 kB
SwapCached:            0 kB
Active:          3536696 kB
Inactive:        1406016 kB
Active(anon):    2905652 kB
Inactive(anon):   403464 kB
Active(file):     631044 kB
Inactive(file):  1002552 kB
Unevictable:          32 kB
Mlocked:              32 kB
SwapTotal:       3907580 kB
SwapFree:        3907580 kB
Dirty:               396 kB
Writeback:             0 kB
AnonPages:       2904564 kB
Mapped:           492848 kB
Shmem:            404708 kB
Slab:             308076 kB
SReclaimable:     224816 kB
SUnreclaim:        83260 kB
KernelStack:       15968 kB
PageTables:        33096 kB
NFS_Unstable:          0 kB
Bounce:                0 kB
WritebackTmp:          0 kB
CommitLimit:     6916944 kB
Committed_AS:   10013920 kB
VmallocTotal:   34359738367 kB
VmallocUsed:           0 kB
VmallocChunk:          0 kB
AnonHugePages:         0 kB
ShmemHugePages:        0 kB
ShmemPmdMapped:        0 kB
HugePages_Total:       0
HugePages_Free:        0
HugePages_Rsvd:        0
HugePages_Surp:        0
Hugepagesize:       2048 kB
DirectMap4k:       39564 kB
DirectMap2M:     6158336 kB


CPU:total 8 (initial active 8) (4 cores per cpu, 2 threads per core) family 6 model 42 stepping 7, cmov, cx8, fxsr, mmx, sse, sse2, sse3, ssse3, sse4.1, sse4.2, popcnt, avx, aes, clmul, ht, tsc, tscinvbit

/proc/cpuinfo:
processor	: 0
vendor_id	: GenuineIntel
cpu family	: 6
model		: 42
model name	: Intel(R) Core(TM) i7-2670QM CPU @ 2.20GHz
stepping	: 7
microcode	: 0x29
cpu MHz		: 1899.621
cache size	: 6144 KB
physical id	: 0
siblings	: 8
core id		: 0
cpu cores	: 4
apicid		: 0
initial apicid	: 0
fpu		: yes
fpu_exception	: yes
cpuid level	: 13
wp		: yes
flags		: fpu vme de pse tsc msr pae mce cx8 apic sep mtrr pge mca cmov pat pse36 clflush dts acpi mmx fxsr sse sse2 ss ht tm pbe syscall nx rdtscp lm constant_tsc arch_perfmon pebs bts rep_good nopl xtopology nonstop_tsc aperfmperf eagerfpu pni pclmulqdq dtes64 monitor ds_cpl vmx est tm2 ssse3 cx16 xtpr pdcm pcid sse4_1 sse4_2 x2apic popcnt tsc_deadline_timer aes xsave avx lahf_lm epb kaiser tpr_shadow vnmi flexpriority ept vpid xsaveopt dtherm ida arat pln pts
bugs		:
bogomips	: 4389.98
clflush size	: 64
cache_alignment	: 64
address sizes	: 36 bits physical, 48 bits virtual
power management:

processor	: 1
vendor_id	: GenuineIntel
cpu family	: 6
model		: 42
model name	: Intel(R) Core(TM) i7-2670QM CPU @ 2.20GHz
stepping	: 7
microcode	: 0x29
cpu MHz		: 1879.077
cache size	: 6144 KB
physical id	: 0
siblings	: 8
core id		: 1
cpu cores	: 4
apicid		: 2
initial apicid	: 2
fpu		: yes
fpu_exception	: yes
cpuid level	: 13
wp		: yes
flags		: fpu vme de pse tsc msr pae mce cx8 apic sep mtrr pge mca cmov pat pse36 clflush dts acpi mmx fxsr sse sse2 ss ht tm pbe syscall nx rdtscp lm constant_tsc arch_perfmon pebs bts rep_good nopl xtopology nonstop_tsc aperfmperf eagerfpu pni pclmulqdq dtes64 monitor ds_cpl vmx est tm2 ssse3 cx16 xtpr pdcm pcid sse4_1 sse4_2 x2apic popcnt tsc_deadline_timer aes xsave avx lahf_lm epb kaiser tpr_shadow vnmi flexpriority ept vpid xsaveopt dtherm ida arat pln pts
bugs		:
bogomips	: 4389.98
clflush size	: 64
cache_alignment	: 64
address sizes	: 36 bits physical, 48 bits virtual
power management:

processor	: 2
vendor_id	: GenuineIntel
cpu family	: 6
model		: 42
model name	: Intel(R) Core(TM) i7-2670QM CPU @ 2.20GHz
stepping	: 7
microcode	: 0x29
cpu MHz		: 1910.229
cache size	: 6144 KB
physical id	: 0
siblings	: 8
core id		: 2
cpu cores	: 4
apicid		: 4
initial apicid	: 4
fpu		: yes
fpu_exception	: yes
cpuid level	: 13
wp		: yes
flags		: fpu vme de pse tsc msr pae mce cx8 apic sep mtrr pge mca cmov pat pse36 clflush dts acpi mmx fxsr sse sse2 ss ht tm pbe syscall nx rdtscp lm constant_tsc arch_perfmon pebs bts rep_good nopl xtopology nonstop_tsc aperfmperf eagerfpu pni pclmulqdq dtes64 monitor ds_cpl vmx est tm2 ssse3 cx16 xtpr pdcm pcid sse4_1 sse4_2 x2apic popcnt tsc_deadline_timer aes xsave avx lahf_lm epb kaiser tpr_shadow vnmi flexpriority ept vpid xsaveopt dtherm ida arat pln pts
bugs		:
bogomips	: 4389.98
clflush size	: 64
cache_alignment	: 64
address sizes	: 36 bits physical, 48 bits virtual
power management:

processor	: 3
vendor_id	: GenuineIntel
cpu family	: 6
model		: 42
model name	: Intel(R) Core(TM) i7-2670QM CPU @ 2.20GHz
stepping	: 7
microcode	: 0x29
cpu MHz		: 1680.615
cache size	: 6144 KB
physical id	: 0
siblings	: 8
core id		: 3
cpu cores	: 4
apicid		: 6
initial apicid	: 6
fpu		: yes
fpu_exception	: yes
cpuid level	: 13
wp		: yes
flags		: fpu vme de pse tsc msr pae mce cx8 apic sep mtrr pge mca cmov pat pse36 clflush dts acpi mmx fxsr sse sse2 ss ht tm pbe syscall nx rdtscp lm constant_tsc arch_perfmon pebs bts rep_good nopl xtopology nonstop_tsc aperfmperf eagerfpu pni pclmulqdq dtes64 monitor ds_cpl vmx est tm2 ssse3 cx16 xtpr pdcm pcid sse4_1 sse4_2 x2apic popcnt tsc_deadline_timer aes xsave avx lahf_lm epb kaiser tpr_shadow vnmi flexpriority ept vpid xsaveopt dtherm ida arat pln pts
bugs		:
bogomips	: 4389.98
clflush size	: 64
cache_alignment	: 64
address sizes	: 36 bits physical, 48 bits virtual
power management:

processor	: 4
vendor_id	: GenuineIntel
cpu family	: 6
model		: 42
model name	: Intel(R) Core(TM) i7-2670QM CPU @ 2.20GHz
stepping	: 7
microcode	: 0x29
cpu MHz		: 1764.941
cache size	: 6144 KB
physical id	: 0
siblings	: 8
core id		: 0
cpu cores	: 4
apicid		: 1
initial apicid	: 1
fpu		: yes
fpu_exception	: yes
cpuid level	: 13
wp		: yes
flags		: fpu vme de pse tsc msr pae mce cx8 apic sep mtrr pge mca cmov pat pse36 clflush dts acpi mmx fxsr sse sse2 ss ht tm pbe syscall nx rdtscp lm constant_tsc arch_perfmon pebs bts rep_good nopl xtopology nonstop_tsc aperfmperf eagerfpu pni pclmulqdq dtes64 monitor ds_cpl vmx est tm2 ssse3 cx16 xtpr pdcm pcid sse4_1 sse4_2 x2apic popcnt tsc_deadline_timer aes xsave avx lahf_lm epb kaiser tpr_shadow vnmi flexpriority ept vpid xsaveopt dtherm ida arat pln pts
bugs		:
bogomips	: 4389.98
clflush size	: 64
cache_alignment	: 64
address sizes	: 36 bits physical, 48 bits virtual
power management:

processor	: 5
vendor_id	: GenuineIntel
cpu family	: 6
model		: 42
model name	: Intel(R) Core(TM) i7-2670QM CPU @ 2.20GHz
stepping	: 7
microcode	: 0x29
cpu MHz		: 1783.471
cache size	: 6144 KB
physical id	: 0
siblings	: 8
core id		: 1
cpu cores	: 4
apicid		: 3
initial apicid	: 3
fpu		: yes
fpu_exception	: yes
cpuid level	: 13
wp		: yes
flags		: fpu vme de pse tsc msr pae mce cx8 apic sep mtrr pge mca cmov pat pse36 clflush dts acpi mmx fxsr sse sse2 ss ht tm pbe syscall nx rdtscp lm constant_tsc arch_perfmon pebs bts rep_good nopl xtopology nonstop_tsc aperfmperf eagerfpu pni pclmulqdq dtes64 monitor ds_cpl vmx est tm2 ssse3 cx16 xtpr pdcm pcid sse4_1 sse4_2 x2apic popcnt tsc_deadline_timer aes xsave avx lahf_lm epb kaiser tpr_shadow vnmi flexpriority ept vpid xsaveopt dtherm ida arat pln pts
bugs		:
bogomips	: 4389.98
clflush size	: 64
cache_alignment	: 64
address sizes	: 36 bits physical, 48 bits virtual
power management:

processor	: 6
vendor_id	: GenuineIntel
cpu family	: 6
model		: 42
model name	: Intel(R) Core(TM) i7-2670QM CPU @ 2.20GHz
stepping	: 7
microcode	: 0x29
cpu MHz		: 1797.436
cache size	: 6144 KB
physical id	: 0
siblings	: 8
core id		: 2
cpu cores	: 4
apicid		: 5
initial apicid	: 5
fpu		: yes
fpu_exception	: yes
cpuid level	: 13
wp		: yes
flags		: fpu vme de pse tsc msr pae mce cx8 apic sep mtrr pge mca cmov pat pse36 clflush dts acpi mmx fxsr sse sse2 ss ht tm pbe syscall nx rdtscp lm constant_tsc arch_perfmon pebs bts rep_good nopl xtopology nonstop_tsc aperfmperf eagerfpu pni pclmulqdq dtes64 monitor ds_cpl vmx est tm2 ssse3 cx16 xtpr pdcm pcid sse4_1 sse4_2 x2apic popcnt tsc_deadline_timer aes xsave avx lahf_lm epb kaiser tpr_shadow vnmi flexpriority ept vpid xsaveopt dtherm ida arat pln pts
bugs		:
bogomips	: 4389.98
clflush size	: 64
cache_alignment	: 64
address sizes	: 36 bits physical, 48 bits virtual
power management:

processor	: 7
vendor_id	: GenuineIntel
cpu family	: 6
model		: 42
model name	: Intel(R) Core(TM) i7-2670QM CPU @ 2.20GHz
stepping	: 7
microcode	: 0x29
cpu MHz		: 1657.116
cache size	: 6144 KB
physical id	: 0
siblings	: 8
core id		: 3
cpu cores	: 4
apicid		: 7
initial apicid	: 7
fpu		: yes
fpu_exception	: yes
cpuid level	: 13
wp		: yes
flags		: fpu vme de pse tsc msr pae mce cx8 apic sep mtrr pge mca cmov pat pse36 clflush dts acpi mmx fxsr sse sse2 ss ht tm pbe syscall nx rdtscp lm constant_tsc arch_perfmon pebs bts rep_good nopl xtopology nonstop_tsc aperfmperf eagerfpu pni pclmulqdq dtes64 monitor ds_cpl vmx est tm2 ssse3 cx16 xtpr pdcm pcid sse4_1 sse4_2 x2apic popcnt tsc_deadline_timer aes xsave avx lahf_lm epb kaiser tpr_shadow vnmi flexpriority ept vpid xsaveopt dtherm ida arat pln pts
bugs		:
bogomips	: 4389.98
clflush size	: 64
cache_alignment	: 64
address sizes	: 36 bits physical, 48 bits virtual
power management:



Memory: 4k page, physical 6018732k(644324k free), swap 3907580k(3907580k free)

vm_info: OpenJDK 64-Bit Server VM (25.172-b00) for linux-amd64 JRE (1.8.0_172-solus-b00), built on Dec  1 2017 14:15:41 by "build" with gcc 7.2.0

time: Sun Jan 21 18:43:24 2018
elapsed time: 34 seconds (0d 0h 0m 34s)

