#
# There is insufficient memory for the Java Runtime Environment to continue.
# Native memory allocation (mmap) failed to map 139460608 bytes for committing reserved memory.
# Possible reasons:
#   The system is out of physical RAM or swap space
#   In 32 bit mode, the process size limit was hit
# Possible solutions:
#   Reduce memory load on the system
#   Increase physical memory or swap space
#   Check if swap backing store is full
#   Use 64 bit Java on a 64 bit OS
#   Decrease Java heap size (-Xmx/-Xms)
#   Decrease number of Java threads
#   Decrease Java thread stack sizes (-Xss)
#   Set larger code cache with -XX:ReservedCodeCacheSize=
# This output file may be truncated or incomplete.
#
#  Out of Memory Error (os_linux.cpp:2643), pid=17481, tid=0x00007f41d2beb700
#
# JRE version: OpenJDK Runtime Environment (8.0_131-b11) (build 1.8.0_131-8u131-b11-0ubuntu1.16.04.2-b11)
# Java VM: OpenJDK 64-Bit Server VM (25.131-b11 mixed mode linux-amd64 compressed oops)
# Failed to write core dump. Core dumps have been disabled. To enable core dumping, try "ulimit -c unlimited" before starting Java again
#

---------------  T H R E A D  ---------------

Current thread (0x00007f41f007b800):  VMThread [stack: 0x00007f41d2aeb000,0x00007f41d2bec000] [id=17494]

Stack: [0x00007f41d2aeb000,0x00007f41d2bec000],  sp=0x00007f41d2bea4c0,  free space=1021k
Native frames: (J=compiled Java code, j=interpreted, Vv=VM code, C=native code)
V  [libjvm.so+0xa673eb]
V  [libjvm.so+0x4c3bec]
V  [libjvm.so+0x8b58a0]
V  [libjvm.so+0x8afd1e]
V  [libjvm.so+0x92a856]
V  [libjvm.so+0x92bb83]
V  [libjvm.so+0x928233]
V  [libjvm.so+0x9284fc]
V  [libjvm.so+0x8da393]
V  [libjvm.so+0xa690a2]
V  [libjvm.so+0xa6e187]
V  [libjvm.so+0xa6b957]
V  [libjvm.so+0xa6cddf]
V  [libjvm.so+0xa6d2d1]
V  [libjvm.so+0x8b2d82]

VM_Operation (0x00007f41f8632470): ParallelGCFailedAllocation, mode: safepoint, requested by thread 0x00007f41f000a000


---------------  P R O C E S S  ---------------

Java Threads: ( => current thread )
  0x00007f41f0708800 JavaThread "Thread-2" daemon [_thread_blocked, id=17513, stack(0x00007f41834d3000,0x00007f41835d4000)]
  0x00007f41f03c5800 JavaThread "process reaper" daemon [_thread_blocked, id=17509, stack(0x00007f41d003e000,0x00007f41d0077000)]
  0x00007f41f03c1800 JavaThread "AWT-XAWT" daemon [_thread_in_native, id=17507, stack(0x00007f41c801c000,0x00007f41c811d000)]
  0x00007f41f03a2800 JavaThread "Java2D Disposer" daemon [_thread_blocked, id=17506, stack(0x00007f41c811d000,0x00007f41c821e000)]
  0x00007f41f039d000 JavaThread "Java2D Queue Flusher" daemon [_thread_blocked, id=17505, stack(0x00007f41d0077000,0x00007f41d0178000)]
  0x00007f41f00ce800 JavaThread "Service Thread" daemon [_thread_blocked, id=17502, stack(0x00007f41d1fdb000,0x00007f41d20dc000)]
  0x00007f41f00b7000 JavaThread "C1 CompilerThread2" daemon [_thread_blocked, id=17501, stack(0x00007f41d20dc000,0x00007f41d21dd000)]
  0x00007f41f00b5000 JavaThread "C2 CompilerThread1" daemon [_thread_blocked, id=17500, stack(0x00007f41d21dd000,0x00007f41d22de000)]
  0x00007f41f00b2000 JavaThread "C2 CompilerThread0" daemon [_thread_blocked, id=17499, stack(0x00007f41d22de000,0x00007f41d23df000)]
  0x00007f41f00b0000 JavaThread "Signal Dispatcher" daemon [_thread_blocked, id=17498, stack(0x00007f41d23df000,0x00007f41d24e0000)]
  0x00007f41f0087800 JavaThread "Finalizer" daemon [_thread_blocked, id=17496, stack(0x00007f41d28e9000,0x00007f41d29ea000)]
  0x00007f41f0083000 JavaThread "Reference Handler" daemon [_thread_blocked, id=17495, stack(0x00007f41d29ea000,0x00007f41d2aeb000)]
  0x00007f41f000a000 JavaThread "main" [_thread_blocked, id=17483, stack(0x00007f41f8534000,0x00007f41f8635000)]

Other Threads:
=>0x00007f41f007b800 VMThread [stack: 0x00007f41d2aeb000,0x00007f41d2bec000] [id=17494]
  0x00007f41f00d1000 WatcherThread [stack: 0x00007f41d1eda000,0x00007f41d1fdb000] [id=17503]

VM state:at safepoint (normal execution)

VM Mutex/Monitor currently owned by a thread:  ([mutex/lock_event])
[0x00007f41f0006510] Threads_lock - owner thread: 0x00007f41f007b800
[0x00007f41f0006a10] Heap_lock - owner thread: 0x00007f41f000a000

Heap:
 PSYoungGen      total 528384K, used 11738K [0x00000000d6700000, 0x00000000f7b00000, 0x0000000100000000)
  eden space 514048K, 0% used [0x00000000d6700000,0x00000000d6700000,0x00000000f5d00000)
  from space 14336K, 81% used [0x00000000f5f00000,0x00000000f6a76968,0x00000000f6d00000)
  to   space 4608K, 0% used [0x00000000f7680000,0x00000000f7680000,0x00000000f7b00000)
 ParOldGen       total 48128K, used 27014K [0x0000000083400000, 0x0000000086300000, 0x00000000d6700000)
  object space 48128K, 56% used [0x0000000083400000,0x0000000084e61b70,0x0000000086300000)
 Metaspace       used 14587K, capacity 14763K, committed 14848K, reserved 1062912K
  class space    used 1446K, capacity 1512K, committed 1536K, reserved 1048576K

Card table byte_map: [0x00007f41f4810000,0x00007f41f4bf7000] byte_map_base: 0x00007f41f43f6000

Marking Bits: (ParMarkBitMap*) 0x00007f41f7812260
 Begin Bits: [0x00007f41d81a0000, 0x00007f41da0d0000)
 End Bits:   [0x00007f41da0d0000, 0x00007f41dc000000)

Polling page: 0x00007f41f8665000

CodeCache: size=245760Kb used=7723Kb max_used=7723Kb free=238036Kb
 bounds [0x00007f41e1000000, 0x00007f41e17a0000, 0x00007f41f0000000]
 total_blobs=2768 nmethods=2119 adapters=564
 compilation: enabled

Compilation events (10 events):
Event: 23,263 Thread 0x00007f41f00b7000 2404       3       java.util.Hashtable::<init> (114 bytes)
Event: 23,264 Thread 0x00007f41f00b7000 nmethod 2404 0x00007f41e178ce50 code [0x00007f41e178d140, 0x00007f41e178e538]
Event: 23,581 Thread 0x00007f41f00b7000 2405       3       java.lang.String::split (326 bytes)
Event: 23,587 Thread 0x00007f41f00b7000 nmethod 2405 0x00007f41e178ee90 code [0x00007f41e178f300, 0x00007f41e17924d8]
Event: 23,587 Thread 0x00007f41f00b7000 2406       3       java.util.regex.Pattern$BnM::optimize (179 bytes)
Event: 23,588 Thread 0x00007f41f00b7000 nmethod 2406 0x00007f41e1782750 code [0x00007f41e1782960, 0x00007f41e1783568]
Event: 23,588 Thread 0x00007f41f00b7000 2407       3       java.lang.System::lineSeparator (4 bytes)
Event: 23,588 Thread 0x00007f41f00b7000 nmethod 2407 0x00007f41e17791d0 code [0x00007f41e1779320, 0x00007f41e1779470]
Event: 23,609 Thread 0x00007f41f00b7000 2408       3       java.awt.ColorPaintContext::getColorModel (4 bytes)
Event: 23,609 Thread 0x00007f41f00b7000 nmethod 2408 0x00007f41e1782210 code [0x00007f41e17823a0, 0x00007f41e1782688]

GC Heap History (10 events):
Event: 6,944 GC heap after
Heap after GC invocations=7 (full 1):
 PSYoungGen      total 226304K, used 1944K [0x00000000d6700000, 0x00000000e6400000, 0x0000000100000000)
  eden space 212992K, 0% used [0x00000000d6700000,0x00000000d6700000,0x00000000e3700000)
  from space 13312K, 14% used [0x00000000e4480000,0x00000000e4666020,0x00000000e5180000)
  to   space 13824K, 0% used [0x00000000e3700000,0x00000000e3700000,0x00000000e4480000)
 ParOldGen       total 48128K, used 24630K [0x0000000083400000, 0x0000000086300000, 0x00000000d6700000)
  object space 48128K, 51% used [0x0000000083400000,0x0000000084c0db40,0x0000000086300000)
 Metaspace       used 13734K, capacity 13899K, committed 14080K, reserved 1062912K
  class space    used 1400K, capacity 1480K, committed 1536K, reserved 1048576K
}
Event: 7,915 GC heap before
{Heap before GC invocations=8 (full 1):
 PSYoungGen      total 226304K, used 214936K [0x00000000d6700000, 0x00000000e6400000, 0x0000000100000000)
  eden space 212992K, 100% used [0x00000000d6700000,0x00000000e3700000,0x00000000e3700000)
  from space 13312K, 14% used [0x00000000e4480000,0x00000000e4666020,0x00000000e5180000)
  to   space 13824K, 0% used [0x00000000e3700000,0x00000000e3700000,0x00000000e4480000)
 ParOldGen       total 48128K, used 24630K [0x0000000083400000, 0x0000000086300000, 0x00000000d6700000)
  object space 48128K, 51% used [0x0000000083400000,0x0000000084c0db40,0x0000000086300000)
 Metaspace       used 13751K, capacity 13963K, committed 14080K, reserved 1062912K
  class space    used 1400K, capacity 1480K, committed 1536K, reserved 1048576K
Event: 7,935 GC heap after
Heap after GC invocations=8 (full 1):
 PSYoungGen      total 226816K, used 7536K [0x00000000d6700000, 0x00000000eec00000, 0x0000000100000000)
  eden space 212992K, 0% used [0x00000000d6700000,0x00000000d6700000,0x00000000e3700000)
  from space 13824K, 54% used [0x00000000e3700000,0x00000000e3e5c070,0x00000000e4480000)
  to   space 13312K, 0% used [0x00000000edf00000,0x00000000edf00000,0x00000000eec00000)
 ParOldGen       total 48128K, used 24630K [0x0000000083400000, 0x0000000086300000, 0x00000000d6700000)
  object space 48128K, 51% used [0x0000000083400000,0x0000000084c0db40,0x0000000086300000)
 Metaspace       used 13751K, capacity 13963K, committed 14080K, reserved 1062912K
  class space    used 1400K, capacity 1480K, committed 1536K, reserved 1048576K
}
Event: 8,780 GC heap before
{Heap before GC invocations=9 (full 1):
 PSYoungGen      total 226816K, used 220528K [0x00000000d6700000, 0x00000000eec00000, 0x0000000100000000)
  eden space 212992K, 100% used [0x00000000d6700000,0x00000000e3700000,0x00000000e3700000)
  from space 13824K, 54% used [0x00000000e3700000,0x00000000e3e5c070,0x00000000e4480000)
  to   space 13312K, 0% used [0x00000000edf00000,0x00000000edf00000,0x00000000eec00000)
 ParOldGen       total 48128K, used 24630K [0x0000000083400000, 0x0000000086300000, 0x00000000d6700000)
  object space 48128K, 51% used [0x0000000083400000,0x0000000084c0db40,0x0000000086300000)
 Metaspace       used 13782K, capacity 13963K, committed 14080K, reserved 1062912K
  class space    used 1401K, capacity 1480K, committed 1536K, reserved 1048576K
Event: 8,800 GC heap after
Heap after GC invocations=9 (full 1):
 PSYoungGen      total 381952K, used 11440K [0x00000000d6700000, 0x00000000eeb80000, 0x0000000100000000)
  eden space 369152K, 0% used [0x00000000d6700000,0x00000000d6700000,0x00000000ecf80000)
  from space 12800K, 89% used [0x00000000edf00000,0x00000000eea2c0b0,0x00000000eeb80000)
  to   space 14336K, 0% used [0x00000000ecf80000,0x00000000ecf80000,0x00000000edd80000)
 ParOldGen       total 48128K, used 24702K [0x0000000083400000, 0x0000000086300000, 0x00000000d6700000)
  object space 48128K, 51% used [0x0000000083400000,0x0000000084c1fb40,0x0000000086300000)
 Metaspace       used 13782K, capacity 13963K, committed 14080K, reserved 1062912K
  class space    used 1401K, capacity 1480K, committed 1536K, reserved 1048576K
}
Event: 10,882 GC heap before
{Heap before GC invocations=10 (full 1):
 PSYoungGen      total 381952K, used 380592K [0x00000000d6700000, 0x00000000eeb80000, 0x0000000100000000)
  eden space 369152K, 100% used [0x00000000d6700000,0x00000000ecf80000,0x00000000ecf80000)
  from space 12800K, 89% used [0x00000000edf00000,0x00000000eea2c0b0,0x00000000eeb80000)
  to   space 14336K, 0% used [0x00000000ecf80000,0x00000000ecf80000,0x00000000edd80000)
 ParOldGen       total 48128K, used 24702K [0x0000000083400000, 0x0000000086300000, 0x00000000d6700000)
  object space 48128K, 51% used [0x0000000083400000,0x0000000084c1fb40,0x0000000086300000)
 Metaspace       used 13846K, capacity 14027K, committed 14336K, reserved 1062912K
  class space    used 1408K, capacity 1480K, committed 1536K, reserved 1048576K
Event: 10,914 GC heap after
Heap after GC invocations=10 (full 1):
 PSYoungGen      total 383488K, used 9152K [0x00000000d6700000, 0x00000000f8480000, 0x0000000100000000)
  eden space 369152K, 0% used [0x00000000d6700000,0x00000000d6700000,0x00000000ecf80000)
  from space 14336K, 63% used [0x00000000ecf80000,0x00000000ed870080,0x00000000edd80000)
  to   space 14336K, 0% used [0x00000000f7680000,0x00000000f7680000,0x00000000f8480000)
 ParOldGen       total 48128K, used 25054K [0x0000000083400000, 0x0000000086300000, 0x00000000d6700000)
  object space 48128K, 52% used [0x0000000083400000,0x0000000084c77b60,0x0000000086300000)
 Metaspace       used 13846K, capacity 14027K, committed 14336K, reserved 1062912K
  class space    used 1408K, capacity 1480K, committed 1536K, reserved 1048576K
}
Event: 21,595 GC heap before
{Heap before GC invocations=11 (full 1):
 PSYoungGen      total 383488K, used 378304K [0x00000000d6700000, 0x00000000f8480000, 0x0000000100000000)
  eden space 369152K, 100% used [0x00000000d6700000,0x00000000ecf80000,0x00000000ecf80000)
  from space 14336K, 63% used [0x00000000ecf80000,0x00000000ed870080,0x00000000edd80000)
  to   space 14336K, 0% used [0x00000000f7680000,0x00000000f7680000,0x00000000f8480000)
 ParOldGen       total 48128K, used 25054K [0x0000000083400000, 0x0000000086300000, 0x00000000d6700000)
  object space 48128K, 52% used [0x0000000083400000,0x0000000084c77b60,0x0000000086300000)
 Metaspace       used 14511K, capacity 14699K, committed 14848K, reserved 1062912K
  class space    used 1446K, capacity 1512K, committed 1536K, reserved 1048576K
Event: 21,634 GC heap after
Heap after GC invocations=11 (full 1):
 PSYoungGen      total 518656K, used 4096K [0x00000000d6700000, 0x00000000f7b00000, 0x0000000100000000)
  eden space 514048K, 0% used [0x00000000d6700000,0x00000000d6700000,0x00000000f5d00000)
  from space 4608K, 88% used [0x00000000f7680000,0x00000000f7a80020,0x00000000f7b00000)
  to   space 14336K, 0% used [0x00000000f5f00000,0x00000000f5f00000,0x00000000f6d00000)
 ParOldGen       total 48128K, used 25398K [0x0000000083400000, 0x0000000086300000, 0x00000000d6700000)
  object space 48128K, 52% used [0x0000000083400000,0x0000000084ccdb60,0x0000000086300000)
 Metaspace       used 14511K, capacity 14699K, committed 14848K, reserved 1062912K
  class space    used 1446K, capacity 1512K, committed 1536K, reserved 1048576K
}
Event: 23,685 GC heap before
{Heap before GC invocations=12 (full 1):
 PSYoungGen      total 518656K, used 518144K [0x00000000d6700000, 0x00000000f7b00000, 0x0000000100000000)
  eden space 514048K, 100% used [0x00000000d6700000,0x00000000f5d00000,0x00000000f5d00000)
  from space 4608K, 88% used [0x00000000f7680000,0x00000000f7a80020,0x00000000f7b00000)
  to   space 14336K, 0% used [0x00000000f5f00000,0x00000000f5f00000,0x00000000f6d00000)
 ParOldGen       total 48128K, used 25398K [0x0000000083400000, 0x0000000086300000, 0x00000000d6700000)
  object space 48128K, 52% used [0x0000000083400000,0x0000000084ccdb60,0x0000000086300000)
 Metaspace       used 14587K, capacity 14763K, committed 14848K, reserved 1062912K
  class space    used 1446K, capacity 1512K, committed 1536K, reserved 1048576K

Deoptimization events (10 events):
Event: 9,814 Thread 0x00007f41f000a000 Uncommon trap: reason=unstable_if action=reinterpret pc=0x00007f41e128beac method=java.lang.String.startsWith(Ljava/lang/String;I)Z @ 25
Event: 11,765 Thread 0x00007f41f000a000 Uncommon trap: reason=unstable_if action=reinterpret pc=0x00007f41e134ff88 method=java.io.UnixFileSystem.normalize(Ljava/lang/String;)Ljava/lang/String; @ 60
Event: 11,766 Thread 0x00007f41f000a000 Uncommon trap: reason=bimorphic action=maybe_recompile pc=0x00007f41e154990c method=java.util.regex.Pattern$Start.match(Ljava/util/regex/Matcher;ILjava/lang/CharSequence;)Z @ 44
Event: 11,766 Thread 0x00007f41f000a000 Uncommon trap: reason=class_check action=maybe_recompile pc=0x00007f41e153a090 method=java.util.regex.Pattern$Slice.match(Ljava/util/regex/Matcher;ILjava/lang/CharSequence;)Z @ 49
Event: 11,766 Thread 0x00007f41f000a000 Uncommon trap: reason=unstable_if action=reinterpret pc=0x00007f41e1549a24 method=java.util.regex.Matcher.search(I)Z @ 30
Event: 11,766 Thread 0x00007f41f000a000 Uncommon trap: reason=class_check action=maybe_recompile pc=0x00007f41e153a090 method=java.util.regex.Pattern$Slice.match(Ljava/util/regex/Matcher;ILjava/lang/CharSequence;)Z @ 49
Event: 20,904 Thread 0x00007f41f000a000 Uncommon trap: reason=unstable_if action=reinterpret pc=0x00007f41e15cf6a8 method=org.newdawn.slick.gui.MouseOverArea.setLocation(FF)V @ 4
Event: 21,052 Thread 0x00007f41f000a000 Uncommon trap: reason=unstable_if action=reinterpret pc=0x00007f41e11cca7c method=sun.java2d.SunGraphics2D.validateBasicStroke(Ljava/awt/BasicStroke;)V @ 5
Event: 21,052 Thread 0x00007f41f000a000 Uncommon trap: reason=unstable_if action=reinterpret pc=0x00007f41e14675c0 method=sun.java2d.pipe.DrawImage.isSimpleTranslate(Lsun/java2d/SunGraphics2D;)Z @ 7
Event: 21,052 Thread 0x00007f41f000a000 Uncommon trap: reason=unstable_if action=reinterpret pc=0x00007f41e157c0d0 method=sun.awt.image.BufImgSurfaceData.getSolidLoops(Lsun/java2d/loops/SurfaceType;)Lsun/java2d/loops/RenderLoops; @ 3

Internal exceptions (10 events):
Event: 2,336 Thread 0x00007f41f000a000 Exception <a 'java/security/PrivilegedActionException'> (0x00000000d9c22e80) thrown at [/build/openjdk-8-VTMhfL/openjdk-8-8u131-b11/src/hotspot/src/share/vm/prims/jvm.cpp, line 1390]
Event: 2,336 Thread 0x00007f41f000a000 Exception <a 'java/security/PrivilegedActionException'> (0x00000000d9c23ad8) thrown at [/build/openjdk-8-VTMhfL/openjdk-8-8u131-b11/src/hotspot/src/share/vm/prims/jvm.cpp, line 1390]
Event: 2,336 Thread 0x00007f41f000a000 Exception <a 'java/security/PrivilegedActionException'> (0x00000000d9c24700) thrown at [/build/openjdk-8-VTMhfL/openjdk-8-8u131-b11/src/hotspot/src/share/vm/prims/jvm.cpp, line 1390]
Event: 5,121 Thread 0x00007f41f000a000 Exception <a 'java/lang/ArrayIndexOutOfBoundsException': 1> (0x00000000da0f2d50) thrown at [/build/openjdk-8-VTMhfL/openjdk-8-8u131-b11/src/hotspot/src/share/vm/interpreter/interpreterRuntime.cpp, line 366]
Event: 5,136 Thread 0x00007f41f000a000 Exception <a 'java/lang/ArrayIndexOutOfBoundsException': 1> (0x00000000da14f088) thrown at [/build/openjdk-8-VTMhfL/openjdk-8-8u131-b11/src/hotspot/src/share/vm/interpreter/interpreterRuntime.cpp, line 366]
Event: 8,300 Thread 0x00007f41f000a000 Implicit null exception at 0x00007f41e150c892 to 0x00007f41e150d47e
Event: 8,300 Thread 0x00007f41f000a000 Implicit null exception at 0x00007f41e150f6a7 to 0x00007f41e150faa9
Event: 8,300 Thread 0x00007f41f000a000 Implicit null exception at 0x00007f41e15068f0 to 0x00007f41e1506b51
Event: 8,328 Thread 0x00007f41f000a000 Implicit null exception at 0x00007f41e151327c to 0x00007f41e15134c1
Event: 20,904 Thread 0x00007f41f000a000 Implicit null exception at 0x00007f41e15cf09c to 0x00007f41e15cf689

Events (10 events):
Event: 22,231 Thread 0x00007f41f000a000 DEOPT UNPACKING pc=0x00007f41e1046f73 sp=0x00007f41f8632820 mode 0
Event: 22,232 Thread 0x00007f41f000a000 DEOPT PACKING pc=0x00007f41e1548194 sp=0x00007f41f8632b00
Event: 22,232 Thread 0x00007f41f000a000 DEOPT UNPACKING pc=0x00007f41e1046f73 sp=0x00007f41f8632820 mode 0
Event: 22,232 Thread 0x00007f41f000a000 DEOPT PACKING pc=0x00007f41e1548194 sp=0x00007f41f8632b00
Event: 22,232 Thread 0x00007f41f000a000 DEOPT UNPACKING pc=0x00007f41e1046f73 sp=0x00007f41f8632820 mode 0
Event: 23,003 Thread 0x00007f41f000a000 DEOPT PACKING pc=0x00007f41e1350d22 sp=0x00007f41f8632c70
Event: 23,003 Thread 0x00007f41f000a000 DEOPT UNPACKING pc=0x00007f41e1046f73 sp=0x00007f41f86329a8 mode 0
Event: 23,133 Thread 0x00007f41f000a000 DEOPT PACKING pc=0x00007f41e13d47d7 sp=0x00007f41f8632ae0
Event: 23,133 Thread 0x00007f41f000a000 DEOPT UNPACKING pc=0x00007f41e1046f73 sp=0x00007f41f8632828 mode 0
Event: 23,685 Executing VM operation: ParallelGCFailedAllocation


Dynamic libraries:
00400000-00401000 r-xp 00000000 08:05 1057155                            /usr/lib/jvm/java-8-openjdk-amd64/jre/bin/java
00600000-00601000 r--p 00000000 08:05 1057155                            /usr/lib/jvm/java-8-openjdk-amd64/jre/bin/java
00601000-00602000 rw-p 00001000 08:05 1057155                            /usr/lib/jvm/java-8-openjdk-amd64/jre/bin/java
00ed5000-00ef6000 rw-p 00000000 00:00 0                                  [heap]
83400000-86300000 rw-p 00000000 00:00 0 
86300000-d6700000 ---p 00000000 00:00 0 
d6700000-f7b00000 rw-p 00000000 00:00 0 
100000000-100180000 rw-p 00000000 00:00 0 
100180000-140000000 ---p 00000000 00:00 0 
7f4164000000-7f4164021000 rw-p 00000000 00:00 0 
7f4164021000-7f4168000000 ---p 00000000 00:00 0 
7f4169afc000-7f416bfff000 rw-p 00000000 00:00 0 
7f416bfff000-7f4170000000 rw-s 00000000 00:15 5                          /dev/shm/pulse-shm-4133986252
7f4170000000-7f4170021000 rw-p 00000000 00:00 0 
7f4170021000-7f4174000000 ---p 00000000 00:00 0 
7f4174005000-7f417400d000 rw-s 1656a9000 00:06 241                       /dev/dri/card0
7f417453e000-7f417463e000 rw-s 187327000 00:06 241                       /dev/dri/card0
7f417463e000-7f417473e000 rw-s 189467000 00:06 241                       /dev/dri/card0
7f417473e000-7f417483e000 rw-s 189867000 00:06 241                       /dev/dri/card0
7f417483e000-7f417493e000 rw-s 189e35000 00:06 241                       /dev/dri/card0
7f417493e000-7f4174a3e000 rw-s 18a23d000 00:06 241                       /dev/dri/card0
7f4174a3e000-7f4174b3e000 rw-s 18a63d000 00:06 241                       /dev/dri/card0
7f4174b3e000-7f4174c3e000 rw-s 188cf4000 00:06 241                       /dev/dri/card0
7f4174c3e000-7f4174d3e000 rw-s 188ef4000 00:06 241                       /dev/dri/card0
7f4174d3e000-7f4174e3e000 rw-s 160f48000 00:06 241                       /dev/dri/card0
7f4174e3e000-7f4174f3e000 rw-s 161348000 00:06 241                       /dev/dri/card0
7f4174f3e000-7f417503e000 rw-s 184676000 00:06 241                       /dev/dri/card0
7f417503e000-7f417513e000 rw-s 184a76000 00:06 241                       /dev/dri/card0
7f417513e000-7f417523e000 rw-s 15afed000 00:06 241                       /dev/dri/card0
7f417523e000-7f417533e000 rw-s 185954000 00:06 241                       /dev/dri/card0
7f417533e000-7f417543e000 rw-s 18c1b5000 00:06 241                       /dev/dri/card0
7f417543e000-7f417553e000 rw-s 18c5fd000 00:06 241                       /dev/dri/card0
7f417553e000-7f417563e000 rw-s 161bb0000 00:06 241                       /dev/dri/card0
7f417563e000-7f417573e000 rw-s 18f05b000 00:06 241                       /dev/dri/card0
7f417573e000-7f417583e000 rw-s 1883d5000 00:06 241                       /dev/dri/card0
7f417583e000-7f417593e000 rw-s 184d80000 00:06 241                       /dev/dri/card0
7f417593e000-7f4175a3e000 rw-s 191229000 00:06 241                       /dev/dri/card0
7f4175a3e000-7f4175b3e000 rw-s 1842a4000 00:06 241                       /dev/dri/card0
7f4175b3e000-7f4175c3e000 rw-s 1643f5000 00:06 241                       /dev/dri/card0
7f4175c3e000-7f4175d3e000 rw-s 186c11000 00:06 241                       /dev/dri/card0
7f4175d3e000-7f4175e3e000 rw-s 164844000 00:06 241                       /dev/dri/card0
7f4175e3e000-7f4175f3e000 rw-s 183ee9000 00:06 241                       /dev/dri/card0
7f4175f3e000-7f417603e000 rw-s 1666c0000 00:06 241                       /dev/dri/card0
7f417603e000-7f417613e000 rw-s 1664c0000 00:06 241                       /dev/dri/card0
7f417613e000-7f417623e000 rw-s 1663b8000 00:06 241                       /dev/dri/card0
7f417623e000-7f417633e000 rw-s 1661b8000 00:06 241                       /dev/dri/card0
7f417633e000-7f417653e000 rw-s 165cb8000 00:06 241                       /dev/dri/card0
7f417653e000-7f417693e000 rw-s 1656b8000 00:06 241                       /dev/dri/card0
7f417693e000-7f4176d3e000 rw-s 18b6a5000 00:06 241                       /dev/dri/card0
7f4176d3e000-7f4176e3e000 rw-p 00000000 00:00 0 
7f4176e3e000-7f4176f3e000 ---p 00000000 00:00 0 
7f4176f3e000-7f4176f90000 r-xp 00000000 08:05 1058905                    /usr/lib/x86_64-linux-gnu/liblcms2.so.2.0.6
7f4176f90000-7f417718f000 ---p 00052000 08:05 1058905                    /usr/lib/x86_64-linux-gnu/liblcms2.so.2.0.6
7f417718f000-7f4177190000 r--p 00051000 08:05 1058905                    /usr/lib/x86_64-linux-gnu/liblcms2.so.2.0.6
7f4177190000-7f4177194000 rw-p 00052000 08:05 1058905                    /usr/lib/x86_64-linux-gnu/liblcms2.so.2.0.6
7f4177194000-7f4177195000 rw-p 00000000 00:00 0 
7f4177195000-7f4177199000 r-xp 00000000 08:05 1057106                    /usr/lib/jvm/java-8-openjdk-amd64/jre/lib/amd64/libjavalcms.so
7f4177199000-7f4177398000 ---p 00004000 08:05 1057106                    /usr/lib/jvm/java-8-openjdk-amd64/jre/lib/amd64/libjavalcms.so
7f4177398000-7f4177399000 r--p 00003000 08:05 1057106                    /usr/lib/jvm/java-8-openjdk-amd64/jre/lib/amd64/libjavalcms.so
7f4177399000-7f417739a000 rw-p 00004000 08:05 1057106                    /usr/lib/jvm/java-8-openjdk-amd64/jre/lib/amd64/libjavalcms.so
7f417739a000-7f41773f1000 r-xp 00000000 08:05 1058878                    /usr/lib/x86_64-linux-gnu/libjpeg.so.8.0.2
7f41773f1000-7f41775f1000 ---p 00057000 08:05 1058878                    /usr/lib/x86_64-linux-gnu/libjpeg.so.8.0.2
7f41775f1000-7f41775f2000 r--p 00057000 08:05 1058878                    /usr/lib/x86_64-linux-gnu/libjpeg.so.8.0.2
7f41775f2000-7f41775f3000 rw-p 00058000 08:05 1058878                    /usr/lib/x86_64-linux-gnu/libjpeg.so.8.0.2
7f41775f3000-7f41775fd000 r-xp 00000000 08:05 1057100                    /usr/lib/jvm/java-8-openjdk-amd64/jre/lib/amd64/libjavajpeg.so
7f41775fd000-7f41777fc000 ---p 0000a000 08:05 1057100                    /usr/lib/jvm/java-8-openjdk-amd64/jre/lib/amd64/libjavajpeg.so
7f41777fc000-7f41777fd000 r--p 00009000 08:05 1057100                    /usr/lib/jvm/java-8-openjdk-amd64/jre/lib/amd64/libjavajpeg.so
7f41777fd000-7f41777fe000 rw-p 0000a000 08:05 1057100                    /usr/lib/jvm/java-8-openjdk-amd64/jre/lib/amd64/libjavajpeg.so
7f41777fe000-7f417b7ff000 rw-s 00000000 00:15 273                        /dev/shm/pulse-shm-1559320978
7f417b7ff000-7f417b800000 ---p 00000000 00:00 0 
7f417b800000-7f417c000000 rw-p 00000000 00:00 0 
7f417c000000-7f417c021000 rw-p 00000000 00:00 0 
7f417c021000-7f4180000000 ---p 00000000 00:00 0 
7f4180027000-7f4180227000 rw-s 1636cd000 00:06 241                       /dev/dri/card0
7f4180227000-7f4180228000 ---p 00000000 00:00 0 
7f4180228000-7f4180328000 rw-p 00000000 00:00 0 
7f4180328000-7f4180352000 r-xp 00000000 08:05 1059378                    /usr/lib/x86_64-linux-gnu/libvorbis.so.0.4.8
7f4180352000-7f4180552000 ---p 0002a000 08:05 1059378                    /usr/lib/x86_64-linux-gnu/libvorbis.so.0.4.8
7f4180552000-7f4180553000 r--p 0002a000 08:05 1059378                    /usr/lib/x86_64-linux-gnu/libvorbis.so.0.4.8
7f4180553000-7f4180554000 rw-p 0002b000 08:05 1059378                    /usr/lib/x86_64-linux-gnu/libvorbis.so.0.4.8
7f4180554000-7f418055b000 r-xp 00000000 08:05 1059049                    /usr/lib/x86_64-linux-gnu/libogg.so.0.8.2
7f418055b000-7f418075b000 ---p 00007000 08:05 1059049                    /usr/lib/x86_64-linux-gnu/libogg.so.0.8.2
7f418075b000-7f418075c000 r--p 00007000 08:05 1059049                    /usr/lib/x86_64-linux-gnu/libogg.so.0.8.2
7f418075c000-7f418075d000 rw-p 00008000 08:05 1059049                    /usr/lib/x86_64-linux-gnu/libogg.so.0.8.2
7f418075d000-7f41807cb000 r-xp 00000000 08:05 267123                     /lib/x86_64-linux-gnu/libpcre.so.3.13.2
7f41807cb000-7f41809cb000 ---p 0006e000 08:05 267123                     /lib/x86_64-linux-gnu/libpcre.so.3.13.2
7f41809cb000-7f41809cc000 r--p 0006e000 08:05 267123                     /lib/x86_64-linux-gnu/libpcre.so.3.13.2
7f41809cc000-7f41809cd000 rw-p 0006f000 08:05 267123                     /lib/x86_64-linux-gnu/libpcre.so.3.13.2
7f41809cd000-7f4180a5a000 r-xp 00000000 08:05 1059380                    /usr/lib/x86_64-linux-gnu/libvorbisenc.so.2.0.11
7f4180a5a000-7f4180c59000 ---p 0008d000 08:05 1059380                    /usr/lib/x86_64-linux-gnu/libvorbisenc.so.2.0.11
7f4180c59000-7f4180c75000 r--p 0008c000 08:05 1059380                    /usr/lib/x86_64-linux-gnu/libvorbisenc.so.2.0.11
7f4180c75000-7f4180c76000 rw-p 000a8000 08:05 1059380                    /usr/lib/x86_64-linux-gnu/libvorbisenc.so.2.0.11
7f4180c76000-7f4180ce9000 r-xp 00000000 08:05 1057931                    /usr/lib/x86_64-linux-gnu/libFLAC.so.8.3.0
7f4180ce9000-7f4180ee9000 ---p 00073000 08:05 1057931                    /usr/lib/x86_64-linux-gnu/libFLAC.so.8.3.0
7f4180ee9000-7f4180eea000 r--p 00073000 08:05 1057931                    /usr/lib/x86_64-linux-gnu/libFLAC.so.8.3.0
7f4180eea000-7f4180eeb000 rw-p 00074000 08:05 1057931                    /usr/lib/x86_64-linux-gnu/libFLAC.so.8.3.0
7f4180eeb000-7f4180f0c000 r-xp 00000000 08:05 267061                     /lib/x86_64-linux-gnu/liblzma.so.5.0.0
7f4180f0c000-7f418110b000 ---p 00021000 08:05 267061                     /lib/x86_64-linux-gnu/liblzma.so.5.0.0
7f418110b000-7f418110c000 r--p 00020000 08:05 267061                     /lib/x86_64-linux-gnu/liblzma.so.5.0.0
7f418110c000-7f418110d000 rw-p 00021000 08:05 267061                     /lib/x86_64-linux-gnu/liblzma.so.5.0.0
7f418110d000-7f418112c000 r-xp 00000000 08:05 267152                     /lib/x86_64-linux-gnu/libselinux.so.1
7f418112c000-7f418132b000 ---p 0001f000 08:05 267152                     /lib/x86_64-linux-gnu/libselinux.so.1
7f418132b000-7f418132c000 r--p 0001e000 08:05 267152                     /lib/x86_64-linux-gnu/libselinux.so.1
7f418132c000-7f418132d000 rw-p 0001f000 08:05 267152                     /lib/x86_64-linux-gnu/libselinux.so.1
7f418132d000-7f418132f000 rw-p 00000000 00:00 0 
7f418132f000-7f4181334000 r-xp 00000000 08:05 1058184                    /usr/lib/x86_64-linux-gnu/libasyncns.so.0.3.1
7f4181334000-7f4181533000 ---p 00005000 08:05 1058184                    /usr/lib/x86_64-linux-gnu/libasyncns.so.0.3.1
7f4181533000-7f4181534000 r--p 00004000 08:05 1058184                    /usr/lib/x86_64-linux-gnu/libasyncns.so.0.3.1
7f4181534000-7f4181535000 rw-p 00005000 08:05 1058184                    /usr/lib/x86_64-linux-gnu/libasyncns.so.0.3.1
7f4181535000-7f4181597000 r-xp 00000000 08:05 1053208                    /usr/lib/x86_64-linux-gnu/libsndfile.so.1.0.25
7f4181597000-7f4181797000 ---p 00062000 08:05 1053208                    /usr/lib/x86_64-linux-gnu/libsndfile.so.1.0.25
7f4181797000-7f4181799000 r--p 00062000 08:05 1053208                    /usr/lib/x86_64-linux-gnu/libsndfile.so.1.0.25
7f4181799000-7f418179a000 rw-p 00064000 08:05 1053208                    /usr/lib/x86_64-linux-gnu/libsndfile.so.1.0.25
7f418179a000-7f418179e000 rw-p 00000000 00:00 0 
7f418179e000-7f41817a6000 r-xp 00000000 08:05 267180                     /lib/x86_64-linux-gnu/libwrap.so.0.7.6
7f41817a6000-7f41819a5000 ---p 00008000 08:05 267180                     /lib/x86_64-linux-gnu/libwrap.so.0.7.6
7f41819a5000-7f41819a6000 r--p 00007000 08:05 267180                     /lib/x86_64-linux-gnu/libwrap.so.0.7.6
7f41819a6000-7f41819a7000 rw-p 00008000 08:05 267180                     /lib/x86_64-linux-gnu/libwrap.so.0.7.6
7f41819a7000-7f41819a8000 rw-p 00000000 00:00 0 
7f41819a8000-7f4181a28000 r-xp 00000000 08:05 267162                     /lib/x86_64-linux-gnu/libsystemd.so.0.14.0
7f4181a28000-7f4181a2b000 r--p 0007f000 08:05 267162                     /lib/x86_64-linux-gnu/libsystemd.so.0.14.0
7f4181a2b000-7f4181a2c000 rw-p 00082000 08:05 267162                     /lib/x86_64-linux-gnu/libsystemd.so.0.14.0
7f4181a2c000-7f4181a2d000 rw-p 00000000 00:00 0 
7f4181a2d000-7f4181a77000 r-xp 00000000 08:05 267010                     /lib/x86_64-linux-gnu/libdbus-1.so.3.14.6
7f4181a77000-7f4181c77000 ---p 0004a000 08:05 267010                     /lib/x86_64-linux-gnu/libdbus-1.so.3.14.6
7f4181c77000-7f4181c78000 r--p 0004a000 08:05 267010                     /lib/x86_64-linux-gnu/libdbus-1.so.3.14.6
7f4181c78000-7f4181c79000 rw-p 0004b000 08:05 267010                     /lib/x86_64-linux-gnu/libdbus-1.so.3.14.6
7f4181c79000-7f4181cf3000 r-xp 00000000 08:05 1439461                    /usr/lib/x86_64-linux-gnu/pulseaudio/libpulsecommon-8.0.so
7f4181cf3000-7f4181ef2000 ---p 0007a000 08:05 1439461                    /usr/lib/x86_64-linux-gnu/pulseaudio/libpulsecommon-8.0.so
7f4181ef2000-7f4181ef3000 r--p 00079000 08:05 1439461                    /usr/lib/x86_64-linux-gnu/pulseaudio/libpulsecommon-8.0.so
7f4181ef3000-7f4181ef4000 rw-p 0007a000 08:05 1439461                    /usr/lib/x86_64-linux-gnu/pulseaudio/libpulsecommon-8.0.so
7f4181ef4000-7f4181efe000 r-xp 00000000 08:05 267053                     /lib/x86_64-linux-gnu/libjson-c.so.2.0.0
7f4181efe000-7f41820fd000 ---p 0000a000 08:05 267053                     /lib/x86_64-linux-gnu/libjson-c.so.2.0.0
7f41820fd000-7f41820fe000 r--p 00009000 08:05 267053                     /lib/x86_64-linux-gnu/libjson-c.so.2.0.0
7f41820fe000-7f41820ff000 rw-p 0000a000 08:05 267053                     /lib/x86_64-linux-gnu/libjson-c.so.2.0.0
7f41820ff000-7f418214d000 r-xp 00000000 08:05 1051959                    /usr/lib/x86_64-linux-gnu/libpulse.so.0.19.0
7f418214d000-7f418234d000 ---p 0004e000 08:05 1051959                    /usr/lib/x86_64-linux-gnu/libpulse.so.0.19.0
7f418234d000-7f418234e000 r--p 0004e000 08:05 1051959                    /usr/lib/x86_64-linux-gnu/libpulse.so.0.19.0
7f418234e000-7f418234f000 rw-p 0004f000 08:05 1051959                    /usr/lib/x86_64-linux-gnu/libpulse.so.0.19.0
7f418234f000-7f41823a4000 r-xp 00000000 08:06 671505                     /home/darek/javaWorkspace/Senlin/natives/libopenal64.so
7f41823a4000-7f41825a3000 ---p 00055000 08:06 671505                     /home/darek/javaWorkspace/Senlin/natives/libopenal64.so
7f41825a3000-7f41825a6000 r--p 00054000 08:06 671505                     /home/darek/javaWorkspace/Senlin/natives/libopenal64.so
7f41825a6000-7f41825a7000 rw-p 00057000 08:06 671505                     /home/darek/javaWorkspace/Senlin/natives/libopenal64.so
7f41825a7000-7f41825a8000 rw-p 00000000 00:00 0 
7f41825a8000-7f41826a8000 rw-s 165fb8000 00:06 241                       /dev/dri/card0
7f41826a8000-7f41828a8000 rw-p 00000000 00:00 0 
7f41828a9000-7f41829a9000 rw-s 18bba5000 00:06 241                       /dev/dri/card0
7f41829a9000-7f4182aa9000 rw-s 18ab1b000 00:06 241                       /dev/dri/card0
7f4182aa9000-7f4182ac0000 r-xp 00000000 08:05 263015                     /lib/x86_64-linux-gnu/libresolv-2.23.so
7f4182ac0000-7f4182cc0000 ---p 00017000 08:05 263015                     /lib/x86_64-linux-gnu/libresolv-2.23.so
7f4182cc0000-7f4182cc1000 r--p 00017000 08:05 263015                     /lib/x86_64-linux-gnu/libresolv-2.23.so
7f4182cc1000-7f4182cc2000 rw-p 00018000 08:05 263015                     /lib/x86_64-linux-gnu/libresolv-2.23.so
7f4182cc2000-7f4182cc4000 rw-p 00000000 00:00 0 
7f4182cc4000-7f4182cc9000 r-xp 00000000 08:05 262942                     /lib/x86_64-linux-gnu/libnss_dns-2.23.so
7f4182cc9000-7f4182ec9000 ---p 00005000 08:05 262942                     /lib/x86_64-linux-gnu/libnss_dns-2.23.so
7f4182ec9000-7f4182eca000 r--p 00005000 08:05 262942                     /lib/x86_64-linux-gnu/libnss_dns-2.23.so
7f4182eca000-7f4182ecb000 rw-p 00006000 08:05 262942                     /lib/x86_64-linux-gnu/libnss_dns-2.23.so
7f4182ecb000-7f4182ecd000 r-xp 00000000 08:05 267099                     /lib/x86_64-linux-gnu/libnss_mdns4_minimal.so.2
7f4182ecd000-7f41830cc000 ---p 00002000 08:05 267099                     /lib/x86_64-linux-gnu/libnss_mdns4_minimal.so.2
7f41830cc000-7f41830cd000 r--p 00001000 08:05 267099                     /lib/x86_64-linux-gnu/libnss_mdns4_minimal.so.2
7f41830cd000-7f41830ce000 rw-p 00002000 08:05 267099                     /lib/x86_64-linux-gnu/libnss_mdns4_minimal.so.2
7f41830ce000-7f41831ce000 rw-s 18ad85000 00:06 241                       /dev/dri/card0
7f41831cf000-7f41832cf000 rw-s 1653a0000 00:06 241                       /dev/dri/card0
7f41832cf000-7f41832d2000 r-xp 00000000 08:06 671501                     /home/darek/javaWorkspace/Senlin/natives/libjinput-linux64.so
7f41832d2000-7f41834d1000 ---p 00003000 08:06 671501                     /home/darek/javaWorkspace/Senlin/natives/libjinput-linux64.so
7f41834d1000-7f41834d2000 r--p 00002000 08:06 671501                     /home/darek/javaWorkspace/Senlin/natives/libjinput-linux64.so
7f41834d2000-7f41834d3000 rw-p 00003000 08:06 671501                     /home/darek/javaWorkspace/Senlin/natives/libjinput-linux64.so
7f41834d3000-7f41834d6000 ---p 00000000 00:00 0 
7f41834d6000-7f41835d4000 rw-p 00000000 00:00 0 
7f41835d4000-7f41836d4000 rw-s 189b23000 00:06 241                       /dev/dri/card0
7f41836d4000-7f41838d4000 rw-p 00000000 00:00 0 
7f41838d4000-7f41838e5000 r-xp 00000000 08:05 1057121                    /usr/lib/jvm/java-8-openjdk-amd64/jre/lib/amd64/libnio.so
7f41838e5000-7f4183ae5000 ---p 00011000 08:05 1057121                    /usr/lib/jvm/java-8-openjdk-amd64/jre/lib/amd64/libnio.so
7f4183ae5000-7f4183ae6000 r--p 00011000 08:05 1057121                    /usr/lib/jvm/java-8-openjdk-amd64/jre/lib/amd64/libnio.so
7f4183ae6000-7f4183ae7000 rw-p 00012000 08:05 1057121                    /usr/lib/jvm/java-8-openjdk-amd64/jre/lib/amd64/libnio.so
7f4183ae7000-7f4183de8000 rw-p 00000000 00:00 0 
7f4183de8000-7f4183dff000 r-xp 00000000 08:05 1057109                    /usr/lib/jvm/java-8-openjdk-amd64/jre/lib/amd64/libnet.so
7f4183dff000-7f4183ffe000 ---p 00017000 08:05 1057109                    /usr/lib/jvm/java-8-openjdk-amd64/jre/lib/amd64/libnet.so
7f4183ffe000-7f4183fff000 r--p 00016000 08:05 1057109                    /usr/lib/jvm/java-8-openjdk-amd64/jre/lib/amd64/libnet.so
7f4183fff000-7f4184000000 rw-p 00017000 08:05 1057109                    /usr/lib/jvm/java-8-openjdk-amd64/jre/lib/amd64/libnet.so
7f4184000000-7f4184021000 rw-p 00000000 00:00 0 
7f4184021000-7f4188000000 ---p 00000000 00:00 0 
7f4188000000-7f4188021000 rw-p 00000000 00:00 0 
7f4188021000-7f418c000000 ---p 00000000 00:00 0 
7f418c000000-7f418c378000 rw-p 00000000 00:00 0 
7f418c378000-7f4190000000 ---p 00000000 00:00 0 
7f4190000000-7f4190021000 rw-p 00000000 00:00 0 
7f4190021000-7f4194000000 ---p 00000000 00:00 0 
7f4194000000-7f4194021000 rw-p 00000000 00:00 0 
7f4194021000-7f4198000000 ---p 00000000 00:00 0 
7f4198000000-7f4198021000 rw-p 00000000 00:00 0 
7f4198021000-7f419c000000 ---p 00000000 00:00 0 
7f419c000000-7f419c789000 rw-p 00000000 00:00 0 
7f419c789000-7f41a0000000 ---p 00000000 00:00 0 
7f41a0000000-7f41a0573000 rw-p 00000000 00:00 0 
7f41a0573000-7f41a4000000 ---p 00000000 00:00 0 
7f41a4000000-7f41a4021000 rw-p 00000000 00:00 0 
7f41a4021000-7f41a8000000 ---p 00000000 00:00 0 
7f41a8000000-7f41a8be2000 rw-p 00000000 00:00 0 
7f41a8be2000-7f41ac000000 ---p 00000000 00:00 0 
7f41ac000000-7f41ac021000 rw-p 00000000 00:00 0 
7f41ac021000-7f41b0000000 ---p 00000000 00:00 0 
7f41b0000000-7f41b0021000 rw-p 00000000 00:00 0 
7f41b0021000-7f41b4000000 ---p 00000000 00:00 0 
7f41b4000000-7f41b4021000 rw-p 00000000 00:00 0 
7f41b4021000-7f41b8000000 ---p 00000000 00:00 0 
7f41b8000000-7f41b8021000 rw-p 00000000 00:00 0 
7f41b8021000-7f41bc000000 ---p 00000000 00:00 0 
7f41bc000000-7f41bc021000 rw-p 00000000 00:00 0 
7f41bc021000-7f41c0000000 ---p 00000000 00:00 0 
7f41c0043000-7f41c0047000 rw-s 18a751000 00:06 241                       /dev/dri/card0
7f41c0047000-7f41c004b000 rw-s 18a749000 00:06 241                       /dev/dri/card0
7f41c004b000-7f41c004f000 rw-s 18a741000 00:06 241                       /dev/dri/card0
7f41c004f000-7f41c0053000 rw-s 18fa17000 00:06 241                       /dev/dri/card0
7f41c0053000-7f41c0093000 rw-s 18bce5000 00:06 241                       /dev/dri/card0
7f41c0093000-7f41c00d3000 rw-s 185d94000 00:06 241                       /dev/dri/card0
7f41c00d3000-7f41c00dd000 r-xp 00000000 08:05 1058118                    /usr/lib/x86_64-linux-gnu/libXrandr.so.2.2.0
7f41c00dd000-7f41c02dc000 ---p 0000a000 08:05 1058118                    /usr/lib/x86_64-linux-gnu/libXrandr.so.2.2.0
7f41c02dc000-7f41c02dd000 r--p 00009000 08:05 1058118                    /usr/lib/x86_64-linux-gnu/libXrandr.so.2.2.0
7f41c02dd000-7f41c02de000 rw-p 0000a000 08:05 1058118                    /usr/lib/x86_64-linux-gnu/libXrandr.so.2.2.0
7f41c02de000-7f41c034e000 r-xp 00000000 08:06 671503                     /home/darek/javaWorkspace/Senlin/natives/liblwjgl64.so
7f41c034e000-7f41c054e000 ---p 00070000 08:06 671503                     /home/darek/javaWorkspace/Senlin/natives/liblwjgl64.so
7f41c054e000-7f41c0550000 r--p 00070000 08:06 671503                     /home/darek/javaWorkspace/Senlin/natives/liblwjgl64.so
7f41c0550000-7f41c0551000 rw-p 00072000 08:06 671503                     /home/darek/javaWorkspace/Senlin/natives/liblwjgl64.so
7f41c0551000-7f41c0552000 r-xp 00000000 08:05 1057107                    /usr/lib/jvm/java-8-openjdk-amd64/jre/lib/amd64/libjawt.so
7f41c0552000-7f41c0751000 ---p 00001000 08:05 1057107                    /usr/lib/jvm/java-8-openjdk-amd64/jre/lib/amd64/libjawt.so
7f41c0751000-7f41c0752000 r--p 00000000 08:05 1057107                    /usr/lib/jvm/java-8-openjdk-amd64/jre/lib/amd64/libjawt.so
7f41c0752000-7f41c0753000 rw-p 00001000 08:05 1057107                    /usr/lib/jvm/java-8-openjdk-amd64/jre/lib/amd64/libjawt.so
7f41c0753000-7f41c075c000 r-xp 00000000 08:05 1058094                    /usr/lib/x86_64-linux-gnu/libXcursor.so.1.0.2
7f41c075c000-7f41c095b000 ---p 00009000 08:05 1058094                    /usr/lib/x86_64-linux-gnu/libXcursor.so.1.0.2
7f41c095b000-7f41c095c000 r--p 00008000 08:05 1058094                    /usr/lib/x86_64-linux-gnu/libXcursor.so.1.0.2
7f41c095c000-7f41c095d000 rw-p 00009000 08:05 1058094                    /usr/lib/x86_64-linux-gnu/libXcursor.so.1.0.2
7f41c095d000-7f41c0981000 r-xp 00000000 08:05 267135                     /lib/x86_64-linux-gnu/libpng12.so.0.54.0
7f41c0981000-7f41c0b80000 ---p 00024000 08:05 267135                     /lib/x86_64-linux-gnu/libpng12.so.0.54.0
7f41c0b80000-7f41c0b81000 r--p 00023000 08:05 267135                     /lib/x86_64-linux-gnu/libpng12.so.0.54.0
7f41c0b81000-7f41c0b82000 rw-p 00024000 08:05 267135                     /lib/x86_64-linux-gnu/libpng12.so.0.54.0
7f41c0b82000-7f41c0c26000 r-xp 00000000 08:05 1048043                    /usr/lib/x86_64-linux-gnu/libfreetype.so.6.12.1
7f41c0c26000-7f41c0e25000 ---p 000a4000 08:05 1048043                    /usr/lib/x86_64-linux-gnu/libfreetype.so.6.12.1
7f41c0e25000-7f41c0e2b000 r--p 000a3000 08:05 1048043                    /usr/lib/x86_64-linux-gnu/libfreetype.so.6.12.1
7f41c0e2b000-7f41c0e2c000 rw-p 000a9000 08:05 1048043                    /usr/lib/x86_64-linux-gnu/libfreetype.so.6.12.1
7f41c0e2c000-7f41c0e2d000 ---p 00000000 00:00 0 
7f41c0e2d000-7f41c162d000 rw-p 00000000 00:00 0 
7f41c162d000-7f41c3b1f000 r-xp 00000000 08:05 1054248                    /usr/lib/x86_64-linux-gnu/libLLVM-3.8.so.1
7f41c3b1f000-7f41c3d1f000 ---p 024f2000 08:05 1054248                    /usr/lib/x86_64-linux-gnu/libLLVM-3.8.so.1
7f41c3d1f000-7f41c3fd4000 r--p 024f2000 08:05 1054248                    /usr/lib/x86_64-linux-gnu/libLLVM-3.8.so.1
7f41c3fd4000-7f41c3fd6000 rw-p 027a7000 08:05 1054248                    /usr/lib/x86_64-linux-gnu/libLLVM-3.8.so.1
7f41c3fd6000-7f41c4000000 rw-p 00000000 00:00 0 
7f41c4000000-7f41c4021000 rw-p 00000000 00:00 0 
7f41c4021000-7f41c8000000 ---p 00000000 00:00 0 
7f41c8000000-7f41c8010000 rw-s 187a71000 00:06 241                       /dev/dri/card0
7f41c8010000-7f41c8014000 rw-s 161cbc000 00:06 241                       /dev/dri/card0
7f41c8014000-7f41c8018000 rw-s 161cb4000 00:06 241                       /dev/dri/card0
7f41c8018000-7f41c801c000 rw-s 184e8c000 00:06 241                       /dev/dri/card0
7f41c801c000-7f41c801f000 ---p 00000000 00:00 0 
7f41c801f000-7f41c811d000 rw-p 00000000 00:00 0 
7f41c811d000-7f41c8120000 ---p 00000000 00:00 0 
7f41c8120000-7f41c821e000 rw-p 00000000 00:00 0 
7f41c821e000-7f41c8270000 r-xp 00000000 08:05 1057111                    /usr/lib/jvm/java-8-openjdk-amd64/jre/lib/amd64/libfontmanager.so
7f41c8270000-7f41c8470000 ---p 00052000 08:05 1057111                    /usr/lib/jvm/java-8-openjdk-amd64/jre/lib/amd64/libfontmanager.so
7f41c8470000-7f41c8472000 r--p 00052000 08:05 1057111                    /usr/lib/jvm/java-8-openjdk-amd64/jre/lib/amd64/libfontmanager.so
7f41c8472000-7f41c8473000 rw-p 00054000 08:05 1057111                    /usr/lib/jvm/java-8-openjdk-amd64/jre/lib/amd64/libfontmanager.so
7f41c8473000-7f41c84aa000 r-xp 00000000 08:05 1059332                    /usr/lib/x86_64-linux-gnu/libtxc_dxtn_s2tc.so.0.0.0
7f41c84aa000-7f41c86a9000 ---p 00037000 08:05 1059332                    /usr/lib/x86_64-linux-gnu/libtxc_dxtn_s2tc.so.0.0.0
7f41c86a9000-7f41c86aa000 r--p 00036000 08:05 1059332                    /usr/lib/x86_64-linux-gnu/libtxc_dxtn_s2tc.so.0.0.0
7f41c86aa000-7f41c86ab000 rw-p 00037000 08:05 1059332                    /usr/lib/x86_64-linux-gnu/libtxc_dxtn_s2tc.so.0.0.0
7f41c86ab000-7f41c86be000 r-xp 00000000 08:05 266990                     /lib/x86_64-linux-gnu/libbsd.so.0.8.2
7f41c86be000-7f41c88bd000 ---p 00013000 08:05 266990                     /lib/x86_64-linux-gnu/libbsd.so.0.8.2
7f41c88bd000-7f41c88be000 r--p 00012000 08:05 266990                     /lib/x86_64-linux-gnu/libbsd.so.0.8.2
7f41c88be000-7f41c88bf000 rw-p 00013000 08:05 266990                     /lib/x86_64-linux-gnu/libbsd.so.0.8.2
7f41c88bf000-7f41c88c0000 rw-p 00000000 00:00 0 
7f41c88c0000-7f41c88e5000 r-xp 00000000 08:05 267166                     /lib/x86_64-linux-gnu/libtinfo.so.5.9
7f41c88e5000-7f41c8ae4000 ---p 00025000 08:05 267166                     /lib/x86_64-linux-gnu/libtinfo.so.5.9
7f41c8ae4000-7f41c8ae8000 r--p 00024000 08:05 267166                     /lib/x86_64-linux-gnu/libtinfo.so.5.9
7f41c8ae8000-7f41c8ae9000 rw-p 00028000 08:05 267166                     /lib/x86_64-linux-gnu/libtinfo.so.5.9
7f41c8ae9000-7f41c8b1a000 r-xp 00000000 08:05 1058428                    /usr/lib/x86_64-linux-gnu/libedit.so.2.0.53
7f41c8b1a000-7f41c8d1a000 ---p 00031000 08:05 1058428                    /usr/lib/x86_64-linux-gnu/libedit.so.2.0.53
7f41c8d1a000-7f41c8d1c000 r--p 00031000 08:05 1058428                    /usr/lib/x86_64-linux-gnu/libedit.so.2.0.53
7f41c8d1c000-7f41c8d1d000 rw-p 00033000 08:05 1058428                    /usr/lib/x86_64-linux-gnu/libedit.so.2.0.53
7f41c8d1d000-7f41c8d21000 rw-p 00000000 00:00 0 
7f41c8d21000-7f41c8d28000 r-xp 00000000 08:05 1058471                    /usr/lib/x86_64-linux-gnu/libffi.so.6.0.4
7f41c8d28000-7f41c8f27000 ---p 00007000 08:05 1058471                    /usr/lib/x86_64-linux-gnu/libffi.so.6.0.4
7f41c8f27000-7f41c8f28000 r--p 00006000 08:05 1058471                    /usr/lib/x86_64-linux-gnu/libffi.so.6.0.4
7f41c8f28000-7f41c8f29000 rw-p 00007000 08:05 1058471                    /usr/lib/x86_64-linux-gnu/libffi.so.6.0.4
7f41c8f29000-7f41c8f3b000 r-xp 00000000 08:05 267038                     /lib/x86_64-linux-gnu/libgpg-error.so.0.17.0
7f41c8f3b000-7f41c913b000 ---p 00012000 08:05 267038                     /lib/x86_64-linux-gnu/libgpg-error.so.0.17.0
7f41c913b000-7f41c913c000 r--p 00012000 08:05 267038                     /lib/x86_64-linux-gnu/libgpg-error.so.0.17.0
7f41c913c000-7f41c913d000 rw-p 00013000 08:05 267038                     /lib/x86_64-linux-gnu/libgpg-error.so.0.17.0
7f41c913d000-7f41c9154000 r-xp 00000000 08:05 1058433                    /usr/lib/x86_64-linux-gnu/libelf-0.165.so
7f41c9154000-7f41c9353000 ---p 00017000 08:05 1058433                    /usr/lib/x86_64-linux-gnu/libelf-0.165.so
7f41c9353000-7f41c9354000 r--p 00016000 08:05 1058433                    /usr/lib/x86_64-linux-gnu/libelf-0.165.so
7f41c9354000-7f41c9355000 rw-p 00017000 08:05 1058433                    /usr/lib/x86_64-linux-gnu/libelf-0.165.so
7f41c9355000-7f41c935c000 r-xp 00000000 08:05 1051244                    /usr/lib/x86_64-linux-gnu/libdrm_amdgpu.so.1.0.0
7f41c935c000-7f41c955b000 ---p 00007000 08:05 1051244                    /usr/lib/x86_64-linux-gnu/libdrm_amdgpu.so.1.0.0
7f41c955b000-7f41c955c000 r--p 00006000 08:05 1051244                    /usr/lib/x86_64-linux-gnu/libdrm_amdgpu.so.1.0.0
7f41c955c000-7f41c955d000 rw-p 00007000 08:05 1051244                    /usr/lib/x86_64-linux-gnu/libdrm_amdgpu.so.1.0.0
7f41c955d000-7f41c9568000 r-xp 00000000 08:05 1051236                    /usr/lib/x86_64-linux-gnu/libdrm_radeon.so.1.0.1
7f41c9568000-7f41c9767000 ---p 0000b000 08:05 1051236                    /usr/lib/x86_64-linux-gnu/libdrm_radeon.so.1.0.1
7f41c9767000-7f41c9768000 r--p 0000a000 08:05 1051236                    /usr/lib/x86_64-linux-gnu/libdrm_radeon.so.1.0.1
7f41c9768000-7f41c9769000 rw-p 0000b000 08:05 1051236                    /usr/lib/x86_64-linux-gnu/libdrm_radeon.so.1.0.1
7f41c9769000-7f41c9770000 r-xp 00000000 08:05 1051240                    /usr/lib/x86_64-linux-gnu/libdrm_nouveau.so.2.0.0
7f41c9770000-7f41c996f000 ---p 00007000 08:05 1051240                    /usr/lib/x86_64-linux-gnu/libdrm_nouveau.so.2.0.0
7f41c996f000-7f41c9970000 r--p 00006000 08:05 1051240                    /usr/lib/x86_64-linux-gnu/libdrm_nouveau.so.2.0.0
7f41c9970000-7f41c9971000 rw-p 00007000 08:05 1051240                    /usr/lib/x86_64-linux-gnu/libdrm_nouveau.so.2.0.0
7f41c9971000-7f41c9a49000 r-xp 00000000 08:05 266975                     /lib/x86_64-linux-gnu/libgcrypt.so.20.0.5
7f41c9a49000-7f41c9c48000 ---p 000d8000 08:05 266975                     /lib/x86_64-linux-gnu/libgcrypt.so.20.0.5
7f41c9c48000-7f41c9c49000 r--p 000d7000 08:05 266975                     /lib/x86_64-linux-gnu/libgcrypt.so.20.0.5
7f41c9c49000-7f41c9c51000 rw-p 000d8000 08:05 266975                     /lib/x86_64-linux-gnu/libgcrypt.so.20.0.5
7f41c9c51000-7f41c9c52000 rw-p 00000000 00:00 0 
7f41c9c52000-7f41ca54a000 r-xp 00000000 08:05 1456706                    /usr/lib/x86_64-linux-gnu/dri/radeonsi_dri.so
7f41ca54a000-7f41ca74a000 ---p 008f8000 08:05 1456706                    /usr/lib/x86_64-linux-gnu/dri/radeonsi_dri.so
7f41ca74a000-7f41ca783000 r--p 008f8000 08:05 1456706                    /usr/lib/x86_64-linux-gnu/dri/radeonsi_dri.so
7f41ca783000-7f41ca78f000 rw-p 00931000 08:05 1456706                    /usr/lib/x86_64-linux-gnu/dri/radeonsi_dri.so
7f41ca78f000-7f41ca986000 rw-p 00000000 00:00 0 
7f41ca986000-7f41ca994000 r-xp 00000000 08:05 1051247                    /usr/lib/x86_64-linux-gnu/libdrm.so.2.4.0
7f41ca994000-7f41cab93000 ---p 0000e000 08:05 1051247                    /usr/lib/x86_64-linux-gnu/libdrm.so.2.4.0
7f41cab93000-7f41cab94000 r--p 0000d000 08:05 1051247                    /usr/lib/x86_64-linux-gnu/libdrm.so.2.4.0
7f41cab94000-7f41cab95000 rw-p 0000e000 08:05 1051247                    /usr/lib/x86_64-linux-gnu/libdrm.so.2.4.0
7f41cab95000-7f41cab9a000 r-xp 00000000 08:05 1058136                    /usr/lib/x86_64-linux-gnu/libXxf86vm.so.1.0.0
7f41cab9a000-7f41cad99000 ---p 00005000 08:05 1058136                    /usr/lib/x86_64-linux-gnu/libXxf86vm.so.1.0.0
7f41cad99000-7f41cad9a000 r--p 00004000 08:05 1058136                    /usr/lib/x86_64-linux-gnu/libXxf86vm.so.1.0.0
7f41cad9a000-7f41cad9b000 rw-p 00005000 08:05 1058136                    /usr/lib/x86_64-linux-gnu/libXxf86vm.so.1.0.0
7f41cad9b000-7f41cad9f000 r-xp 00000000 08:05 1059475                    /usr/lib/x86_64-linux-gnu/libxcb-dri2.so.0.0.0
7f41cad9f000-7f41caf9e000 ---p 00004000 08:05 1059475                    /usr/lib/x86_64-linux-gnu/libxcb-dri2.so.0.0.0
7f41caf9e000-7f41caf9f000 r--p 00003000 08:05 1059475                    /usr/lib/x86_64-linux-gnu/libxcb-dri2.so.0.0.0
7f41caf9f000-7f41cafa0000 rw-p 00004000 08:05 1059475                    /usr/lib/x86_64-linux-gnu/libxcb-dri2.so.0.0.0
7f41cafa0000-7f41cafb7000 r-xp 00000000 08:05 1059479                    /usr/lib/x86_64-linux-gnu/libxcb-glx.so.0.0.0
7f41cafb7000-7f41cb1b6000 ---p 00017000 08:05 1059479                    /usr/lib/x86_64-linux-gnu/libxcb-glx.so.0.0.0
7f41cb1b6000-7f41cb1b8000 r--p 00016000 08:05 1059479                    /usr/lib/x86_64-linux-gnu/libxcb-glx.so.0.0.0
7f41cb1b8000-7f41cb1b9000 rw-p 00018000 08:05 1059479                    /usr/lib/x86_64-linux-gnu/libxcb-glx.so.0.0.0
7f41cb1b9000-7f41cb1ba000 r-xp 00000000 08:05 1058081                    /usr/lib/x86_64-linux-gnu/libX11-xcb.so.1.0.0
7f41cb1ba000-7f41cb3b9000 ---p 00001000 08:05 1058081                    /usr/lib/x86_64-linux-gnu/libX11-xcb.so.1.0.0
7f41cb3b9000-7f41cb3ba000 r--p 00000000 08:05 1058081                    /usr/lib/x86_64-linux-gnu/libX11-xcb.so.1.0.0
7f41cb3ba000-7f41cb3bb000 rw-p 00001000 08:05 1058081                    /usr/lib/x86_64-linux-gnu/libX11-xcb.so.1.0.0
7f41cb3bb000-7f41cb3c0000 r-xp 00000000 08:05 1058102                    /usr/lib/x86_64-linux-gnu/libXfixes.so.3.1.0
7f41cb3c0000-7f41cb5bf000 ---p 00005000 08:05 1058102                    /usr/lib/x86_64-linux-gnu/libXfixes.so.3.1.0
7f41cb5bf000-7f41cb5c0000 r--p 00004000 08:05 1058102                    /usr/lib/x86_64-linux-gnu/libXfixes.so.3.1.0
7f41cb5c0000-7f41cb5c1000 rw-p 00005000 08:05 1058102                    /usr/lib/x86_64-linux-gnu/libXfixes.so.3.1.0
7f41cb5c1000-7f41cb5c3000 r-xp 00000000 08:05 1058096                    /usr/lib/x86_64-linux-gnu/libXdamage.so.1.1.0
7f41cb5c3000-7f41cb7c2000 ---p 00002000 08:05 1058096                    /usr/lib/x86_64-linux-gnu/libXdamage.so.1.1.0
7f41cb7c2000-7f41cb7c3000 r--p 00001000 08:05 1058096                    /usr/lib/x86_64-linux-gnu/libXdamage.so.1.1.0
7f41cb7c3000-7f41cb7c4000 rw-p 00002000 08:05 1058096                    /usr/lib/x86_64-linux-gnu/libXdamage.so.1.1.0
7f41cb7c4000-7f41cb7ed000 r-xp 00000000 08:05 1046778                    /usr/lib/x86_64-linux-gnu/libglapi.so.0.0.0
7f41cb7ed000-7f41cb9ed000 ---p 00029000 08:05 1046778                    /usr/lib/x86_64-linux-gnu/libglapi.so.0.0.0
7f41cb9ed000-7f41cb9f1000 r--p 00029000 08:05 1046778                    /usr/lib/x86_64-linux-gnu/libglapi.so.0.0.0
7f41cb9f1000-7f41cb9f2000 rw-p 0002d000 08:05 1046778                    /usr/lib/x86_64-linux-gnu/libglapi.so.0.0.0
7f41cb9f2000-7f41cb9f3000 rw-p 00000000 00:00 0 
7f41cb9f3000-7f41cb9f4000 r-xp 00000000 08:05 1059525                    /usr/lib/x86_64-linux-gnu/libxshmfence.so.1.0.0
7f41cb9f4000-7f41cbbf4000 ---p 00001000 08:05 1059525                    /usr/lib/x86_64-linux-gnu/libxshmfence.so.1.0.0
7f41cbbf4000-7f41cbbf5000 r--p 00001000 08:05 1059525                    /usr/lib/x86_64-linux-gnu/libxshmfence.so.1.0.0
7f41cbbf5000-7f41cbbf6000 rw-p 00002000 08:05 1059525                    /usr/lib/x86_64-linux-gnu/libxshmfence.so.1.0.0
7f41cbbf6000-7f41cbbfb000 r-xp 00000000 08:05 1059499                    /usr/lib/x86_64-linux-gnu/libxcb-sync.so.1.0.0
7f41cbbfb000-7f41cbdfb000 ---p 00005000 08:05 1059499                    /usr/lib/x86_64-linux-gnu/libxcb-sync.so.1.0.0
7f41cbdfb000-7f41cbdfc000 r--p 00005000 08:05 1059499                    /usr/lib/x86_64-linux-gnu/libxcb-sync.so.1.0.0
7f41cbdfc000-7f41cbdfd000 rw-p 00006000 08:05 1059499                    /usr/lib/x86_64-linux-gnu/libxcb-sync.so.1.0.0
7f41cbdfd000-7f41cbdff000 r-xp 00000000 08:05 1059487                    /usr/lib/x86_64-linux-gnu/libxcb-present.so.0.0.0
7f41cbdff000-7f41cbffe000 ---p 00002000 08:05 1059487                    /usr/lib/x86_64-linux-gnu/libxcb-present.so.0.0.0
7f41cbffe000-7f41cbfff000 r--p 00001000 08:05 1059487                    /usr/lib/x86_64-linux-gnu/libxcb-present.so.0.0.0
7f41cbfff000-7f41cc000000 rw-p 00002000 08:05 1059487                    /usr/lib/x86_64-linux-gnu/libxcb-present.so.0.0.0
7f41cc000000-7f41cc021000 rw-p 00000000 00:00 0 
7f41cc021000-7f41d0000000 ---p 00000000 00:00 0 
7f41d0001000-7f41d0003000 rw-s 161cc2000 00:06 241                       /dev/dri/card0
7f41d0003000-7f41d0007000 rw-s 184e84000 00:06 241                       /dev/dri/card0
7f41d0007000-7f41d0017000 rw-s 187591000 00:06 241                       /dev/dri/card0
7f41d0018000-7f41d001c000 rw-s 18be29000 00:06 241                       /dev/dri/card0
7f41d001c000-7f41d0020000 rw-s 164da4000 00:06 241                       /dev/dri/card0
7f41d0020000-7f41d0024000 rw-s 1664bc000 00:06 241                       /dev/dri/card0
7f41d0024000-7f41d002b000 r--s 00000000 08:05 1473303                    /usr/lib/x86_64-linux-gnu/gconv/gconv-modules.cache
7f41d002b000-7f41d002e000 r--s 0025c000 08:06 1336449                    /home/darek/javaWorkspace/Senlin/data/gData
7f41d002e000-7f41d003e000 rw-s 18ab04000 00:06 241                       /dev/dri/card0
7f41d003e000-7f41d0041000 ---p 00000000 00:00 0 
7f41d0041000-7f41d0077000 rw-p 00000000 00:00 0 
7f41d0077000-7f41d007a000 ---p 00000000 00:00 0 
7f41d007a000-7f41d0178000 rw-p 00000000 00:00 0 
7f41d0178000-7f41d017a000 r-xp 00000000 08:05 1059477                    /usr/lib/x86_64-linux-gnu/libxcb-dri3.so.0.0.0
7f41d017a000-7f41d0379000 ---p 00002000 08:05 1059477                    /usr/lib/x86_64-linux-gnu/libxcb-dri3.so.0.0.0
7f41d0379000-7f41d037a000 r--p 00001000 08:05 1059477                    /usr/lib/x86_64-linux-gnu/libxcb-dri3.so.0.0.0
7f41d037a000-7f41d037b000 rw-p 00002000 08:05 1059477                    /usr/lib/x86_64-linux-gnu/libxcb-dri3.so.0.0.0
7f41d037b000-7f41d03a1000 r-xp 00000000 08:05 277558                     /lib/x86_64-linux-gnu/libexpat.so.1.6.0
7f41d03a1000-7f41d05a1000 ---p 00026000 08:05 277558                     /lib/x86_64-linux-gnu/libexpat.so.1.6.0
7f41d05a1000-7f41d05a3000 r--p 00026000 08:05 277558                     /lib/x86_64-linux-gnu/libexpat.so.1.6.0
7f41d05a3000-7f41d05a4000 rw-p 00028000 08:05 277558                     /lib/x86_64-linux-gnu/libexpat.so.1.6.0
7f41d05a4000-7f41d0614000 r-xp 00000000 08:05 1444084                    /usr/lib/x86_64-linux-gnu/mesa/libGL.so.1.2.0
7f41d0614000-7f41d0813000 ---p 00070000 08:05 1444084                    /usr/lib/x86_64-linux-gnu/mesa/libGL.so.1.2.0
7f41d0813000-7f41d0816000 r--p 0006f000 08:05 1444084                    /usr/lib/x86_64-linux-gnu/mesa/libGL.so.1.2.0
7f41d0816000-7f41d0817000 rw-p 00072000 08:05 1444084                    /usr/lib/x86_64-linux-gnu/mesa/libGL.so.1.2.0
7f41d0817000-7f41d0818000 rw-p 00000000 00:00 0 
7f41d0818000-7f41d081d000 r-xp 00000000 08:05 1058098                    /usr/lib/x86_64-linux-gnu/libXdmcp.so.6.0.0
7f41d081d000-7f41d0a1c000 ---p 00005000 08:05 1058098                    /usr/lib/x86_64-linux-gnu/libXdmcp.so.6.0.0
7f41d0a1c000-7f41d0a1d000 r--p 00004000 08:05 1058098                    /usr/lib/x86_64-linux-gnu/libXdmcp.so.6.0.0
7f41d0a1d000-7f41d0a1e000 rw-p 00005000 08:05 1058098                    /usr/lib/x86_64-linux-gnu/libXdmcp.so.6.0.0
7f41d0a1e000-7f41d0a20000 r-xp 00000000 08:05 1058087                    /usr/lib/x86_64-linux-gnu/libXau.so.6.0.0
7f41d0a20000-7f41d0c20000 ---p 00002000 08:05 1058087                    /usr/lib/x86_64-linux-gnu/libXau.so.6.0.0
7f41d0c20000-7f41d0c21000 r--p 00002000 08:05 1058087                    /usr/lib/x86_64-linux-gnu/libXau.so.6.0.0
7f41d0c21000-7f41d0c22000 rw-p 00003000 08:05 1058087                    /usr/lib/x86_64-linux-gnu/libXau.so.6.0.0
7f41d0c22000-7f41d0c43000 r-xp 00000000 08:05 1059507                    /usr/lib/x86_64-linux-gnu/libxcb.so.1.1.0
7f41d0c43000-7f41d0e42000 ---p 00021000 08:05 1059507                    /usr/lib/x86_64-linux-gnu/libxcb.so.1.1.0
7f41d0e42000-7f41d0e43000 r--p 00020000 08:05 1059507                    /usr/lib/x86_64-linux-gnu/libxcb.so.1.1.0
7f41d0e43000-7f41d0e44000 rw-p 00021000 08:05 1059507                    /usr/lib/x86_64-linux-gnu/libxcb.so.1.1.0
7f41d0e44000-7f41d0e53000 r-xp 00000000 08:05 1058108                    /usr/lib/x86_64-linux-gnu/libXi.so.6.1.0
7f41d0e53000-7f41d1052000 ---p 0000f000 08:05 1058108                    /usr/lib/x86_64-linux-gnu/libXi.so.6.1.0
7f41d1052000-7f41d1053000 r--p 0000e000 08:05 1058108                    /usr/lib/x86_64-linux-gnu/libXi.so.6.1.0
7f41d1053000-7f41d1054000 rw-p 0000f000 08:05 1058108                    /usr/lib/x86_64-linux-gnu/libXi.so.6.1.0
7f41d1054000-7f41d1059000 r-xp 00000000 08:05 1058126                    /usr/lib/x86_64-linux-gnu/libXtst.so.6.1.0
7f41d1059000-7f41d1258000 ---p 00005000 08:05 1058126                    /usr/lib/x86_64-linux-gnu/libXtst.so.6.1.0
7f41d1258000-7f41d1259000 r--p 00004000 08:05 1058126                    /usr/lib/x86_64-linux-gnu/libXtst.so.6.1.0
7f41d1259000-7f41d125a000 rw-p 00005000 08:05 1058126                    /usr/lib/x86_64-linux-gnu/libXtst.so.6.1.0
7f41d125a000-7f41d1263000 r-xp 00000000 08:05 1058120                    /usr/lib/x86_64-linux-gnu/libXrender.so.1.3.0
7f41d1263000-7f41d1462000 ---p 00009000 08:05 1058120                    /usr/lib/x86_64-linux-gnu/libXrender.so.1.3.0
7f41d1462000-7f41d1463000 r--p 00008000 08:05 1058120                    /usr/lib/x86_64-linux-gnu/libXrender.so.1.3.0
7f41d1463000-7f41d1464000 rw-p 00009000 08:05 1058120                    /usr/lib/x86_64-linux-gnu/libXrender.so.1.3.0
7f41d1464000-7f41d1599000 r-xp 00000000 08:05 1058083                    /usr/lib/x86_64-linux-gnu/libX11.so.6.3.0
7f41d1599000-7f41d1799000 ---p 00135000 08:05 1058083                    /usr/lib/x86_64-linux-gnu/libX11.so.6.3.0
7f41d1799000-7f41d179a000 r--p 00135000 08:05 1058083                    /usr/lib/x86_64-linux-gnu/libX11.so.6.3.0
7f41d179a000-7f41d179e000 rw-p 00136000 08:05 1058083                    /usr/lib/x86_64-linux-gnu/libX11.so.6.3.0
7f41d179e000-7f41d17af000 r-xp 00000000 08:05 1058100                    /usr/lib/x86_64-linux-gnu/libXext.so.6.4.0
7f41d17af000-7f41d19ae000 ---p 00011000 08:05 1058100                    /usr/lib/x86_64-linux-gnu/libXext.so.6.4.0
7f41d19ae000-7f41d19af000 r--p 00010000 08:05 1058100                    /usr/lib/x86_64-linux-gnu/libXext.so.6.4.0
7f41d19af000-7f41d19b0000 rw-p 00011000 08:05 1058100                    /usr/lib/x86_64-linux-gnu/libXext.so.6.4.0
7f41d19b0000-7f41d1a04000 r-xp 00000000 08:05 1057094                    /usr/lib/jvm/java-8-openjdk-amd64/jre/lib/amd64/libawt_xawt.so
7f41d1a04000-7f41d1c04000 ---p 00054000 08:05 1057094                    /usr/lib/jvm/java-8-openjdk-amd64/jre/lib/amd64/libawt_xawt.so
7f41d1c04000-7f41d1c05000 r--p 00054000 08:05 1057094                    /usr/lib/jvm/java-8-openjdk-amd64/jre/lib/amd64/libawt_xawt.so
7f41d1c05000-7f41d1c08000 rw-p 00055000 08:05 1057094                    /usr/lib/jvm/java-8-openjdk-amd64/jre/lib/amd64/libawt_xawt.so
7f41d1c08000-7f41d1c09000 rw-p 00000000 00:00 0 
7f41d1c09000-7f41d1ca9000 r-xp 00000000 08:05 1057103                    /usr/lib/jvm/java-8-openjdk-amd64/jre/lib/amd64/libawt.so
7f41d1ca9000-7f41d1ea9000 ---p 000a0000 08:05 1057103                    /usr/lib/jvm/java-8-openjdk-amd64/jre/lib/amd64/libawt.so
7f41d1ea9000-7f41d1eaa000 r--p 000a0000 08:05 1057103                    /usr/lib/jvm/java-8-openjdk-amd64/jre/lib/amd64/libawt.so
7f41d1eaa000-7f41d1eb5000 rw-p 000a1000 08:05 1057103                    /usr/lib/jvm/java-8-openjdk-amd64/jre/lib/amd64/libawt.so
7f41d1eb5000-7f41d1eda000 rw-p 00000000 00:00 0 
7f41d1eda000-7f41d1edb000 ---p 00000000 00:00 0 
7f41d1edb000-7f41d1fdb000 rw-p 00000000 00:00 0 
7f41d1fdb000-7f41d1fde000 ---p 00000000 00:00 0 
7f41d1fde000-7f41d20dc000 rw-p 00000000 00:00 0 
7f41d20dc000-7f41d20df000 ---p 00000000 00:00 0 
7f41d20df000-7f41d21dd000 rw-p 00000000 00:00 0 
7f41d21dd000-7f41d21e0000 ---p 00000000 00:00 0 
7f41d21e0000-7f41d22de000 rw-p 00000000 00:00 0 
7f41d22de000-7f41d22e1000 ---p 00000000 00:00 0 
7f41d22e1000-7f41d23df000 rw-p 00000000 00:00 0 
7f41d23df000-7f41d23e2000 ---p 00000000 00:00 0 
7f41d23e2000-7f41d24e0000 rw-p 00000000 00:00 0 
7f41d24e0000-7f41d28e9000 r--p 00000000 08:05 1052121                    /usr/lib/locale/locale-archive
7f41d28e9000-7f41d28ec000 ---p 00000000 00:00 0 
7f41d28ec000-7f41d29ea000 rw-p 00000000 00:00 0 
7f41d29ea000-7f41d29ed000 ---p 00000000 00:00 0 
7f41d29ed000-7f41d2aeb000 rw-p 00000000 00:00 0 
7f41d2aeb000-7f41d2aec000 ---p 00000000 00:00 0 
7f41d2aec000-7f41d4000000 rw-p 00000000 00:00 0 
7f41d4000000-7f41d4021000 rw-p 00000000 00:00 0 
7f41d4021000-7f41d8000000 ---p 00000000 00:00 0 
7f41d8001000-7f41d8011000 rw-s 187581000 00:06 241                       /dev/dri/card0
7f41d8011000-7f41d8021000 rw-s 163549000 00:06 241                       /dev/dri/card0
7f41d8021000-7f41d8031000 rw-s 163529000 00:06 241                       /dev/dri/card0
7f41d8031000-7f41d804f000 r-xp 00000000 08:05 261705                     /lib/x86_64-linux-gnu/libudev.so.1.6.4
7f41d804f000-7f41d8050000 r--p 0001d000 08:05 261705                     /lib/x86_64-linux-gnu/libudev.so.1.6.4
7f41d8050000-7f41d8051000 rw-p 0001e000 08:05 261705                     /lib/x86_64-linux-gnu/libudev.so.1.6.4
7f41d8052000-7f41d8053000 r--s 00d27000 08:06 1336652                    /home/darek/javaWorkspace/Senlin/data/aData
7f41d8053000-7f41d8058000 r--s 0009a000 08:05 1057140                    /usr/lib/jvm/java-8-openjdk-amd64/jre/lib/jsse.jar
7f41d8058000-7f41d805a000 r--s 0000d000 08:06 665852                     /home/darek/javaWorkspace/Senlin/lib/jorbis-0.0.15.jar
7f41d805a000-7f41d806d000 r--s 00346000 08:05 1057139                    /usr/lib/jvm/java-8-openjdk-amd64/jre/lib/resources.jar
7f41d806d000-7f41d807d000 rw-s 163519000 00:06 241                       /dev/dri/card0
7f41d807d000-7f41d8088000 r--s 00099000 08:06 665844                     /home/darek/javaWorkspace/Senlin/lib/slick.jar
7f41d8088000-7f41d808c000 r--s 00027000 08:06 665851                     /home/darek/javaWorkspace/Senlin/lib/lwjgl_util.jar
7f41d808c000-7f41d809a000 r--s 000f2000 08:06 665842                     /home/darek/javaWorkspace/Senlin/lib/lwjgl.jar
7f41d809a000-7f41d809f000 r--s 00030000 08:06 665846                     /home/darek/javaWorkspace/Senlin/lib/jinput.jar
7f41d809f000-7f41dc000000 rw-p 00000000 00:00 0 
7f41dc000000-7f41dc021000 rw-p 00000000 00:00 0 
7f41dc021000-7f41e0000000 ---p 00000000 00:00 0 
7f41e0000000-7f41e0001000 rwxp 00000000 00:00 0 
7f41e0001000-7f41e0002000 r--s 00001000 08:06 665849                     /home/darek/javaWorkspace/Senlin/lib/jogg-0.0.7.jar
7f41e0002000-7f41e0003000 r--s 0000a000 08:05 1047751                    /usr/lib/jvm/java-8-openjdk-amd64/jre/lib/ext/jaccess.jar
7f41e0003000-7f41e0005000 r--s 00001000 08:05 1047364                    /usr/lib/jvm/java-8-openjdk-amd64/jre/lib/ext/dnsns.jar
7f41e0005000-7f41e0020000 r--s 001d6000 08:05 1055948                    /usr/lib/jvm/java-8-openjdk-amd64/jre/lib/ext/nashorn.jar
7f41e0020000-7f41e0022000 r--s 00008000 08:05 1052228                    /usr/lib/jvm/java-8-openjdk-amd64/jre/lib/ext/sunec.jar
7f41e0022000-7f41e002c000 r--s 00116000 08:05 1055945                    /usr/lib/jvm/java-8-openjdk-amd64/jre/lib/ext/localedata.jar
7f41e002c000-7f41e0030000 r--s 00037000 08:05 1048269                    /usr/lib/jvm/java-8-openjdk-amd64/jre/lib/ext/sunpkcs11.jar
7f41e0030000-7f41e0035000 r--s 0003b000 08:05 1052230                    /usr/lib/jvm/java-8-openjdk-amd64/jre/lib/ext/sunjce_provider.jar
7f41e0035000-7f41e0050000 r--s 00394000 08:05 1054285                    /usr/lib/jvm/java-8-openjdk-amd64/jre/lib/ext/cldrdata.jar
7f41e0050000-7f41e00d4000 rw-p 00000000 00:00 0 
7f41e00d4000-7f41e02a3000 r--s 03c07000 08:05 1057123                    /usr/lib/jvm/java-8-openjdk-amd64/jre/lib/rt.jar
7f41e02a3000-7f41e0eff000 rw-p 00000000 00:00 0 
7f41e0eff000-7f41e0f00000 ---p 00000000 00:00 0 
7f41e0f00000-7f41e1000000 rw-p 00000000 00:00 0 
7f41e1000000-7f41e17a0000 rwxp 00000000 00:00 0 
7f41e17a0000-7f41f0000000 ---p 00000000 00:00 0 
7f41f0000000-7f41f3aa8000 rw-p 00000000 00:00 0 
7f41f3aa8000-7f41f4000000 ---p 00000000 00:00 0 
7f41f4000000-7f41f4003000 r--s 0000f000 08:05 1052322                    /usr/lib/jvm/java-8-openjdk-amd64/jre/lib/ext/icedtea-sound.jar
7f41f4003000-7f41f4071000 rw-p 00000000 00:00 0 
7f41f4071000-7f41f4072000 ---p 00000000 00:00 0 
7f41f4072000-7f41f4172000 rw-p 00000000 00:00 0 
7f41f4172000-7f41f4173000 ---p 00000000 00:00 0 
7f41f4173000-7f41f4273000 rw-p 00000000 00:00 0 
7f41f4273000-7f41f4274000 ---p 00000000 00:00 0 
7f41f4274000-7f41f4374000 rw-p 00000000 00:00 0 
7f41f4374000-7f41f4375000 ---p 00000000 00:00 0 
7f41f4375000-7f41f4475000 rw-p 00000000 00:00 0 
7f41f4475000-7f41f4476000 ---p 00000000 00:00 0 
7f41f4476000-7f41f458e000 rw-p 00000000 00:00 0 
7f41f458e000-7f41f4810000 ---p 00000000 00:00 0 
7f41f4810000-7f41f4828000 rw-p 00000000 00:00 0 
7f41f4828000-7f41f4aa9000 ---p 00000000 00:00 0 
7f41f4aa9000-7f41f4bb4000 rw-p 00000000 00:00 0 
7f41f4bb4000-7f41f4bf6000 ---p 00000000 00:00 0 
7f41f4bf6000-7f41f4c16000 rw-p 00000000 00:00 0 
7f41f4c16000-7f41f4fb7000 ---p 00000000 00:00 0 
7f41f4fb7000-7f41f4fbf000 r-xp 00000000 08:05 1057101                    /usr/lib/jvm/java-8-openjdk-amd64/jre/lib/amd64/libzip.so
7f41f4fbf000-7f41f51be000 ---p 00008000 08:05 1057101                    /usr/lib/jvm/java-8-openjdk-amd64/jre/lib/amd64/libzip.so
7f41f51be000-7f41f51bf000 r--p 00007000 08:05 1057101                    /usr/lib/jvm/java-8-openjdk-amd64/jre/lib/amd64/libzip.so
7f41f51bf000-7f41f51c0000 rw-p 00008000 08:05 1057101                    /usr/lib/jvm/java-8-openjdk-amd64/jre/lib/amd64/libzip.so
7f41f51c0000-7f41f51cb000 r-xp 00000000 08:05 262957                     /lib/x86_64-linux-gnu/libnss_files-2.23.so
7f41f51cb000-7f41f53ca000 ---p 0000b000 08:05 262957                     /lib/x86_64-linux-gnu/libnss_files-2.23.so
7f41f53ca000-7f41f53cb000 r--p 0000a000 08:05 262957                     /lib/x86_64-linux-gnu/libnss_files-2.23.so
7f41f53cb000-7f41f53cc000 rw-p 0000b000 08:05 262957                     /lib/x86_64-linux-gnu/libnss_files-2.23.so
7f41f53cc000-7f41f53d2000 rw-p 00000000 00:00 0 
7f41f53d2000-7f41f53dd000 r-xp 00000000 08:05 262970                     /lib/x86_64-linux-gnu/libnss_nis-2.23.so
7f41f53dd000-7f41f55dc000 ---p 0000b000 08:05 262970                     /lib/x86_64-linux-gnu/libnss_nis-2.23.so
7f41f55dc000-7f41f55dd000 r--p 0000a000 08:05 262970                     /lib/x86_64-linux-gnu/libnss_nis-2.23.so
7f41f55dd000-7f41f55de000 rw-p 0000b000 08:05 262970                     /lib/x86_64-linux-gnu/libnss_nis-2.23.so
7f41f55de000-7f41f55f4000 r-xp 00000000 08:05 262939                     /lib/x86_64-linux-gnu/libnsl-2.23.so
7f41f55f4000-7f41f57f3000 ---p 00016000 08:05 262939                     /lib/x86_64-linux-gnu/libnsl-2.23.so
7f41f57f3000-7f41f57f4000 r--p 00015000 08:05 262939                     /lib/x86_64-linux-gnu/libnsl-2.23.so
7f41f57f4000-7f41f57f5000 rw-p 00016000 08:05 262939                     /lib/x86_64-linux-gnu/libnsl-2.23.so
7f41f57f5000-7f41f57f7000 rw-p 00000000 00:00 0 
7f41f57f7000-7f41f57ff000 r-xp 00000000 08:05 263007                     /lib/x86_64-linux-gnu/libnss_compat-2.23.so
7f41f57ff000-7f41f59fe000 ---p 00008000 08:05 263007                     /lib/x86_64-linux-gnu/libnss_compat-2.23.so
7f41f59fe000-7f41f59ff000 r--p 00007000 08:05 263007                     /lib/x86_64-linux-gnu/libnss_compat-2.23.so
7f41f59ff000-7f41f5a00000 rw-p 00008000 08:05 263007                     /lib/x86_64-linux-gnu/libnss_compat-2.23.so
7f41f5a00000-7f41f5a2d000 r-xp 00000000 08:05 1057096                    /usr/lib/jvm/java-8-openjdk-amd64/jre/lib/amd64/libjava.so
7f41f5a2d000-7f41f5c2c000 ---p 0002d000 08:05 1057096                    /usr/lib/jvm/java-8-openjdk-amd64/jre/lib/amd64/libjava.so
7f41f5c2c000-7f41f5c2d000 r--p 0002c000 08:05 1057096                    /usr/lib/jvm/java-8-openjdk-amd64/jre/lib/amd64/libjava.so
7f41f5c2d000-7f41f5c2f000 rw-p 0002d000 08:05 1057096                    /usr/lib/jvm/java-8-openjdk-amd64/jre/lib/amd64/libjava.so
7f41f5c2f000-7f41f5c3e000 r-xp 00000000 08:05 1057093                    /usr/lib/jvm/java-8-openjdk-amd64/jre/lib/amd64/libverify.so
7f41f5c3e000-7f41f5e3d000 ---p 0000f000 08:05 1057093                    /usr/lib/jvm/java-8-openjdk-amd64/jre/lib/amd64/libverify.so
7f41f5e3d000-7f41f5e3f000 r--p 0000e000 08:05 1057093                    /usr/lib/jvm/java-8-openjdk-amd64/jre/lib/amd64/libverify.so
7f41f5e3f000-7f41f5e40000 rw-p 00010000 08:05 1057093                    /usr/lib/jvm/java-8-openjdk-amd64/jre/lib/amd64/libverify.so
7f41f5e40000-7f41f5e47000 r-xp 00000000 08:05 262997                     /lib/x86_64-linux-gnu/librt-2.23.so
7f41f5e47000-7f41f6046000 ---p 00007000 08:05 262997                     /lib/x86_64-linux-gnu/librt-2.23.so
7f41f6046000-7f41f6047000 r--p 00006000 08:05 262997                     /lib/x86_64-linux-gnu/librt-2.23.so
7f41f6047000-7f41f6048000 rw-p 00007000 08:05 262997                     /lib/x86_64-linux-gnu/librt-2.23.so
7f41f6048000-7f41f605e000 r-xp 00000000 08:05 269154                     /lib/x86_64-linux-gnu/libgcc_s.so.1
7f41f605e000-7f41f625d000 ---p 00016000 08:05 269154                     /lib/x86_64-linux-gnu/libgcc_s.so.1
7f41f625d000-7f41f625e000 r--p 00015000 08:05 269154                     /lib/x86_64-linux-gnu/libgcc_s.so.1
7f41f625e000-7f41f625f000 rw-p 00016000 08:05 269154                     /lib/x86_64-linux-gnu/libgcc_s.so.1
7f41f625f000-7f41f6367000 r-xp 00000000 08:05 263029                     /lib/x86_64-linux-gnu/libm-2.23.so
7f41f6367000-7f41f6566000 ---p 00108000 08:05 263029                     /lib/x86_64-linux-gnu/libm-2.23.so
7f41f6566000-7f41f6567000 r--p 00107000 08:05 263029                     /lib/x86_64-linux-gnu/libm-2.23.so
7f41f6567000-7f41f6568000 rw-p 00108000 08:05 263029                     /lib/x86_64-linux-gnu/libm-2.23.so
7f41f6568000-7f41f66e2000 r-xp 00000000 08:05 1057830                    /usr/lib/x86_64-linux-gnu/libstdc++.so.6.0.23
7f41f66e2000-7f41f68e2000 ---p 0017a000 08:05 1057830                    /usr/lib/x86_64-linux-gnu/libstdc++.so.6.0.23
7f41f68e2000-7f41f68ec000 r--p 0017a000 08:05 1057830                    /usr/lib/x86_64-linux-gnu/libstdc++.so.6.0.23
7f41f68ec000-7f41f68ee000 rw-p 00184000 08:05 1057830                    /usr/lib/x86_64-linux-gnu/libstdc++.so.6.0.23
7f41f68ee000-7f41f68f2000 rw-p 00000000 00:00 0 
7f41f68f2000-7f41f7543000 r-xp 00000000 08:05 1057092                    /usr/lib/jvm/java-8-openjdk-amd64/jre/lib/amd64/server/libjvm.so
7f41f7543000-7f41f7743000 ---p 00c51000 08:05 1057092                    /usr/lib/jvm/java-8-openjdk-amd64/jre/lib/amd64/server/libjvm.so
7f41f7743000-7f41f77d6000 r--p 00c51000 08:05 1057092                    /usr/lib/jvm/java-8-openjdk-amd64/jre/lib/amd64/server/libjvm.so
7f41f77d6000-7f41f77ff000 rw-p 00ce4000 08:05 1057092                    /usr/lib/jvm/java-8-openjdk-amd64/jre/lib/amd64/server/libjvm.so
7f41f77ff000-7f41f782f000 rw-p 00000000 00:00 0 
7f41f782f000-7f41f7847000 r-xp 00000000 08:05 262965                     /lib/x86_64-linux-gnu/libpthread-2.23.so
7f41f7847000-7f41f7a46000 ---p 00018000 08:05 262965                     /lib/x86_64-linux-gnu/libpthread-2.23.so
7f41f7a46000-7f41f7a47000 r--p 00017000 08:05 262965                     /lib/x86_64-linux-gnu/libpthread-2.23.so
7f41f7a47000-7f41f7a48000 rw-p 00018000 08:05 262965                     /lib/x86_64-linux-gnu/libpthread-2.23.so
7f41f7a48000-7f41f7a4c000 rw-p 00000000 00:00 0 
7f41f7a4c000-7f41f7a4f000 r-xp 00000000 08:05 263005                     /lib/x86_64-linux-gnu/libdl-2.23.so
7f41f7a4f000-7f41f7c4e000 ---p 00003000 08:05 263005                     /lib/x86_64-linux-gnu/libdl-2.23.so
7f41f7c4e000-7f41f7c4f000 r--p 00002000 08:05 263005                     /lib/x86_64-linux-gnu/libdl-2.23.so
7f41f7c4f000-7f41f7c50000 rw-p 00003000 08:05 263005                     /lib/x86_64-linux-gnu/libdl-2.23.so
7f41f7c50000-7f41f7c69000 r-xp 00000000 08:05 263043                     /lib/x86_64-linux-gnu/libz.so.1.2.8
7f41f7c69000-7f41f7e68000 ---p 00019000 08:05 263043                     /lib/x86_64-linux-gnu/libz.so.1.2.8
7f41f7e68000-7f41f7e69000 r--p 00018000 08:05 263043                     /lib/x86_64-linux-gnu/libz.so.1.2.8
7f41f7e69000-7f41f7e6a000 rw-p 00019000 08:05 263043                     /lib/x86_64-linux-gnu/libz.so.1.2.8
7f41f7e6a000-7f41f802a000 r-xp 00000000 08:05 267006                     /lib/x86_64-linux-gnu/libc-2.23.so
7f41f802a000-7f41f822a000 ---p 001c0000 08:05 267006                     /lib/x86_64-linux-gnu/libc-2.23.so
7f41f822a000-7f41f822e000 r--p 001c0000 08:05 267006                     /lib/x86_64-linux-gnu/libc-2.23.so
7f41f822e000-7f41f8230000 rw-p 001c4000 08:05 267006                     /lib/x86_64-linux-gnu/libc-2.23.so
7f41f8230000-7f41f8234000 rw-p 00000000 00:00 0 
7f41f8234000-7f41f8241000 r-xp 00000000 08:05 1057108                    /usr/lib/jvm/java-8-openjdk-amd64/jre/lib/amd64/jli/libjli.so
7f41f8241000-7f41f8441000 ---p 0000d000 08:05 1057108                    /usr/lib/jvm/java-8-openjdk-amd64/jre/lib/amd64/jli/libjli.so
7f41f8441000-7f41f8442000 r--p 0000d000 08:05 1057108                    /usr/lib/jvm/java-8-openjdk-amd64/jre/lib/amd64/jli/libjli.so
7f41f8442000-7f41f8443000 rw-p 0000e000 08:05 1057108                    /usr/lib/jvm/java-8-openjdk-amd64/jre/lib/amd64/jli/libjli.so
7f41f8443000-7f41f8469000 r-xp 00000000 08:05 262940                     /lib/x86_64-linux-gnu/ld-2.23.so
7f41f8469000-7f41f8534000 rw-p 00000000 00:00 0 
7f41f8534000-7f41f8537000 ---p 00000000 00:00 0 
7f41f8537000-7f41f863a000 rw-p 00000000 00:00 0 
7f41f863a000-7f41f863b000 r--s 00010000 08:05 1049622                    /usr/lib/jvm/java-8-openjdk-amd64/jre/lib/ext/zipfs.jar
7f41f863b000-7f41f865c000 rw-p 00000000 00:00 0 
7f41f865c000-7f41f8664000 rw-s 00000000 08:05 395796                     /tmp/hsperfdata_darek/17481
7f41f8664000-7f41f8665000 rw-p 00000000 00:00 0 
7f41f8665000-7f41f8666000 ---p 00000000 00:00 0 
7f41f8666000-7f41f8668000 rw-p 00000000 00:00 0 
7f41f8668000-7f41f8669000 r--p 00025000 08:05 262940                     /lib/x86_64-linux-gnu/ld-2.23.so
7f41f8669000-7f41f866a000 rw-p 00026000 08:05 262940                     /lib/x86_64-linux-gnu/ld-2.23.so
7f41f866a000-7f41f866b000 rw-p 00000000 00:00 0 
7ffe592da000-7ffe592fb000 rw-p 00000000 00:00 0                          [stack]
7ffe593a7000-7ffe593a9000 r--p 00000000 00:00 0                          [vvar]
7ffe593a9000-7ffe593ab000 r-xp 00000000 00:00 0                          [vdso]
ffffffffff600000-ffffffffff601000 r-xp 00000000 00:00 0                  [vsyscall]

VM Arguments:
jvm_args: -Dsun.java2d.opengl=true -Djava.library.path=/home/darek/javaWorkspace/Senlin/natives -Dfile.encoding=UTF-8 
java_command: pl.isangeles.senlin.SenlinGame
java_class_path (initial): /home/darek/javaWorkspace/Senlin/bin:/home/darek/javaWorkspace/Senlin/lib/jinput.jar:/home/darek/javaWorkspace/Senlin/lib/lwjgl.jar:/home/darek/javaWorkspace/Senlin/lib/lwjgl_util.jar:/home/darek/javaWorkspace/Senlin/lib/slick.jar:/home/darek/javaWorkspace/Senlin/lib/jogg-0.0.7.jar:/home/darek/javaWorkspace/Senlin/lib/jorbis-0.0.15.jar
Launcher Type: SUN_STANDARD

Environment Variables:
PATH=/home/darek/bin:/usr/local/sbin:/usr/local/bin:/usr/sbin:/usr/bin:/sbin:/bin:/usr/games:/usr/local/games
USERNAME=darek
SHELL=/bin/bash
DISPLAY=:0

Signal Handlers:
SIGSEGV: [libjvm.so+0xa67f40], sa_mask[0]=11111111011111111101111111111110, sa_flags=SA_RESTART|SA_SIGINFO
SIGBUS: [libjvm.so+0xa67f40], sa_mask[0]=11111111011111111101111111111110, sa_flags=SA_RESTART|SA_SIGINFO
SIGFPE: [libjvm.so+0x8b0ec0], sa_mask[0]=11111111011111111101111111111110, sa_flags=SA_RESTART|SA_SIGINFO
SIGPIPE: [libjvm.so+0x8b0ec0], sa_mask[0]=11111111011111111101111111111110, sa_flags=SA_RESTART|SA_SIGINFO
SIGXFSZ: [libjvm.so+0x8b0ec0], sa_mask[0]=11111111011111111101111111111110, sa_flags=SA_RESTART|SA_SIGINFO
SIGILL: [libjvm.so+0x8b0ec0], sa_mask[0]=11111111011111111101111111111110, sa_flags=SA_RESTART|SA_SIGINFO
SIGUSR1: SIG_DFL, sa_mask[0]=00000000000000000000000000000000, sa_flags=none
SIGUSR2: [libjvm.so+0x8b0d70], sa_mask[0]=00100000000000000000000000000000, sa_flags=SA_RESTART|SA_SIGINFO
SIGHUP: [libjvm.so+0x8b1240], sa_mask[0]=11111111011111111101111111111110, sa_flags=SA_RESTART|SA_SIGINFO
SIGINT: [libjvm.so+0x8b1240], sa_mask[0]=11111111011111111101111111111110, sa_flags=SA_RESTART|SA_SIGINFO
SIGTERM: [libjvm.so+0x8b1240], sa_mask[0]=11111111011111111101111111111110, sa_flags=SA_RESTART|SA_SIGINFO
SIGQUIT: [libjvm.so+0x8b1240], sa_mask[0]=11111111011111111101111111111110, sa_flags=SA_RESTART|SA_SIGINFO


---------------  S Y S T E M  ---------------

OS:DISTRIB_ID=LinuxMint
DISTRIB_RELEASE=18.1
DISTRIB_CODENAME=serena
DISTRIB_DESCRIPTION="Linux Mint 18.1 Serena"

uname:Linux 4.4.0-21-generic #37-Ubuntu SMP Mon Apr 18 18:33:37 UTC 2016 x86_64
libc:glibc 2.23 NPTL 2.23 
rlimit: STACK 8192k, CORE 0k, NPROC 31506, NOFILE 65536, AS infinity
load average:0,51 0,36 0,34

/proc/meminfo:
MemTotal:        8173984 kB
MemFree:           51764 kB
MemAvailable:     116776 kB
Buffers:             600 kB
Cached:           134732 kB
SwapCached:        34952 kB
Active:          6562860 kB
Inactive:        1241424 kB
Active(anon):    6535484 kB
Inactive(anon):  1213580 kB
Active(file):      27376 kB
Inactive(file):    27844 kB
Unevictable:         104 kB
Mlocked:             104 kB
SwapTotal:       7811068 kB
SwapFree:              0 kB
Dirty:                16 kB
Writeback:             0 kB
AnonPages:       7635568 kB
Mapped:           133276 kB
Shmem:             80072 kB
Slab:             100672 kB
SReclaimable:      52368 kB
SUnreclaim:        48304 kB
KernelStack:       13120 kB
PageTables:        79464 kB
NFS_Unstable:          0 kB
Bounce:                0 kB
WritebackTmp:          0 kB
CommitLimit:    11898060 kB
Committed_AS:   20853072 kB
VmallocTotal:   34359738367 kB
VmallocUsed:           0 kB
VmallocChunk:          0 kB
HardwareCorrupted:     0 kB
AnonHugePages:   2404352 kB
CmaTotal:              0 kB
CmaFree:               0 kB
HugePages_Total:       0
HugePages_Free:        0
HugePages_Rsvd:        0
HugePages_Surp:        0
Hugepagesize:       2048 kB
DirectMap4k:     1241664 kB
DirectMap2M:     7145472 kB
DirectMap1G:           0 kB


CPU:total 6 (initial active 6) (6 cores per cpu, 1 threads per core) family 16 model 10 stepping 0, cmov, cx8, fxsr, mmx, sse, sse2, sse3, popcnt, mmxext, 3dnowpref, lzcnt, sse4a, tsc, tscinvbit, tscinv

/proc/cpuinfo:
processor	: 0
vendor_id	: AuthenticAMD
cpu family	: 16
model		: 10
model name	: AMD Phenom(tm) II X6 1075T Processor
stepping	: 0
microcode	: 0x10000dc
cpu MHz		: 3000.000
cache size	: 512 KB
physical id	: 0
siblings	: 6
core id		: 0
cpu cores	: 6
apicid		: 0
initial apicid	: 0
fpu		: yes
fpu_exception	: yes
cpuid level	: 6
wp		: yes
flags		: fpu vme de pse tsc msr pae mce cx8 apic sep mtrr pge mca cmov pat pse36 clflush mmx fxsr sse sse2 ht syscall nx mmxext fxsr_opt pdpe1gb rdtscp lm 3dnowext 3dnow constant_tsc rep_good nopl nonstop_tsc extd_apicid aperfmperf pni monitor cx16 popcnt lahf_lm cmp_legacy svm extapic cr8_legacy abm sse4a misalignsse 3dnowprefetch osvw ibs skinit wdt cpb hw_pstate vmmcall npt lbrv svm_lock nrip_save pausefilter
bugs		: tlb_mmatch fxsave_leak sysret_ss_attrs
bogomips	: 6026.93
TLB size	: 1024 4K pages
clflush size	: 64
cache_alignment	: 64
address sizes	: 48 bits physical, 48 bits virtual
power management: ts ttp tm stc 100mhzsteps hwpstate cpb

processor	: 1
vendor_id	: AuthenticAMD
cpu family	: 16
model		: 10
model name	: AMD Phenom(tm) II X6 1075T Processor
stepping	: 0
microcode	: 0x10000dc
cpu MHz		: 3000.000
cache size	: 512 KB
physical id	: 0
siblings	: 6
core id		: 1
cpu cores	: 6
apicid		: 1
initial apicid	: 1
fpu		: yes
fpu_exception	: yes
cpuid level	: 6
wp		: yes
flags		: fpu vme de pse tsc msr pae mce cx8 apic sep mtrr pge mca cmov pat pse36 clflush mmx fxsr sse sse2 ht syscall nx mmxext fxsr_opt pdpe1gb rdtscp lm 3dnowext 3dnow constant_tsc rep_good nopl nonstop_tsc extd_apicid aperfmperf pni monitor cx16 popcnt lahf_lm cmp_legacy svm extapic cr8_legacy abm sse4a misalignsse 3dnowprefetch osvw ibs skinit wdt cpb hw_pstate vmmcall npt lbrv svm_lock nrip_save pausefilter
bugs		: tlb_mmatch fxsave_leak sysret_ss_attrs
bogomips	: 6026.93
TLB size	: 1024 4K pages
clflush size	: 64
cache_alignment	: 64
address sizes	: 48 bits physical, 48 bits virtual
power management: ts ttp tm stc 100mhzsteps hwpstate cpb

processor	: 2
vendor_id	: AuthenticAMD
cpu family	: 16
model		: 10
model name	: AMD Phenom(tm) II X6 1075T Processor
stepping	: 0
microcode	: 0x10000dc
cpu MHz		: 1600.000
cache size	: 512 KB
physical id	: 0
siblings	: 6
core id		: 2
cpu cores	: 6
apicid		: 2
initial apicid	: 2
fpu		: yes
fpu_exception	: yes
cpuid level	: 6
wp		: yes
flags		: fpu vme de pse tsc msr pae mce cx8 apic sep mtrr pge mca cmov pat pse36 clflush mmx fxsr sse sse2 ht syscall nx mmxext fxsr_opt pdpe1gb rdtscp lm 3dnowext 3dnow constant_tsc rep_good nopl nonstop_tsc extd_apicid aperfmperf pni monitor cx16 popcnt lahf_lm cmp_legacy svm extapic cr8_legacy abm sse4a misalignsse 3dnowprefetch osvw ibs skinit wdt cpb hw_pstate vmmcall npt lbrv svm_lock nrip_save pausefilter
bugs		: tlb_mmatch fxsave_leak sysret_ss_attrs
bogomips	: 6026.93
TLB size	: 1024 4K pages
clflush size	: 64
cache_alignment	: 64
address sizes	: 48 bits physical, 48 bits virtual
power management: ts ttp tm stc 100mhzsteps hwpstate cpb

processor	: 3
vendor_id	: AuthenticAMD
cpu family	: 16
model		: 10
model name	: AMD Phenom(tm) II X6 1075T Processor
stepping	: 0
microcode	: 0x10000dc
cpu MHz		: 3000.000
cache size	: 512 KB
physical id	: 0
siblings	: 6
core id		: 3
cpu cores	: 6
apicid		: 3
initial apicid	: 3
fpu		: yes
fpu_exception	: yes
cpuid level	: 6
wp		: yes
flags		: fpu vme de pse tsc msr pae mce cx8 apic sep mtrr pge mca cmov pat pse36 clflush mmx fxsr sse sse2 ht syscall nx mmxext fxsr_opt pdpe1gb rdtscp lm 3dnowext 3dnow constant_tsc rep_good nopl nonstop_tsc extd_apicid aperfmperf pni monitor cx16 popcnt lahf_lm cmp_legacy svm extapic cr8_legacy abm sse4a misalignsse 3dnowprefetch osvw ibs skinit wdt cpb hw_pstate vmmcall npt lbrv svm_lock nrip_save pausefilter
bugs		: tlb_mmatch fxsave_leak sysret_ss_attrs
bogomips	: 6026.93
TLB size	: 1024 4K pages
clflush size	: 64
cache_alignment	: 64
address sizes	: 48 bits physical, 48 bits virtual
power management: ts ttp tm stc 100mhzsteps hwpstate cpb

processor	: 4
vendor_id	: AuthenticAMD
cpu family	: 16
model		: 10
model name	: AMD Phenom(tm) II X6 1075T Processor
stepping	: 0
microcode	: 0x10000dc
cpu MHz		: 3000.000
cache size	: 512 KB
physical id	: 0
siblings	: 6
core id		: 4
cpu cores	: 6
apicid		: 4
initial apicid	: 4
fpu		: yes
fpu_exception	: yes
cpuid level	: 6
wp		: yes
flags		: fpu vme de pse tsc msr pae mce cx8 apic sep mtrr pge mca cmov pat pse36 clflush mmx fxsr sse sse2 ht syscall nx mmxext fxsr_opt pdpe1gb rdtscp lm 3dnowext 3dnow constant_tsc rep_good nopl nonstop_tsc extd_apicid aperfmperf pni monitor cx16 popcnt lahf_lm cmp_legacy svm extapic cr8_legacy abm sse4a misalignsse 3dnowprefetch osvw ibs skinit wdt cpb hw_pstate vmmcall npt lbrv svm_lock nrip_save pausefilter
bugs		: tlb_mmatch fxsave_leak sysret_ss_attrs
bogomips	: 6026.93
TLB size	: 1024 4K pages
clflush size	: 64
cache_alignment	: 64
address sizes	: 48 bits physical, 48 bits virtual
power management: ts ttp tm stc 100mhzsteps hwpstate cpb

processor	: 5
vendor_id	: AuthenticAMD
cpu family	: 16
model		: 10
model name	: AMD Phenom(tm) II X6 1075T Processor
stepping	: 0
microcode	: 0x10000dc
cpu MHz		: 2300.000
cache size	: 512 KB
physical id	: 0
siblings	: 6
core id		: 5
cpu cores	: 6
apicid		: 5
initial apicid	: 5
fpu		: yes
fpu_exception	: yes
cpuid level	: 6
wp		: yes
flags		: fpu vme de pse tsc msr pae mce cx8 apic sep mtrr pge mca cmov pat pse36 clflush mmx fxsr sse sse2 ht syscall nx mmxext fxsr_opt pdpe1gb rdtscp lm 3dnowext 3dnow constant_tsc rep_good nopl nonstop_tsc extd_apicid aperfmperf pni monitor cx16 popcnt lahf_lm cmp_legacy svm extapic cr8_legacy abm sse4a misalignsse 3dnowprefetch osvw ibs skinit wdt cpb hw_pstate vmmcall npt lbrv svm_lock nrip_save pausefilter
bugs		: tlb_mmatch fxsave_leak sysret_ss_attrs
bogomips	: 6026.93
TLB size	: 1024 4K pages
clflush size	: 64
cache_alignment	: 64
address sizes	: 48 bits physical, 48 bits virtual
power management: ts ttp tm stc 100mhzsteps hwpstate cpb



Memory: 4k page, physical 8173984k(51936k free), swap 7811068k(0k free)

vm_info: OpenJDK 64-Bit Server VM (25.131-b11) for linux-amd64 JRE (1.8.0_131-8u131-b11-0ubuntu1.16.04.2-b11), built on May  6 2017 02:45:27 by "buildd" with gcc 5.4.0 20160609

time: Fri Jun 30 23:44:08 2017
elapsed time: 23 seconds (0d 0h 0m 23s)

